#
# There is insufficient memory for the Java Runtime Environment to continue.
# Native memory allocation (malloc) failed to allocate 131088 bytes for Chunk::new
# Possible reasons:
#   The system is out of physical RAM or swap space
#   The process is running with CompressedOops enabled, and the Java Heap may be blocking the growth of the native heap
# Possible solutions:
#   Reduce memory load on the system
#   Increase physical memory or swap space
#   Check if swap backing store is full
#   Decrease Java heap size (-Xmx/-Xms)
#   Decrease number of Java threads
#   Decrease Java thread stack sizes (-Xss)
#   Set larger code cache with -XX:ReservedCodeCacheSize=
#   JVM is running with Unscaled Compressed Oops mode in which the Java heap is
#     placed in the first 4GB address space. The Java Heap base address is the
#     maximum limit for the native heap growth. Please use -XX:HeapBaseMinAddress
#     to set the Java Heap base and to place the Java Heap above 4GB virtual address.
# This output file may be truncated or incomplete.
#
#  Out of Memory Error (allocation.cpp:389), pid=1892, tid=0x0000000000002f00
#
# JRE version: Java(TM) SE Runtime Environment (8.0_231-b11) (build 1.8.0_231-b11)
# Java VM: Java HotSpot(TM) 64-Bit Server VM (25.231-b11 mixed mode windows-amd64 compressed oops)
# Failed to write core dump. Minidumps are not enabled by default on client versions of Windows
#

---------------  T H R E A D  ---------------

Current thread (0x000000001491a000):  JavaThread "C2 CompilerThread0" daemon [_thread_in_native, id=12032, stack(0x00000000162b0000,0x00000000163b0000)]

Stack: [0x00000000162b0000,0x00000000163b0000]
[error occurred during error reporting (printing stack bounds), id 0xc0000005]

Native frames: (J=compiled Java code, j=interpreted, Vv=VM code, C=native code)


Current CompileTask:
C2:  83055 4601   !   4       io.spring.gradle.dependencymanagement.org.apache.maven.model.interpolation.StringSearchModelInterpolator$InterpolateObjectAction::traverseObjectWithParents (118 bytes)


---------------  P R O C E S S  ---------------

Java Threads: ( => current thread )
  0x0000000018a32800 JavaThread "Cache worker for execution history cache (D:\injImportFolder\thehouse\.gradle\6.3\executionHistory)" [_thread_blocked, id=10500, stack(0x000000001fa90000,0x000000001fb90000)]
  0x0000000018a29800 JavaThread "Execution worker for ':' Thread 3" [_thread_blocked, id=8156, stack(0x000000001f990000,0x000000001fa90000)]
  0x0000000018a30000 JavaThread "Execution worker for ':' Thread 2" [_thread_blocked, id=9000, stack(0x000000001f890000,0x000000001f990000)]
  0x0000000018a28800 JavaThread "Execution worker for ':'" [_thread_blocked, id=7636, stack(0x000000001f790000,0x000000001f890000)]
  0x0000000018a2f800 JavaThread "Cache worker for file content cache (D:\injImportFolder\thehouse\.gradle\6.3\fileContent)" [_thread_blocked, id=7976, stack(0x000000001f690000,0x000000001f790000)]
  0x0000000018a28000 JavaThread "Cache worker for file content cache (C:\Users\bitcamp\.gradle\caches\6.3\fileContent)" [_thread_blocked, id=6456, stack(0x000000001f590000,0x000000001f690000)]
  0x0000000018a2e800 JavaThread "Memory manager" [_thread_blocked, id=5796, stack(0x000000001f490000,0x000000001f590000)]
  0x0000000018a2d000 JavaThread "Cache worker for Build Output Cleanup Cache (D:\injImportFolder\thehouse\.gradle\buildOutputCleanup)" [_thread_blocked, id=1792, stack(0x000000001ef90000,0x000000001f090000)]
  0x0000000018a2c800 JavaThread "Build operations Thread 4" [_thread_blocked, id=13860, stack(0x000000001ee90000,0x000000001ef90000)]
  0x0000000018a2b800 JavaThread "Build operations Thread 3" [_thread_blocked, id=13856, stack(0x000000001ed90000,0x000000001ee90000)]
  0x0000000018a2b000 JavaThread "Build operations Thread 2" [_thread_blocked, id=13852, stack(0x000000001e9f0000,0x000000001eaf0000)]
  0x0000000018a2a000 JavaThread "Build operations" [_thread_blocked, id=13848, stack(0x000000001d6d0000,0x000000001d7d0000)]
  0x0000000017687800 JavaThread "Cache worker for execution history cache (C:\Users\bitcamp\.gradle\caches\6.3\executionHistory)" [_thread_blocked, id=13556, stack(0x000000001be00000,0x000000001bf00000)]
  0x0000000017687000 JavaThread "Cache worker for cache directory md-rule (C:\Users\bitcamp\.gradle\caches\6.3\md-rule)" [_thread_blocked, id=13532, stack(0x000000001bd00000,0x000000001be00000)]
  0x0000000017686000 JavaThread "Cache worker for cache directory md-supplier (C:\Users\bitcamp\.gradle\caches\6.3\md-supplier)" [_thread_blocked, id=13508, stack(0x000000001bc00000,0x000000001bd00000)]
  0x0000000017684800 JavaThread "Cache worker for file hash cache (D:\injImportFolder\thehouse\.gradle\6.3\fileHashes)" [_thread_blocked, id=13456, stack(0x000000001b900000,0x000000001ba00000)]
  0x0000000017685800 JavaThread "Cache worker for checksums cache (D:\injImportFolder\thehouse\.gradle\checksums)" [_thread_blocked, id=13432, stack(0x000000001b600000,0x000000001b700000)]
  0x0000000017681000 JavaThread "Cache worker for file hash cache (C:\Users\bitcamp\.gradle\caches\6.3\fileHashes)" [_thread_blocked, id=13392, stack(0x000000001b300000,0x000000001b400000)]
  0x0000000017683000 JavaThread "File lock release action executor" [_thread_blocked, id=13384, stack(0x000000001b200000,0x000000001b300000)]
  0x0000000017682800 JavaThread "File lock request listener" [_thread_in_native, id=6952, stack(0x000000001a130000,0x000000001a230000)]
  0x0000000017681800 JavaThread "Cache worker for journal cache (C:\Users\bitcamp\.gradle\caches\journal-1)" [_thread_blocked, id=12560, stack(0x000000001a030000,0x000000001a130000)]
  0x0000000015d76000 JavaThread "Thread-9" [_thread_blocked, id=5280, stack(0x0000000019d30000,0x0000000019e30000)]
  0x0000000015e5d000 JavaThread "Stdin handler" [_thread_blocked, id=8884, stack(0x0000000019c30000,0x0000000019d30000)]
  0x0000000015e87000 JavaThread "Asynchronous log dispatcher for DefaultDaemonConnection: socket connection from /127.0.0.1:59507 to /127.0.0.1:59513" [_thread_blocked, id=8992, stack(0x0000000019b30000,0x0000000019c30000)]
  0x0000000015e2f000 JavaThread "Daemon worker" [_thread_in_Java, id=7820, stack(0x0000000019a30000,0x0000000019b30000)]
  0x0000000015e9b800 JavaThread "Cancel handler" [_thread_blocked, id=10112, stack(0x0000000019930000,0x0000000019a30000)]
  0x0000000016f21000 JavaThread "Handler for socket connection from /127.0.0.1:59507 to /127.0.0.1:59513" [_thread_in_native, id=12864, stack(0x0000000019630000,0x0000000019730000)]
  0x0000000015d35000 JavaThread "Daemon" [_thread_blocked, id=5124, stack(0x0000000019530000,0x0000000019630000)]
  0x0000000015dca800 JavaThread "Daemon periodic checks" [_thread_blocked, id=12352, stack(0x0000000019430000,0x0000000019530000)]
  0x0000000018117800 JavaThread "Incoming local TCP Connector on port 59507" [_thread_in_native, id=4420, stack(0x0000000019250000,0x0000000019350000)]
  0x00000000180c2000 JavaThread "Daemon health stats" [_thread_blocked, id=10104, stack(0x0000000019150000,0x0000000019250000)]
  0x0000000015d13800 JavaThread "Service Thread" daemon [_thread_blocked, id=9088, stack(0x00000000165b0000,0x00000000166b0000)]
  0x0000000015d0e000 JavaThread "C1 CompilerThread2" daemon [_thread_blocked, id=1720, stack(0x00000000164b0000,0x00000000165b0000)]
  0x000000001491e000 JavaThread "C2 CompilerThread1" daemon [_thread_in_native, id=6424, stack(0x00000000163b0000,0x00000000164b0000)]
=>0x000000001491a000 JavaThread "C2 CompilerThread0" daemon [_thread_in_native, id=12032, stack(0x00000000162b0000,0x00000000163b0000)]
  0x00000000148ce000 JavaThread "Attach Listener" daemon [_thread_blocked, id=7040, stack(0x00000000161b0000,0x00000000162b0000)]
  0x0000000015cb8800 JavaThread "Signal Dispatcher" daemon [_thread_blocked, id=5984, stack(0x00000000160b0000,0x00000000161b0000)]
  0x000000000354a800 JavaThread "Finalizer" daemon [_thread_blocked, id=12948, stack(0x0000000015b20000,0x0000000015c20000)]
  0x00000000148aa000 JavaThread "Reference Handler" daemon [_thread_blocked, id=6884, stack(0x0000000015a20000,0x0000000015b20000)]
  0x000000000334e000 JavaThread "main" [_thread_blocked, id=5020, stack(0x0000000003350000,0x0000000003450000)]

Other Threads:
  0x0000000014888000 VMThread [stack: 0x0000000015920000,0x0000000015a20000] [id=11092]
  0x0000000015d36000 WatcherThread [stack: 0x00000000166b0000,0x00000000167b0000] [id=4528]

VM state:not at safepoint (normal execution)

VM Mutex/Monitor currently owned by a thread: None

heap address: 0x00000000e0000000, size: 512 MB, Compressed Oops mode: 32-bit
Narrow klass base: 0x0000000000000000, Narrow klass shift: 3
Compressed class space size: 1073741824 Address: 0x0000000100000000

Heap:
 PSYoungGen      total 161792K, used 66500K [0x00000000f5580000, 0x0000000100000000, 0x0000000100000000)
  eden space 150016K, 37% used [0x00000000f5580000,0x00000000f8c61618,0x00000000fe800000)
  from space 11776K, 87% used [0x00000000ff480000,0x00000000ffe8fb90,0x0000000100000000)
  to   space 12288K, 0% used [0x00000000fe800000,0x00000000fe800000,0x00000000ff400000)
 ParOldGen       total 175104K, used 14406K [0x00000000e0000000, 0x00000000eab00000, 0x00000000f5580000)
  object space 175104K, 8% used [0x00000000e0000000,0x00000000e0e11970,0x00000000eab00000)
 Metaspace       used 43299K, capacity 45196K, committed 45312K, reserved 1087488K
  class space    used 6189K, capacity 6571K, committed 6656K, reserved 1048576K

Card table byte_map: [0x0000000012910000,0x0000000012a20000] byte_map_base: 0x0000000012210000

Marking Bits: (ParMarkBitMap*) 0x00000000611d6d90
 Begin Bits: [0x0000000012e20000, 0x0000000013620000)
 End Bits:   [0x0000000013620000, 0x0000000013e20000)

Polling page: 0x0000000000fc0000

CodeCache: size=245760Kb used=14912Kb max_used=14912Kb free=230847Kb
 bounds [0x0000000003550000, 0x00000000043f0000, 0x0000000012550000]
 total_blobs=4978 nmethods=4255 adapters=634
 compilation: enabled

Compilation events (10 events):
Event: 82.969 Thread 0x0000000015d0e000 4671       3       org.gradle.cache.internal.btree.CachingBlockStore::maybeCache (23 bytes)
Event: 82.970 Thread 0x0000000015d0e000 nmethod 4671 0x00000000043dc250 code [0x00000000043dc480, 0x00000000043dd1c8]
Event: 82.970 Thread 0x0000000015d0e000 4672       3       org.gradle.cache.internal.btree.CachingBlockStore::isCacheable (12 bytes)
Event: 82.970 Thread 0x0000000015d0e000 nmethod 4672 0x00000000043dda90 code [0x00000000043ddc00, 0x00000000043ddec8]
Event: 82.971 Thread 0x0000000015d0e000 4673       3       io.spring.gradle.dependencymanagement.org.apache.maven.model.merge.MavenModelMerger::getDependencyKey (5 bytes)
Event: 82.971 Thread 0x0000000015d0e000 nmethod 4673 0x00000000043ddfd0 code [0x00000000043de140, 0x00000000043de2e8]
Event: 82.972 Thread 0x0000000015d0e000 4674       3       java.lang.String::matches (6 bytes)
Event: 82.972 Thread 0x0000000015d0e000 nmethod 4674 0x00000000043de3d0 code [0x00000000043de560, 0x00000000043dea68]
Event: 82.972 Thread 0x0000000015d0e000 4675       3       java.util.regex.Pattern::matches (16 bytes)
Event: 82.972 Thread 0x0000000015d0e000 nmethod 4675 0x00000000043dec90 code [0x00000000043dee20, 0x00000000043df2c8]

GC Heap History (10 events):
Event: 18.391 GC heap before
{Heap before GC invocations=6 (full 1):
 PSYoungGen      total 76288K, used 65536K [0x00000000f5580000, 0x00000000fea80000, 0x0000000100000000)
  eden space 65536K, 100% used [0x00000000f5580000,0x00000000f9580000,0x00000000f9580000)
  from space 10752K, 0% used [0x00000000fa000000,0x00000000fa000000,0x00000000faa80000)
  to   space 10752K, 0% used [0x00000000f9580000,0x00000000f9580000,0x00000000fa000000)
 ParOldGen       total 175104K, used 6926K [0x00000000e0000000, 0x00000000eab00000, 0x00000000f5580000)
  object space 175104K, 3% used [0x00000000e0000000,0x00000000e06c3bb8,0x00000000eab00000)
 Metaspace       used 28303K, capacity 29076K, committed 29312K, reserved 1075200K
  class space    used 3977K, capacity 4183K, committed 4224K, reserved 1048576K
Event: 18.406 GC heap after
Heap after GC invocations=6 (full 1):
 PSYoungGen      total 76288K, used 8300K [0x00000000f5580000, 0x00000000fe900000, 0x0000000100000000)
  eden space 65536K, 0% used [0x00000000f5580000,0x00000000f5580000,0x00000000f9580000)
  from space 10752K, 77% used [0x00000000f9580000,0x00000000f9d9b010,0x00000000fa000000)
  to   space 12288K, 0% used [0x00000000fdd00000,0x00000000fdd00000,0x00000000fe900000)
 ParOldGen       total 175104K, used 6934K [0x00000000e0000000, 0x00000000eab00000, 0x00000000f5580000)
  object space 175104K, 3% used [0x00000000e0000000,0x00000000e06c5bb8,0x00000000eab00000)
 Metaspace       used 28303K, capacity 29076K, committed 29312K, reserved 1075200K
  class space    used 3977K, capacity 4183K, committed 4224K, reserved 1048576K
}
Event: 20.612 GC heap before
{Heap before GC invocations=7 (full 1):
 PSYoungGen      total 76288K, used 73836K [0x00000000f5580000, 0x00000000fe900000, 0x0000000100000000)
  eden space 65536K, 100% used [0x00000000f5580000,0x00000000f9580000,0x00000000f9580000)
  from space 10752K, 77% used [0x00000000f9580000,0x00000000f9d9b010,0x00000000fa000000)
  to   space 12288K, 0% used [0x00000000fdd00000,0x00000000fdd00000,0x00000000fe900000)
 ParOldGen       total 175104K, used 6934K [0x00000000e0000000, 0x00000000eab00000, 0x00000000f5580000)
  object space 175104K, 3% used [0x00000000e0000000,0x00000000e06c5bb8,0x00000000eab00000)
 Metaspace       used 32862K, capacity 33730K, committed 34048K, reserved 1079296K
  class space    used 4586K, capacity 4813K, committed 4864K, reserved 1048576K
Event: 20.645 GC heap after
Heap after GC invocations=7 (full 1):
 PSYoungGen      total 136704K, used 9282K [0x00000000f5580000, 0x00000000fe800000, 0x0000000100000000)
  eden space 125440K, 0% used [0x00000000f5580000,0x00000000f5580000,0x00000000fd000000)
  from space 11264K, 82% used [0x00000000fdd00000,0x00000000fe610b38,0x00000000fe800000)
  to   space 12288K, 0% used [0x00000000fd000000,0x00000000fd000000,0x00000000fdc00000)
 ParOldGen       total 175104K, used 6942K [0x00000000e0000000, 0x00000000eab00000, 0x00000000f5580000)
  object space 175104K, 3% used [0x00000000e0000000,0x00000000e06c7bb8,0x00000000eab00000)
 Metaspace       used 32862K, capacity 33730K, committed 34048K, reserved 1079296K
  class space    used 4586K, capacity 4813K, committed 4864K, reserved 1048576K
}
Event: 21.021 GC heap before
{Heap before GC invocations=8 (full 1):
 PSYoungGen      total 136704K, used 41989K [0x00000000f5580000, 0x00000000fe800000, 0x0000000100000000)
  eden space 125440K, 26% used [0x00000000f5580000,0x00000000f7570bd8,0x00000000fd000000)
  from space 11264K, 82% used [0x00000000fdd00000,0x00000000fe610b38,0x00000000fe800000)
  to   space 12288K, 0% used [0x00000000fd000000,0x00000000fd000000,0x00000000fdc00000)
 ParOldGen       total 175104K, used 6942K [0x00000000e0000000, 0x00000000eab00000, 0x00000000f5580000)
  object space 175104K, 3% used [0x00000000e0000000,0x00000000e06c7bb8,0x00000000eab00000)
 Metaspace       used 34425K, capacity 35384K, committed 35496K, reserved 1079296K
  class space    used 4820K, capacity 5054K, committed 5120K, reserved 1048576K
Event: 21.041 GC heap after
Heap after GC invocations=8 (full 1):
 PSYoungGen      total 137728K, used 7797K [0x00000000f5580000, 0x0000000100000000, 0x0000000100000000)
  eden space 125440K, 0% used [0x00000000f5580000,0x00000000f5580000,0x00000000fd000000)
  from space 12288K, 63% used [0x00000000fd000000,0x00000000fd79d6f0,0x00000000fdc00000)
  to   space 11776K, 0% used [0x00000000ff480000,0x00000000ff480000,0x0000000100000000)
 ParOldGen       total 175104K, used 6950K [0x00000000e0000000, 0x00000000eab00000, 0x00000000f5580000)
  object space 175104K, 3% used [0x00000000e0000000,0x00000000e06c9bb8,0x00000000eab00000)
 Metaspace       used 34425K, capacity 35384K, committed 35496K, reserved 1079296K
  class space    used 4820K, capacity 5054K, committed 5120K, reserved 1048576K
}
Event: 21.041 GC heap before
{Heap before GC invocations=9 (full 2):
 PSYoungGen      total 137728K, used 7797K [0x00000000f5580000, 0x0000000100000000, 0x0000000100000000)
  eden space 125440K, 0% used [0x00000000f5580000,0x00000000f5580000,0x00000000fd000000)
  from space 12288K, 63% used [0x00000000fd000000,0x00000000fd79d6f0,0x00000000fdc00000)
  to   space 11776K, 0% used [0x00000000ff480000,0x00000000ff480000,0x0000000100000000)
 ParOldGen       total 175104K, used 6950K [0x00000000e0000000, 0x00000000eab00000, 0x00000000f5580000)
  object space 175104K, 3% used [0x00000000e0000000,0x00000000e06c9bb8,0x00000000eab00000)
 Metaspace       used 34425K, capacity 35384K, committed 35496K, reserved 1079296K
  class space    used 4820K, capacity 5054K, committed 5120K, reserved 1048576K
Event: 21.147 GC heap after
Heap after GC invocations=9 (full 2):
 PSYoungGen      total 137728K, used 0K [0x00000000f5580000, 0x0000000100000000, 0x0000000100000000)
  eden space 125440K, 0% used [0x00000000f5580000,0x00000000f5580000,0x00000000fd000000)
  from space 12288K, 0% used [0x00000000fd000000,0x00000000fd000000,0x00000000fdc00000)
  to   space 11776K, 0% used [0x00000000ff480000,0x00000000ff480000,0x0000000100000000)
 ParOldGen       total 175104K, used 14398K [0x00000000e0000000, 0x00000000eab00000, 0x00000000f5580000)
  object space 175104K, 8% used [0x00000000e0000000,0x00000000e0e0f970,0x00000000eab00000)
 Metaspace       used 34425K, capacity 35384K, committed 35496K, reserved 1079296K
  class space    used 4820K, capacity 5054K, committed 5120K, reserved 1048576K
}
Event: 31.977 GC heap before
{Heap before GC invocations=10 (full 2):
 PSYoungGen      total 137728K, used 125440K [0x00000000f5580000, 0x0000000100000000, 0x0000000100000000)
  eden space 125440K, 100% used [0x00000000f5580000,0x00000000fd000000,0x00000000fd000000)
  from space 12288K, 0% used [0x00000000fd000000,0x00000000fd000000,0x00000000fdc00000)
  to   space 11776K, 0% used [0x00000000ff480000,0x00000000ff480000,0x0000000100000000)
 ParOldGen       total 175104K, used 14398K [0x00000000e0000000, 0x00000000eab00000, 0x00000000f5580000)
  object space 175104K, 8% used [0x00000000e0000000,0x00000000e0e0f970,0x00000000eab00000)
 Metaspace       used 40380K, capacity 42150K, committed 42368K, reserved 1085440K
  class space    used 5796K, capacity 6178K, committed 6272K, reserved 1048576K
Event: 32.031 GC heap after
Heap after GC invocations=10 (full 2):
 PSYoungGen      total 161792K, used 10302K [0x00000000f5580000, 0x0000000100000000, 0x0000000100000000)
  eden space 150016K, 0% used [0x00000000f5580000,0x00000000f5580000,0x00000000fe800000)
  from space 11776K, 87% used [0x00000000ff480000,0x00000000ffe8fb90,0x0000000100000000)
  to   space 12288K, 0% used [0x00000000fe800000,0x00000000fe800000,0x00000000ff400000)
 ParOldGen       total 175104K, used 14406K [0x00000000e0000000, 0x00000000eab00000, 0x00000000f5580000)
  object space 175104K, 8% used [0x00000000e0000000,0x00000000e0e11970,0x00000000eab00000)
 Metaspace       used 40380K, capacity 42150K, committed 42368K, reserved 1085440K
  class space    used 5796K, capacity 6178K, committed 6272K, reserved 1048576K
}

Deoptimization events (10 events):
Event: 72.922 Thread 0x0000000015e2f000 Uncommon trap: reason=class_check action=maybe_recompile pc=0x000000000388533c method=java.util.regex.Matcher.getTextLength()I @ 4
Event: 72.922 Thread 0x0000000015e2f000 Uncommon trap: reason=class_check action=maybe_recompile pc=0x0000000004132c58 method=java.util.regex.Matcher.search(I)Z @ 86
Event: 82.583 Thread 0x0000000015e2f000 Uncommon trap: reason=class_check action=maybe_recompile pc=0x0000000003868ba4 method=java.util.regex.Matcher.getTextLength()I @ 4
Event: 82.589 Thread 0x0000000015e2f000 Uncommon trap: reason=class_check action=maybe_recompile pc=0x0000000004367b60 method=java.lang.reflect.Field.get(Ljava/lang/Object;)Ljava/lang/Object; @ 45
Event: 82.589 Thread 0x0000000015e2f000 Uncommon trap: reason=class_check action=maybe_recompile pc=0x0000000004367b60 method=java.lang.reflect.Field.get(Ljava/lang/Object;)Ljava/lang/Object; @ 45
Event: 82.589 Thread 0x0000000015e2f000 Uncommon trap: reason=class_check action=maybe_recompile pc=0x0000000004367b60 method=java.lang.reflect.Field.get(Ljava/lang/Object;)Ljava/lang/Object; @ 45
Event: 82.589 Thread 0x0000000015e2f000 Uncommon trap: reason=class_check action=maybe_recompile pc=0x0000000004367b60 method=java.lang.reflect.Field.get(Ljava/lang/Object;)Ljava/lang/Object; @ 45
Event: 82.710 Thread 0x0000000015e2f000 Uncommon trap: reason=null_check action=make_not_entrant pc=0x0000000003f175dc method=io.spring.gradle.dependencymanagement.org.apache.maven.model.io.xpp3.MavenXpp3Reader.checkFieldWithDuplicate(Lio/spring/gradle/dependencymanagement/org/codehaus/plexus/u
Event: 82.780 Thread 0x0000000015e2f000 Uncommon trap: reason=unstable_if action=reinterpret pc=0x000000000437d614 method=io.spring.gradle.dependencymanagement.org.codehaus.plexus.util.xml.pull.MXParser.nextImpl()I @ 495
Event: 82.803 Thread 0x0000000015e2f000 Uncommon trap: reason=class_check action=maybe_recompile pc=0x000000000437aab8 method=java.lang.reflect.Field.get(Ljava/lang/Object;)Ljava/lang/Object; @ 45

Classes redefined (0 events):
No events

Internal exceptions (10 events):
Event: 32.432 Thread 0x0000000015e2f000 Exception <a 'java/lang/ClassNotFoundException': org/gradle/api/tasks/SourceTaskBeanInfo> (0x00000000f683cbd0) thrown at [C:\re\workspace\8-2-build-windows-amd64-cygwin\jdk8u231\13620\hotspot\src\share\vm\classfile\systemDictionary.cpp, line 210]
Event: 32.432 Thread 0x0000000015e2f000 Exception <a 'java/lang/ClassNotFoundException': org/gradle/api/tasks/SourceTaskCustomizer> (0x00000000f6852120) thrown at [C:\re\workspace\8-2-build-windows-amd64-cygwin\jdk8u231\13620\hotspot\src\share\vm\classfile\systemDictionary.cpp, line 210]
Event: 32.434 Thread 0x0000000015e2f000 Exception <a 'java/lang/ClassNotFoundException': org/gradle/api/tasks/compile/AbstractCompileCustomizer> (0x00000000f68ad4b0) thrown at [C:\re\workspace\8-2-build-windows-amd64-cygwin\jdk8u231\13620\hotspot\src\share\vm\classfile\systemDictionary.cpp, lin
Event: 32.435 Thread 0x0000000015e2f000 Exception <a 'java/lang/ClassNotFoundException': org/gradle/api/tasks/compile/JavaCompileCustomizer> (0x00000000f68fa7c0) thrown at [C:\re\workspace\8-2-build-windows-amd64-cygwin\jdk8u231\13620\hotspot\src\share\vm\classfile\systemDictionary.cpp, line 21
Event: 32.436 Thread 0x0000000015e2f000 Exception <a 'java/lang/ClassNotFoundException': org/gradle/api/tasks/compile/JavaCompile_DecoratedCustomizer> (0x00000000f6948808) thrown at [C:\re\workspace\8-2-build-windows-amd64-cygwin\jdk8u231\13620\hotspot\src\share\vm\classfile\systemDictionary.cp
Event: 32.446 Thread 0x0000000015e2f000 Exception <a 'java/lang/SecurityException'> (0x00000000f69b5dd8) thrown at [C:\re\workspace\8-2-build-windows-amd64-cygwin\jdk8u231\13620\hotspot\src\share\vm\prims\jvm.cpp, line 1506]
Event: 32.447 Thread 0x0000000015e2f000 Exception <a 'java/lang/ClassNotFoundException': java/lang/ClassBeanInfo> (0x00000000f69d08d8) thrown at [C:\re\workspace\8-2-build-windows-amd64-cygwin\jdk8u231\13620\hotspot\src\share\vm\classfile\systemDictionary.cpp, line 210]
Event: 32.447 Thread 0x0000000015e2f000 Exception <a 'java/lang/ClassNotFoundException': java/lang/ClassCustomizer> (0x00000000f69d9640) thrown at [C:\re\workspace\8-2-build-windows-amd64-cygwin\jdk8u231\13620\hotspot\src\share\vm\classfile\systemDictionary.cpp, line 210]
Event: 37.110 Thread 0x0000000018a2e800 Exception <a 'java/lang/NoSuchMethodError': java.lang.Object.lambda$comparingInt$7b0bb60$1(Ljava/util/function/ToIntFunction;Ljava/lang/Object;Ljava/lang/Object;)I> (0x00000000f5b27f50) thrown at [C:\re\workspace\8-2-build-windows-amd64-cygwin\jdk8u231\13
Event: 82.710 Thread 0x0000000015e2f000 Implicit null exception at 0x0000000003f17377 to 0x0000000003f175c1

Events (10 events):
Event: 82.780 Thread 0x0000000015e2f000 Uncommon trap: trap_request=0xffffff65 fr.pc=0x000000000437d614
Event: 82.780 Thread 0x0000000015e2f000 DEOPT PACKING pc=0x000000000437d614 sp=0x0000000019b287d0
Event: 82.780 Thread 0x0000000015e2f000 DEOPT UNPACKING pc=0x000000000359583b sp=0x0000000019b28758 mode 2
Event: 82.803 Thread 0x0000000015e2f000 Uncommon trap: trap_request=0xffffffde fr.pc=0x000000000437aab8
Event: 82.803 Thread 0x0000000015e2f000 DEOPT PACKING pc=0x000000000437aab8 sp=0x0000000019b27fc0
Event: 82.803 Thread 0x0000000015e2f000 DEOPT UNPACKING pc=0x000000000359583b sp=0x0000000019b27eb0 mode 2
Event: 82.961 loading class io/spring/gradle/dependencymanagement/org/apache/maven/model/ActivationOS
Event: 82.961 loading class io/spring/gradle/dependencymanagement/org/apache/maven/model/ActivationOS done
Event: 82.962 loading class io/spring/gradle/dependencymanagement/org/apache/maven/model/ActivationFile
Event: 82.962 loading class io/spring/gradle/dependencymanagement/org/apache/maven/model/ActivationFile done


Dynamic libraries:
0x00007ff692ea0000 - 0x00007ff692ed7000 	C:\Program Files\Java\jdk1.8.0_231\bin\java.exe
0x00007ffcf0940000 - 0x00007ffcf0b30000 	C:\Windows\SYSTEM32\ntdll.dll
0x00007ffceeb10000 - 0x00007ffceebc2000 	C:\Windows\System32\KERNEL32.DLL
0x00007ffcee550000 - 0x00007ffcee7f4000 	C:\Windows\System32\KERNELBASE.dll
0x00007ffcf0280000 - 0x00007ffcf0323000 	C:\Windows\System32\ADVAPI32.dll
0x00007ffcefd70000 - 0x00007ffcefe0e000 	C:\Windows\System32\msvcrt.dll
0x00007ffcf0330000 - 0x00007ffcf03c7000 	C:\Windows\System32\sechost.dll
0x00007ffcee9f0000 - 0x00007ffceeb10000 	C:\Windows\System32\RPCRT4.dll
0x00007ffcef720000 - 0x00007ffcef8b4000 	C:\Windows\System32\USER32.dll
0x00007ffcee800000 - 0x00007ffcee821000 	C:\Windows\System32\win32u.dll
0x00007ffcefa80000 - 0x00007ffcefaa6000 	C:\Windows\System32\GDI32.dll
0x00007ffcee850000 - 0x00007ffcee9e5000 	C:\Windows\System32\gdi32full.dll
0x00007ffced9e0000 - 0x00007ffceda7e000 	C:\Windows\System32\msvcp_win.dll
0x00007ffceda80000 - 0x00007ffcedb7a000 	C:\Windows\System32\ucrtbase.dll
0x00007ffcdd810000 - 0x00007ffcdda94000 	C:\Windows\WinSxS\amd64_microsoft.windows.common-controls_6595b64144ccf1df_6.0.18362.900_none_e6beb9d913147d17\COMCTL32.dll
0x00007ffceebd0000 - 0x00007ffceef05000 	C:\Windows\System32\combase.dll
0x00007ffcee300000 - 0x00007ffcee380000 	C:\Windows\System32\bcryptPrimitives.dll
0x00007ffceef30000 - 0x00007ffceef5e000 	C:\Windows\System32\IMM32.DLL
0x0000000061260000 - 0x0000000061332000 	C:\Program Files\Java\jdk1.8.0_231\jre\bin\msvcr100.dll
0x00000000609b0000 - 0x0000000061256000 	C:\Program Files\Java\jdk1.8.0_231\jre\bin\server\jvm.dll
0x00007ffcf08e0000 - 0x00007ffcf08e8000 	C:\Windows\System32\PSAPI.DLL
0x00007ffce9dd0000 - 0x00007ffce9dd9000 	C:\Windows\SYSTEM32\WSOCK32.dll
0x00007ffcf04a0000 - 0x00007ffcf050f000 	C:\Windows\System32\WS2_32.dll
0x00007ffce1030000 - 0x00007ffce1054000 	C:\Windows\SYSTEM32\WINMM.dll
0x00007ffce6e60000 - 0x00007ffce6e6a000 	C:\Windows\SYSTEM32\VERSION.dll
0x00007ffce1000000 - 0x00007ffce102d000 	C:\Windows\SYSTEM32\WINMMBASE.dll
0x00007ffcee500000 - 0x00007ffcee54a000 	C:\Windows\System32\cfgmgr32.dll
0x00007ffcdd760000 - 0x00007ffcdd76f000 	C:\Program Files\Java\jdk1.8.0_231\jre\bin\verify.dll
0x00007ffcb5020000 - 0x00007ffcb5049000 	C:\Program Files\Java\jdk1.8.0_231\jre\bin\java.dll
0x00007ffcb7420000 - 0x00007ffcb7436000 	C:\Program Files\Java\jdk1.8.0_231\jre\bin\zip.dll
0x00007ffcef030000 - 0x00007ffcef716000 	C:\Windows\System32\SHELL32.dll
0x00007ffcef9d0000 - 0x00007ffcefa79000 	C:\Windows\System32\shcore.dll
0x00007ffcedb80000 - 0x00007ffcee300000 	C:\Windows\System32\windows.storage.dll
0x00007ffced8a0000 - 0x00007ffced8c3000 	C:\Windows\System32\profapi.dll
0x00007ffced830000 - 0x00007ffced87a000 	C:\Windows\System32\powrprof.dll
0x00007ffced800000 - 0x00007ffced810000 	C:\Windows\System32\UMPDC.dll
0x00007ffcf0510000 - 0x00007ffcf0562000 	C:\Windows\System32\shlwapi.dll
0x00007ffced810000 - 0x00007ffced821000 	C:\Windows\System32\kernel.appcore.dll
0x00007ffcee830000 - 0x00007ffcee847000 	C:\Windows\System32\cryptsp.dll
0x00007ffcb52b0000 - 0x00007ffcb52ca000 	C:\Program Files\Java\jdk1.8.0_231\jre\bin\net.dll
0x00007ffced010000 - 0x00007ffced077000 	C:\Windows\system32\mswsock.dll
0x00007ffcb4b90000 - 0x00007ffcb4ba2000 	C:\Program Files\Java\jdk1.8.0_231\jre\bin\nio.dll
0x00007ffcb4ab0000 - 0x00007ffcb4ad7000 	C:\Users\bitcamp\.gradle\native\c976cfcca226fdd4bee4412e95191dd41148b7504f9625baeda1d523bc39a967\windows-amd64\native-platform.dll
0x00007ffce48b0000 - 0x00007ffce48bd000 	C:\Program Files\Java\jdk1.8.0_231\jre\bin\management.dll
0x00007ffcecb80000 - 0x00007ffcecbb3000 	C:\Windows\system32\rsaenh.dll
0x00007ffcee380000 - 0x00007ffcee3a6000 	C:\Windows\System32\bcrypt.dll
0x00007ffced720000 - 0x00007ffced745000 	C:\Windows\SYSTEM32\USERENV.dll
0x00007ffced1e0000 - 0x00007ffced1ec000 	C:\Windows\SYSTEM32\CRYPTBASE.dll
0x00007ffcecd20000 - 0x00007ffcecd5a000 	C:\Windows\SYSTEM32\IPHLPAPI.DLL
0x00007ffcf08f0000 - 0x00007ffcf08f8000 	C:\Windows\System32\NSI.dll
0x00007ffce9230000 - 0x00007ffce9246000 	C:\Windows\SYSTEM32\dhcpcsvc6.DLL
0x00007ffce9150000 - 0x00007ffce916c000 	C:\Windows\SYSTEM32\dhcpcsvc.DLL
0x00007ffcecd60000 - 0x00007ffcece2b000 	C:\Windows\SYSTEM32\DNSAPI.dll

VM Arguments:
jvm_args: -XX:MaxMetaspaceSize=256m -XX:+HeapDumpOnOutOfMemoryError -Xms256m -Xmx512m -Dfile.encoding=x-windows-949 -Duser.country=KR -Duser.language=ko -Duser.variant 
java_command: org.gradle.launcher.daemon.bootstrap.GradleDaemon 6.3
java_class_path (initial): C:\Users\bitcamp\.gradle\wrapper\dists\gradle-6.3-all\b4awcolw9l59x95tu1obfh9i8\gradle-6.3\lib\gradle-launcher-6.3.jar
Launcher Type: SUN_STANDARD

Environment Variables:
JAVA_HOME=C:\Program Files\Java\jdk1.8.0_231
PATH=C:\Windows\system32;C:\Windows;C:\Windows\System32\Wbem;C:\Windows\System32\WindowsPowerShell\v1.0\;C:\Windows\System32\OpenSSH\;C:\Program Files\Java\jdk1.8.0_231\\bin;C:\Program Files\Git\cmd;C:\Program Files\PuTTY\;C:\Program Files\TortoiseSVN\bin;C:\Program Files\VisualSVN Server\bin;C:\Program Files\MySQL\MySQL Server 8.0\bin;C:\Program Files\MySQL\MySQL Shell 8.0\bin\;C:\Users\bitcamp\AppData\Local\Microsoft\WindowsApps;C:\Program Files\Bandizip\;C:\Users\bitcamp\AppData\Local\atom\bin
USERNAME=bitcamp
OS=Windows_NT
PROCESSOR_IDENTIFIER=Intel64 Family 6 Model 60 Stepping 3, GenuineIntel



---------------  S Y S T E M  ---------------

OS: Windows 10.0 , 64 bit Build 18362 (10.0.18362.900)

CPU:total 4 (initial active 4) (4 cores per cpu, 1 threads per core) family 6 model 60 stepping 3, cmov, cx8, fxsr, mmx, sse, sse2, sse3, ssse3, sse4.1, sse4.2, popcnt, avx, avx2, aes, clmul, erms, lzcnt, tsc, tscinvbit, bmi1, bmi2

Memory: 4k page, physical 8306752k(338588k free), swap 22876732k(456k free)

vm_info: Java HotSpot(TM) 64-Bit Server VM (25.231-b11) for windows-amd64 JRE (1.8.0_231-b11), built on Oct  5 2019 03:11:30 by "java_re" with MS VC++ 10.0 (VS2010)

time: Tue Jun 23 18:21:35 2020
timezone: 대한민국 표준시
elapsed time: 83 seconds (0d 0h 1m 23s)

