#
# There is insufficient memory for the Java Runtime Environment to continue.
# Native memory allocation (malloc) failed to allocate 1812656 bytes for Chunk::new
# Possible reasons:
#   The system is out of physical RAM or swap space
#   The process is running with CompressedOops enabled, and the Java Heap may be blocking the growth of the native heap
# Possible solutions:
#   Reduce memory load on the system
#   Increase physical memory or swap space
#   Check if swap backing store is full
#   Decrease Java heap size (-Xmx/-Xms)
#   Decrease number of Java threads
#   Decrease Java thread stack sizes (-Xss)
#   Set larger code cache with -XX:ReservedCodeCacheSize=
#   JVM is running with Unscaled Compressed Oops mode in which the Java heap is
#     placed in the first 4GB address space. The Java Heap base address is the
#     maximum limit for the native heap growth. Please use -XX:HeapBaseMinAddress
#     to set the Java Heap base and to place the Java Heap above 4GB virtual address.
# This output file may be truncated or incomplete.
#
#  Out of Memory Error (allocation.cpp:389), pid=12760, tid=0x00000000000004bc
#
# JRE version: Java(TM) SE Runtime Environment (8.0_231-b11) (build 1.8.0_231-b11)
# Java VM: Java HotSpot(TM) 64-Bit Server VM (25.231-b11 mixed mode windows-amd64 compressed oops)
# Failed to write core dump. Minidumps are not enabled by default on client versions of Windows
#

---------------  T H R E A D  ---------------

Current thread (0x0000000015d2a000):  JavaThread "C2 CompilerThread1" daemon [_thread_in_native, id=1212, stack(0x0000000016420000,0x0000000016520000)]

Stack: [0x0000000016420000,0x0000000016520000]
[error occurred during error reporting (printing stack bounds), id 0xc0000005]

Native frames: (J=compiled Java code, j=interpreted, Vv=VM code, C=native code)


Current CompileTask:
C2:  46276 3803   !   4       com.sun.beans.TypeResolver::resolve (274 bytes)


---------------  P R O C E S S  ---------------

Java Threads: ( => current thread )
  0x00000000175b4000 JavaThread "Cache worker for Build Output Cleanup Cache (D:\injImportFolder\thehouse\.gradle\buildOutputCleanup)" [_thread_blocked, id=4284, stack(0x000000001f1a0000,0x000000001f2a0000)]
  0x00000000175b8000 JavaThread "Build operations Thread 4" [_thread_blocked, id=11604, stack(0x000000001f0a0000,0x000000001f1a0000)]
  0x00000000175ba800 JavaThread "Build operations Thread 3" [_thread_blocked, id=13588, stack(0x000000001efa0000,0x000000001f0a0000)]
  0x00000000175b5000 JavaThread "Build operations Thread 2" [_thread_blocked, id=10008, stack(0x000000001eea0000,0x000000001efa0000)]
  0x00000000175bb000 JavaThread "Build operations" [_thread_blocked, id=12312, stack(0x000000001eda0000,0x000000001eea0000)]
  0x0000000017f81800 JavaThread "Cache worker for execution history cache (C:\Users\bitcamp\.gradle\caches\6.3\executionHistory)" [_thread_blocked, id=13380, stack(0x000000001dea0000,0x000000001dfa0000)]
  0x0000000017f81000 JavaThread "Cache worker for cache directory md-rule (C:\Users\bitcamp\.gradle\caches\6.3\md-rule)" [_thread_blocked, id=13260, stack(0x000000001dda0000,0x000000001dea0000)]
  0x0000000017f7e000 JavaThread "Cache worker for cache directory md-supplier (C:\Users\bitcamp\.gradle\caches\6.3\md-supplier)" [_thread_blocked, id=740, stack(0x000000001dca0000,0x000000001dda0000)]
  0x0000000017f82800 JavaThread "Cache worker for file hash cache (D:\injImportFolder\thehouse\.gradle\6.3\fileHashes)" [_thread_blocked, id=3956, stack(0x000000001d9a0000,0x000000001daa0000)]
  0x0000000017f7f800 JavaThread "Cache worker for checksums cache (D:\injImportFolder\thehouse\.gradle\checksums)" [_thread_blocked, id=2448, stack(0x000000001d8a0000,0x000000001d9a0000)]
  0x0000000017f80000 JavaThread "Cache worker for file hash cache (C:\Users\bitcamp\.gradle\caches\6.3\fileHashes)" [_thread_blocked, id=6744, stack(0x000000001c340000,0x000000001c440000)]
  0x0000000017f7e800 JavaThread "File lock release action executor" [_thread_blocked, id=10480, stack(0x000000001c240000,0x000000001c340000)]
  0x0000000017f7d000 JavaThread "File lock request listener" [_thread_in_native, id=10024, stack(0x000000001c140000,0x000000001c240000)]
  0x0000000017f84000 JavaThread "Cache worker for journal cache (C:\Users\bitcamp\.gradle\caches\journal-1)" [_thread_blocked, id=8948, stack(0x000000001a0a0000,0x000000001a1a0000)]
  0x0000000015d82800 JavaThread "Thread-9" [_thread_blocked, id=6252, stack(0x0000000018dd0000,0x0000000018ed0000)]
  0x0000000015d80000 JavaThread "Stdin handler" [_thread_blocked, id=6748, stack(0x0000000018cd0000,0x0000000018dd0000)]
  0x0000000016114800 JavaThread "Asynchronous log dispatcher for DefaultDaemonConnection: socket connection from /127.0.0.1:59603 to /127.0.0.1:59604" [_thread_blocked, id=3840, stack(0x0000000018bd0000,0x0000000018cd0000)]
  0x0000000017829000 JavaThread "Daemon worker" [_thread_in_native, id=988, stack(0x0000000018ad0000,0x0000000018bd0000)]
  0x0000000017827800 JavaThread "Cancel handler" [_thread_blocked, id=5680, stack(0x00000000189d0000,0x0000000018ad0000)]
  0x0000000015df8000 JavaThread "Handler for socket connection from /127.0.0.1:59603 to /127.0.0.1:59604" [_thread_in_native, id=8040, stack(0x00000000186d0000,0x00000000187d0000)]
  0x0000000015df7000 JavaThread "Daemon" [_thread_blocked, id=13800, stack(0x00000000185d0000,0x00000000186d0000)]
  0x0000000015df6000 JavaThread "Daemon periodic checks" [_thread_blocked, id=4576, stack(0x00000000184d0000,0x00000000185d0000)]
  0x00000000175fb000 JavaThread "Incoming local TCP Connector on port 59603" [_thread_in_native, id=11364, stack(0x00000000182f0000,0x00000000183f0000)]
  0x00000000177c3000 JavaThread "Daemon health stats" [_thread_blocked, id=10136, stack(0x0000000017ff0000,0x00000000180f0000)]
  0x0000000015d8a000 JavaThread "Service Thread" daemon [_thread_blocked, id=232, stack(0x0000000016620000,0x0000000016720000)]
  0x0000000015d88000 JavaThread "C1 CompilerThread2" daemon [_thread_blocked, id=7876, stack(0x0000000016520000,0x0000000016620000)]
=>0x0000000015d2a000 JavaThread "C2 CompilerThread1" daemon [_thread_in_native, id=1212, stack(0x0000000016420000,0x0000000016520000)]
  0x000000001499b000 JavaThread "C2 CompilerThread0" daemon [_thread_in_native, id=1960, stack(0x0000000016320000,0x0000000016420000)]
  0x000000001494e800 JavaThread "Attach Listener" daemon [_thread_blocked, id=4712, stack(0x0000000016220000,0x0000000016320000)]
  0x000000001494d800 JavaThread "Signal Dispatcher" daemon [_thread_blocked, id=6520, stack(0x0000000016120000,0x0000000016220000)]
  0x0000000003514800 JavaThread "Finalizer" daemon [_thread_blocked, id=9732, stack(0x0000000015b90000,0x0000000015c90000)]
  0x000000001492a000 JavaThread "Reference Handler" daemon [_thread_blocked, id=6640, stack(0x0000000015a90000,0x0000000015b90000)]
  0x0000000002f9e000 JavaThread "main" [_thread_blocked, id=9672, stack(0x0000000003320000,0x0000000003420000)]

Other Threads:
  0x0000000014908000 VMThread [stack: 0x0000000015990000,0x0000000015a90000] [id=3752]
  0x0000000015d96800 WatcherThread [stack: 0x0000000016720000,0x0000000016820000] [id=12940]

VM state:not at safepoint (normal execution)

VM Mutex/Monitor currently owned by a thread: None

heap address: 0x00000000e0000000, size: 512 MB, Compressed Oops mode: 32-bit
Narrow klass base: 0x0000000000000000, Narrow klass shift: 3
Compressed class space size: 1073741824 Address: 0x0000000100000000

Heap:
 PSYoungGen      total 141824K, used 125758K [0x00000000f5580000, 0x00000000fff80000, 0x0000000100000000)
  eden space 129536K, 97% used [0x00000000f5580000,0x00000000fd04f958,0x00000000fd400000)
  from space 12288K, 0% used [0x00000000fd400000,0x00000000fd400000,0x00000000fe000000)
  to   space 11776K, 0% used [0x00000000ff400000,0x00000000ff400000,0x00000000fff80000)
 ParOldGen       total 175104K, used 14454K [0x00000000e0000000, 0x00000000eab00000, 0x00000000f5580000)
  object space 175104K, 8% used [0x00000000e0000000,0x00000000e0e1d928,0x00000000eab00000)
 Metaspace       used 39688K, capacity 41418K, committed 41728K, reserved 1085440K
  class space    used 5698K, capacity 6081K, committed 6144K, reserved 1048576K

Card table byte_map: [0x00000000128e0000,0x00000000129f0000] byte_map_base: 0x00000000121e0000

Marking Bits: (ParMarkBitMap*) 0x00000000611d6d90
 Begin Bits: [0x0000000012ea0000, 0x00000000136a0000)
 End Bits:   [0x00000000136a0000, 0x0000000013ea0000)

Polling page: 0x0000000001350000

CodeCache: size=245760Kb used=12230Kb max_used=12230Kb free=233529Kb
 bounds [0x0000000003520000, 0x0000000004120000, 0x0000000012520000]
 total_blobs=4138 nmethods=3432 adapters=617
 compilation: enabled

Compilation events (10 events):
Event: 45.970 Thread 0x0000000015d88000 3851       3       com.google.common.collect.CompactHashMap$EntrySetView::iterator (8 bytes)
Event: 45.970 Thread 0x0000000015d88000 nmethod 3851 0x0000000004117b90 code [0x0000000004117d20, 0x00000000041180c8]
Event: 45.970 Thread 0x0000000015d88000 3852       3       com.google.common.collect.CompactHashMap::firstEntryIndex (13 bytes)
Event: 45.970 Thread 0x0000000015d88000 nmethod 3852 0x0000000004118290 code [0x0000000004118400, 0x00000000041186f0]
Event: 45.970 Thread 0x0000000015d88000 3853       3       com.google.common.collect.AbstractMapBasedMultimap::createKeySet (13 bytes)
Event: 45.970 Thread 0x0000000015d88000 nmethod 3853 0x0000000004118790 code [0x0000000004118940, 0x0000000004118ea8]
Event: 45.971 Thread 0x0000000015d88000 3854       3       com.google.common.collect.Maps$KeySet::size (10 bytes)
Event: 45.971 Thread 0x0000000015d88000 nmethod 3854 0x0000000004119250 code [0x00000000041193c0, 0x0000000004119668]
Event: 45.971 Thread 0x0000000015d88000 3855       3       com.google.common.collect.AbstractMapBasedMultimap$KeySet::iterator (25 bytes)
Event: 45.971 Thread 0x0000000015d88000 nmethod 3855 0x0000000004119750 code [0x00000000041198e0, 0x0000000004119d98]

GC Heap History (10 events):
Event: 28.120 GC heap before
{Heap before GC invocations=5 (full 1):
 PSYoungGen      total 76288K, used 7069K [0x00000000f5580000, 0x00000000fea80000, 0x0000000100000000)
  eden space 65536K, 0% used [0x00000000f5580000,0x00000000f5580000,0x00000000f9580000)
  from space 10752K, 65% used [0x00000000fa000000,0x00000000fa6e7650,0x00000000faa80000)
  to   space 10752K, 0% used [0x00000000f9580000,0x00000000f9580000,0x00000000fa000000)
 ParOldGen       total 175104K, used 1083K [0x00000000e0000000, 0x00000000eab00000, 0x00000000f5580000)
  object space 175104K, 0% used [0x00000000e0000000,0x00000000e010ee08,0x00000000eab00000)
 Metaspace       used 20580K, capacity 21238K, committed 21296K, reserved 1067008K
  class space    used 2942K, capacity 3143K, committed 3200K, reserved 1048576K
Event: 28.195 GC heap after
Heap after GC invocations=5 (full 1):
 PSYoungGen      total 76288K, used 0K [0x00000000f5580000, 0x00000000fea80000, 0x0000000100000000)
  eden space 65536K, 0% used [0x00000000f5580000,0x00000000f5580000,0x00000000f9580000)
  from space 10752K, 0% used [0x00000000fa000000,0x00000000fa000000,0x00000000faa80000)
  to   space 10752K, 0% used [0x00000000f9580000,0x00000000f9580000,0x00000000fa000000)
 ParOldGen       total 175104K, used 6944K [0x00000000e0000000, 0x00000000eab00000, 0x00000000f5580000)
  object space 175104K, 3% used [0x00000000e0000000,0x00000000e06c8078,0x00000000eab00000)
 Metaspace       used 20580K, capacity 21238K, committed 21296K, reserved 1067008K
  class space    used 2942K, capacity 3143K, committed 3200K, reserved 1048576K
}
Event: 31.027 GC heap before
{Heap before GC invocations=6 (full 1):
 PSYoungGen      total 76288K, used 65536K [0x00000000f5580000, 0x00000000fea80000, 0x0000000100000000)
  eden space 65536K, 100% used [0x00000000f5580000,0x00000000f9580000,0x00000000f9580000)
  from space 10752K, 0% used [0x00000000fa000000,0x00000000fa000000,0x00000000faa80000)
  to   space 10752K, 0% used [0x00000000f9580000,0x00000000f9580000,0x00000000fa000000)
 ParOldGen       total 175104K, used 6944K [0x00000000e0000000, 0x00000000eab00000, 0x00000000f5580000)
  object space 175104K, 3% used [0x00000000e0000000,0x00000000e06c8078,0x00000000eab00000)
 Metaspace       used 28327K, capacity 29140K, committed 29312K, reserved 1075200K
  class space    used 3975K, capacity 4183K, committed 4224K, reserved 1048576K
Event: 31.040 GC heap after
Heap after GC invocations=6 (full 1):
 PSYoungGen      total 76288K, used 8283K [0x00000000f5580000, 0x00000000fec80000, 0x0000000100000000)
  eden space 65536K, 0% used [0x00000000f5580000,0x00000000f5580000,0x00000000f9580000)
  from space 10752K, 77% used [0x00000000f9580000,0x00000000f9d96ca0,0x00000000fa000000)
  to   space 12288K, 0% used [0x00000000fe080000,0x00000000fe080000,0x00000000fec80000)
 ParOldGen       total 175104K, used 6952K [0x00000000e0000000, 0x00000000eab00000, 0x00000000f5580000)
  object space 175104K, 3% used [0x00000000e0000000,0x00000000e06ca078,0x00000000eab00000)
 Metaspace       used 28327K, capacity 29140K, committed 29312K, reserved 1075200K
  class space    used 3975K, capacity 4183K, committed 4224K, reserved 1048576K
}
Event: 33.643 GC heap before
{Heap before GC invocations=7 (full 1):
 PSYoungGen      total 76288K, used 73819K [0x00000000f5580000, 0x00000000fec80000, 0x0000000100000000)
  eden space 65536K, 100% used [0x00000000f5580000,0x00000000f9580000,0x00000000f9580000)
  from space 10752K, 77% used [0x00000000f9580000,0x00000000f9d96ca0,0x00000000fa000000)
  to   space 12288K, 0% used [0x00000000fe080000,0x00000000fe080000,0x00000000fec80000)
 ParOldGen       total 175104K, used 6952K [0x00000000e0000000, 0x00000000eab00000, 0x00000000f5580000)
  object space 175104K, 3% used [0x00000000e0000000,0x00000000e06ca078,0x00000000eab00000)
 Metaspace       used 32812K, capacity 33722K, committed 34048K, reserved 1079296K
  class space    used 4567K, capacity 4811K, committed 4864K, reserved 1048576K
Event: 33.701 GC heap after
Heap after GC invocations=7 (full 1):
 PSYoungGen      total 141312K, used 9158K [0x00000000f5580000, 0x00000000fec00000, 0x0000000100000000)
  eden space 129536K, 0% used [0x00000000f5580000,0x00000000f5580000,0x00000000fd400000)
  from space 11776K, 77% used [0x00000000fe080000,0x00000000fe971b90,0x00000000fec00000)
  to   space 12288K, 0% used [0x00000000fd400000,0x00000000fd400000,0x00000000fe000000)
 ParOldGen       total 175104K, used 6960K [0x00000000e0000000, 0x00000000eab00000, 0x00000000f5580000)
  object space 175104K, 3% used [0x00000000e0000000,0x00000000e06cc078,0x00000000eab00000)
 Metaspace       used 32812K, capacity 33722K, committed 34048K, reserved 1079296K
  class space    used 4567K, capacity 4811K, committed 4864K, reserved 1048576K
}
Event: 35.074 GC heap before
{Heap before GC invocations=8 (full 1):
 PSYoungGen      total 141312K, used 42535K [0x00000000f5580000, 0x00000000fec00000, 0x0000000100000000)
  eden space 129536K, 25% used [0x00000000f5580000,0x00000000f7618160,0x00000000fd400000)
  from space 11776K, 77% used [0x00000000fe080000,0x00000000fe971b90,0x00000000fec00000)
  to   space 12288K, 0% used [0x00000000fd400000,0x00000000fd400000,0x00000000fe000000)
 ParOldGen       total 175104K, used 6960K [0x00000000e0000000, 0x00000000eab00000, 0x00000000f5580000)
  object space 175104K, 3% used [0x00000000e0000000,0x00000000e06cc078,0x00000000eab00000)
 Metaspace       used 34448K, capacity 35378K, committed 35496K, reserved 1079296K
  class space    used 4813K, capacity 5053K, committed 5120K, reserved 1048576K
Event: 35.100 GC heap after
Heap after GC invocations=8 (full 1):
 PSYoungGen      total 141824K, used 7912K [0x00000000f5580000, 0x00000000fff80000, 0x0000000100000000)
  eden space 129536K, 0% used [0x00000000f5580000,0x00000000f5580000,0x00000000fd400000)
  from space 12288K, 64% used [0x00000000fd400000,0x00000000fdbba398,0x00000000fe000000)
  to   space 11776K, 0% used [0x00000000ff400000,0x00000000ff400000,0x00000000fff80000)
 ParOldGen       total 175104K, used 6968K [0x00000000e0000000, 0x00000000eab00000, 0x00000000f5580000)
  object space 175104K, 3% used [0x00000000e0000000,0x00000000e06ce078,0x00000000eab00000)
 Metaspace       used 34448K, capacity 35378K, committed 35496K, reserved 1079296K
  class space    used 4813K, capacity 5053K, committed 5120K, reserved 1048576K
}
Event: 35.100 GC heap before
{Heap before GC invocations=9 (full 2):
 PSYoungGen      total 141824K, used 7912K [0x00000000f5580000, 0x00000000fff80000, 0x0000000100000000)
  eden space 129536K, 0% used [0x00000000f5580000,0x00000000f5580000,0x00000000fd400000)
  from space 12288K, 64% used [0x00000000fd400000,0x00000000fdbba398,0x00000000fe000000)
  to   space 11776K, 0% used [0x00000000ff400000,0x00000000ff400000,0x00000000fff80000)
 ParOldGen       total 175104K, used 6968K [0x00000000e0000000, 0x00000000eab00000, 0x00000000f5580000)
  object space 175104K, 3% used [0x00000000e0000000,0x00000000e06ce078,0x00000000eab00000)
 Metaspace       used 34448K, capacity 35378K, committed 35496K, reserved 1079296K
  class space    used 4813K, capacity 5053K, committed 5120K, reserved 1048576K
Event: 35.752 GC heap after
Heap after GC invocations=9 (full 2):
 PSYoungGen      total 141824K, used 0K [0x00000000f5580000, 0x00000000fff80000, 0x0000000100000000)
  eden space 129536K, 0% used [0x00000000f5580000,0x00000000f5580000,0x00000000fd400000)
  from space 12288K, 0% used [0x00000000fd400000,0x00000000fd400000,0x00000000fe000000)
  to   space 11776K, 0% used [0x00000000ff400000,0x00000000ff400000,0x00000000fff80000)
 ParOldGen       total 175104K, used 14454K [0x00000000e0000000, 0x00000000eab00000, 0x00000000f5580000)
  object space 175104K, 8% used [0x00000000e0000000,0x00000000e0e1d928,0x00000000eab00000)
 Metaspace       used 34448K, capacity 35378K, committed 35496K, reserved 1079296K
  class space    used 4813K, capacity 5053K, committed 5120K, reserved 1048576K
}

Deoptimization events (10 events):
Event: 45.252 Thread 0x0000000017829000 Uncommon trap: reason=unstable_if action=reinterpret pc=0x0000000004066964 method=java.lang.Class$MethodArray.removeLessSpecifics()V @ 65
Event: 45.403 Thread 0x0000000017829000 Uncommon trap: reason=null_check action=make_not_entrant pc=0x0000000003ba9acc method=org.gradle.util.internal.SimpleMapInterner.intern(Ljava/lang/Object;)Ljava/lang/Object; @ 2
Event: 45.494 Thread 0x0000000017829000 Uncommon trap: reason=unstable_if action=reinterpret pc=0x00000000037ae788 method=org.gradle.util.internal.SimpleMapInterner.intern(Ljava/lang/String;)Ljava/lang/String; @ 1
Event: 45.661 Thread 0x0000000017829000 Uncommon trap: reason=unstable_if action=reinterpret pc=0x0000000003e98c68 method=org.objectweb.asm.Type.getArgumentsAndReturnSizes(Ljava/lang/String;)I @ 117
Event: 45.906 Thread 0x0000000017829000 Uncommon trap: reason=bimorphic action=maybe_recompile pc=0x0000000003d7e384 method=java.util.AbstractCollection.addAll(Ljava/util/Collection;)Z @ 29
Event: 45.929 Thread 0x0000000017829000 Uncommon trap: reason=bimorphic action=maybe_recompile pc=0x0000000003d7e384 method=java.util.AbstractCollection.addAll(Ljava/util/Collection;)Z @ 29
Event: 45.929 Thread 0x0000000017829000 Uncommon trap: reason=bimorphic action=maybe_recompile pc=0x0000000003d7e384 method=java.util.AbstractCollection.addAll(Ljava/util/Collection;)Z @ 29
Event: 45.933 Thread 0x0000000017829000 Uncommon trap: reason=unstable_if action=reinterpret pc=0x0000000004055268 method=java.util.HashMap.putVal(ILjava/lang/Object;Ljava/lang/Object;ZZ)Ljava/lang/Object; @ 109
Event: 45.934 Thread 0x0000000017829000 Uncommon trap: reason=unstable_if action=reinterpret pc=0x0000000003fd89ac method=java.util.HashMap.putVal(ILjava/lang/Object;Ljava/lang/Object;ZZ)Ljava/lang/Object; @ 109
Event: 45.934 Thread 0x0000000017829000 Uncommon trap: reason=unstable_if action=reinterpret pc=0x00000000038decc0 method=java.util.HashMap.putVal(ILjava/lang/Object;Ljava/lang/Object;ZZ)Ljava/lang/Object; @ 109

Classes redefined (0 events):
No events

Internal exceptions (10 events):
Event: 45.874 Thread 0x0000000017829000 Exception <a 'java/lang/ClassNotFoundException': org/gradle/api/internal/ConventionTaskBeanInfo> (0x00000000fc6fecd0) thrown at [C:\re\workspace\8-2-build-windows-amd64-cygwin\jdk8u231\13620\hotspot\src\share\vm\classfile\systemDictionary.cpp, line 210]
Event: 45.875 Thread 0x0000000017829000 Exception <a 'java/lang/ClassNotFoundException': org/gradle/api/DefaultTaskBeanInfo> (0x00000000fc725a68) thrown at [C:\re\workspace\8-2-build-windows-amd64-cygwin\jdk8u231\13620\hotspot\src\share\vm\classfile\systemDictionary.cpp, line 210]
Event: 45.876 Thread 0x0000000017829000 Exception <a 'java/lang/ClassNotFoundException': org/gradle/api/internal/AbstractTaskBeanInfo> (0x00000000fc7531f8) thrown at [C:\re\workspace\8-2-build-windows-amd64-cygwin\jdk8u231\13620\hotspot\src\share\vm\classfile\systemDictionary.cpp, line 210]
Event: 45.877 Thread 0x0000000017829000 Exception <a 'java/lang/ClassNotFoundException': org/gradle/api/internal/AbstractTaskCustomizer> (0x00000000fc781570) thrown at [C:\re\workspace\8-2-build-windows-amd64-cygwin\jdk8u231\13620\hotspot\src\share\vm\classfile\systemDictionary.cpp, line 210]
Event: 45.882 Thread 0x0000000017829000 Exception <a 'java/lang/ClassNotFoundException': org/gradle/api/DefaultTaskCustomizer> (0x00000000fc811000) thrown at [C:\re\workspace\8-2-build-windows-amd64-cygwin\jdk8u231\13620\hotspot\src\share\vm\classfile\systemDictionary.cpp, line 210]
Event: 45.883 Thread 0x0000000017829000 Exception <a 'java/lang/ClassNotFoundException': org/gradle/api/internal/ConventionTaskCustomizer> (0x00000000fc8509d0) thrown at [C:\re\workspace\8-2-build-windows-amd64-cygwin\jdk8u231\13620\hotspot\src\share\vm\classfile\systemDictionary.cpp, line 210]
Event: 45.884 Thread 0x0000000017829000 Exception <a 'java/lang/ClassNotFoundException': org/gradle/api/tasks/testing/AbstractTestTaskCustomizer> (0x00000000fc8a9db8) thrown at [C:\re\workspace\8-2-build-windows-amd64-cygwin\jdk8u231\13620\hotspot\src\share\vm\classfile\systemDictionary.cpp, li
Event: 45.886 Thread 0x0000000017829000 Exception <a 'java/lang/ClassNotFoundException': org/gradle/api/tasks/testing/TestCustomizer> (0x00000000fc917118) thrown at [C:\re\workspace\8-2-build-windows-amd64-cygwin\jdk8u231\13620\hotspot\src\share\vm\classfile\systemDictionary.cpp, line 210]
Event: 45.893 Thread 0x0000000017829000 Exception <a 'java/lang/ClassNotFoundException': org/gradle/api/tasks/testing/Test_DecoratedCustomizer> (0x00000000fca40d70) thrown at [C:\re\workspace\8-2-build-windows-amd64-cygwin\jdk8u231\13620\hotspot\src\share\vm\classfile\systemDictionary.cpp, line
Event: 45.930 Thread 0x0000000017829000 Exception <a 'java/lang/NoSuchMethodError': java.lang.Object.lambda$static$0(Lorg/gradle/api/internal/tasks/TaskDependencyResolveContext;)V> (0x00000000fcc56560) thrown at [C:\re\workspace\8-2-build-windows-amd64-cygwin\jdk8u231\13620\hotspot\src\share\vm

Events (10 events):
Event: 45.996 loading class javax/management/DynamicMBean
Event: 46.155 loading class javax/management/DynamicMBean done
Event: 46.155 loading class javax/management/MBeanRegistration
Event: 46.155 loading class javax/management/MBeanRegistration done
Event: 46.155 loading class javax/management/MBeanServerDelegate
Event: 46.162 loading class javax/management/MBeanServerDelegateMBean
Event: 46.162 loading class javax/management/MBeanServerDelegateMBean done
Event: 46.162 loading class javax/management/MBeanServerDelegate done
Event: 46.162 loading class com/sun/jmx/mbeanserver/MBeanServerDelegateImpl done
Event: 46.162 loading class javax/management/MBeanNotificationInfo


Dynamic libraries:
0x00007ff692ea0000 - 0x00007ff692ed7000 	C:\Program Files\Java\jdk1.8.0_231\bin\java.exe
0x00007ffcf0940000 - 0x00007ffcf0b30000 	C:\Windows\SYSTEM32\ntdll.dll
0x00007ffceeb10000 - 0x00007ffceebc2000 	C:\Windows\System32\KERNEL32.DLL
0x00007ffcee550000 - 0x00007ffcee7f4000 	C:\Windows\System32\KERNELBASE.dll
0x00007ffcf0280000 - 0x00007ffcf0323000 	C:\Windows\System32\ADVAPI32.dll
0x00007ffcefd70000 - 0x00007ffcefe0e000 	C:\Windows\System32\msvcrt.dll
0x00007ffcf0330000 - 0x00007ffcf03c7000 	C:\Windows\System32\sechost.dll
0x00007ffcee9f0000 - 0x00007ffceeb10000 	C:\Windows\System32\RPCRT4.dll
0x00007ffcef720000 - 0x00007ffcef8b4000 	C:\Windows\System32\USER32.dll
0x00007ffcee800000 - 0x00007ffcee821000 	C:\Windows\System32\win32u.dll
0x00007ffcefa80000 - 0x00007ffcefaa6000 	C:\Windows\System32\GDI32.dll
0x00007ffcee850000 - 0x00007ffcee9e5000 	C:\Windows\System32\gdi32full.dll
0x00007ffced9e0000 - 0x00007ffceda7e000 	C:\Windows\System32\msvcp_win.dll
0x00007ffceda80000 - 0x00007ffcedb7a000 	C:\Windows\System32\ucrtbase.dll
0x00007ffcdd810000 - 0x00007ffcdda94000 	C:\Windows\WinSxS\amd64_microsoft.windows.common-controls_6595b64144ccf1df_6.0.18362.900_none_e6beb9d913147d17\COMCTL32.dll
0x00007ffceebd0000 - 0x00007ffceef05000 	C:\Windows\System32\combase.dll
0x00007ffcee300000 - 0x00007ffcee380000 	C:\Windows\System32\bcryptPrimitives.dll
0x00007ffceef30000 - 0x00007ffceef5e000 	C:\Windows\System32\IMM32.DLL
0x0000000061260000 - 0x0000000061332000 	C:\Program Files\Java\jdk1.8.0_231\jre\bin\msvcr100.dll
0x00000000609b0000 - 0x0000000061256000 	C:\Program Files\Java\jdk1.8.0_231\jre\bin\server\jvm.dll
0x00007ffcf08e0000 - 0x00007ffcf08e8000 	C:\Windows\System32\PSAPI.DLL
0x00007ffce9dd0000 - 0x00007ffce9dd9000 	C:\Windows\SYSTEM32\WSOCK32.dll
0x00007ffcf04a0000 - 0x00007ffcf050f000 	C:\Windows\System32\WS2_32.dll
0x00007ffce1030000 - 0x00007ffce1054000 	C:\Windows\SYSTEM32\WINMM.dll
0x00007ffce6e60000 - 0x00007ffce6e6a000 	C:\Windows\SYSTEM32\VERSION.dll
0x00007ffce1000000 - 0x00007ffce102d000 	C:\Windows\SYSTEM32\WINMMBASE.dll
0x00007ffcee500000 - 0x00007ffcee54a000 	C:\Windows\System32\cfgmgr32.dll
0x00007ffcdd760000 - 0x00007ffcdd76f000 	C:\Program Files\Java\jdk1.8.0_231\jre\bin\verify.dll
0x00007ffcb5020000 - 0x00007ffcb5049000 	C:\Program Files\Java\jdk1.8.0_231\jre\bin\java.dll
0x00007ffcb7420000 - 0x00007ffcb7436000 	C:\Program Files\Java\jdk1.8.0_231\jre\bin\zip.dll
0x00007ffcef030000 - 0x00007ffcef716000 	C:\Windows\System32\SHELL32.dll
0x00007ffcef9d0000 - 0x00007ffcefa79000 	C:\Windows\System32\shcore.dll
0x00007ffcedb80000 - 0x00007ffcee300000 	C:\Windows\System32\windows.storage.dll
0x00007ffced8a0000 - 0x00007ffced8c3000 	C:\Windows\System32\profapi.dll
0x00007ffced830000 - 0x00007ffced87a000 	C:\Windows\System32\powrprof.dll
0x00007ffced800000 - 0x00007ffced810000 	C:\Windows\System32\UMPDC.dll
0x00007ffcf0510000 - 0x00007ffcf0562000 	C:\Windows\System32\shlwapi.dll
0x00007ffced810000 - 0x00007ffced821000 	C:\Windows\System32\kernel.appcore.dll
0x00007ffcee830000 - 0x00007ffcee847000 	C:\Windows\System32\cryptsp.dll
0x00007ffcb52b0000 - 0x00007ffcb52ca000 	C:\Program Files\Java\jdk1.8.0_231\jre\bin\net.dll
0x00007ffced010000 - 0x00007ffced077000 	C:\Windows\system32\mswsock.dll
0x00007ffcb4b90000 - 0x00007ffcb4ba2000 	C:\Program Files\Java\jdk1.8.0_231\jre\bin\nio.dll
0x00007ffcb4ab0000 - 0x00007ffcb4ad7000 	C:\Users\bitcamp\.gradle\native\c976cfcca226fdd4bee4412e95191dd41148b7504f9625baeda1d523bc39a967\windows-amd64\native-platform.dll
0x00007ffce48b0000 - 0x00007ffce48bd000 	C:\Program Files\Java\jdk1.8.0_231\jre\bin\management.dll
0x00007ffcecb80000 - 0x00007ffcecbb3000 	C:\Windows\system32\rsaenh.dll
0x00007ffcee380000 - 0x00007ffcee3a6000 	C:\Windows\System32\bcrypt.dll
0x00007ffced720000 - 0x00007ffced745000 	C:\Windows\SYSTEM32\USERENV.dll
0x00007ffced1e0000 - 0x00007ffced1ec000 	C:\Windows\SYSTEM32\CRYPTBASE.dll
0x00007ffcecd20000 - 0x00007ffcecd5a000 	C:\Windows\SYSTEM32\IPHLPAPI.DLL
0x00007ffcf08f0000 - 0x00007ffcf08f8000 	C:\Windows\System32\NSI.dll
0x00007ffce9230000 - 0x00007ffce9246000 	C:\Windows\SYSTEM32\dhcpcsvc6.DLL
0x00007ffce9150000 - 0x00007ffce916c000 	C:\Windows\SYSTEM32\dhcpcsvc.DLL
0x00007ffcecd60000 - 0x00007ffcece2b000 	C:\Windows\SYSTEM32\DNSAPI.dll

VM Arguments:
jvm_args: -XX:MaxMetaspaceSize=256m -XX:+HeapDumpOnOutOfMemoryError -Xms256m -Xmx512m -Dfile.encoding=x-windows-949 -Duser.country=KR -Duser.language=ko -Duser.variant 
java_command: org.gradle.launcher.daemon.bootstrap.GradleDaemon 6.3
java_class_path (initial): C:\Users\bitcamp\.gradle\wrapper\dists\gradle-6.3-all\b4awcolw9l59x95tu1obfh9i8\gradle-6.3\lib\gradle-launcher-6.3.jar
Launcher Type: SUN_STANDARD

Environment Variables:
JAVA_HOME=C:\Program Files\Java\jdk1.8.0_231
PATH=C:\Windows\system32;C:\Windows;C:\Windows\System32\Wbem;C:\Windows\System32\WindowsPowerShell\v1.0\;C:\Windows\System32\OpenSSH\;C:\Program Files\Java\jdk1.8.0_231\\bin;C:\Program Files\Git\cmd;C:\Program Files\PuTTY\;C:\Program Files\TortoiseSVN\bin;C:\Program Files\VisualSVN Server\bin;C:\Program Files\MySQL\MySQL Server 8.0\bin;C:\Program Files\MySQL\MySQL Shell 8.0\bin\;C:\Users\bitcamp\AppData\Local\Microsoft\WindowsApps;C:\Program Files\Bandizip\;C:\Users\bitcamp\AppData\Local\atom\bin
USERNAME=bitcamp
OS=Windows_NT
PROCESSOR_IDENTIFIER=Intel64 Family 6 Model 60 Stepping 3, GenuineIntel



---------------  S Y S T E M  ---------------

OS: Windows 10.0 , 64 bit Build 18362 (10.0.18362.900)

CPU:total 4 (initial active 4) (4 cores per cpu, 1 threads per core) family 6 model 60 stepping 3, cmov, cx8, fxsr, mmx, sse, sse2, sse3, ssse3, sse4.1, sse4.2, popcnt, avx, avx2, aes, clmul, erms, lzcnt, tsc, tscinvbit, bmi1, bmi2

Memory: 4k page, physical 8306752k(337384k free), swap 22876732k(456k free)

vm_info: Java HotSpot(TM) 64-Bit Server VM (25.231-b11) for windows-amd64 JRE (1.8.0_231-b11), built on Oct  5 2019 03:11:30 by "java_re" with MS VC++ 10.0 (VS2010)

time: Tue Jun 23 18:21:35 2020
timezone: 대한민국 표준시
elapsed time: 46 seconds (0d 0h 0m 46s)

