#
# There is insufficient memory for the Java Runtime Environment to continue.
# Native memory allocation (malloc) failed to allocate 205312 bytes for Chunk::new
# Possible reasons:
#   The system is out of physical RAM or swap space
#   The process is running with CompressedOops enabled, and the Java Heap may be blocking the growth of the native heap
# Possible solutions:
#   Reduce memory load on the system
#   Increase physical memory or swap space
#   Check if swap backing store is full
#   Decrease Java heap size (-Xmx/-Xms)
#   Decrease number of Java threads
#   Decrease Java thread stack sizes (-Xss)
#   Set larger code cache with -XX:ReservedCodeCacheSize=
#   JVM is running with Unscaled Compressed Oops mode in which the Java heap is
#     placed in the first 4GB address space. The Java Heap base address is the
#     maximum limit for the native heap growth. Please use -XX:HeapBaseMinAddress
#     to set the Java Heap base and to place the Java Heap above 4GB virtual address.
# This output file may be truncated or incomplete.
#
#  Out of Memory Error (allocation.cpp:389), pid=4524, tid=0x0000000000000d18
#
# JRE version: Java(TM) SE Runtime Environment (8.0_231-b11) (build 1.8.0_231-b11)
# Java VM: Java HotSpot(TM) 64-Bit Server VM (25.231-b11 mixed mode windows-amd64 compressed oops)
# Failed to write core dump. Minidumps are not enabled by default on client versions of Windows
#

---------------  T H R E A D  ---------------

Current thread (0x0000000013e1b000):  JavaThread "C2 CompilerThread0" daemon [_thread_in_native, id=3352, stack(0x0000000015730000,0x0000000015830000)]

Stack: [0x0000000015730000,0x0000000015830000]
[error occurred during error reporting (printing stack bounds), id 0xc0000005]

Native frames: (J=compiled Java code, j=interpreted, Vv=VM code, C=native code)


Current CompileTask:
C2:  39238 1958   !   4       java.lang.ClassLoader::getPackage (118 bytes)


---------------  P R O C E S S  ---------------

Java Threads: ( => current thread )
  0x00000000172a0000 JavaThread "Cache worker for cache directory md-supplier (C:\Users\bitcamp\.gradle\caches\6.3\md-supplier)" [_thread_blocked, id=7232, stack(0x000000001b0f0000,0x000000001b1f0000)]
  0x00000000172a4800 JavaThread "Cache worker for file hash cache (D:\injImportFolder\thehouse\.gradle\6.3\fileHashes)" [_thread_blocked, id=2172, stack(0x000000001adf0000,0x000000001aef0000)]
  0x00000000172a3000 JavaThread "Cache worker for checksums cache (D:\injImportFolder\thehouse\.gradle\checksums)" [_thread_blocked, id=13616, stack(0x000000001acf0000,0x000000001adf0000)]
  0x00000000172a3800 JavaThread "Cache worker for file hash cache (C:\Users\bitcamp\.gradle\caches\6.3\fileHashes)" [_thread_blocked, id=14104, stack(0x000000001a7f0000,0x000000001a8f0000)]
  0x00000000172a1800 JavaThread "File lock release action executor" [_thread_blocked, id=10132, stack(0x000000001a6f0000,0x000000001a7f0000)]
  0x000000001729d800 JavaThread "File lock request listener" [_thread_in_native, id=14228, stack(0x000000001a5f0000,0x000000001a6f0000)]
  0x00000000172a2000 JavaThread "Cache worker for journal cache (C:\Users\bitcamp\.gradle\caches\journal-1)" [_thread_blocked, id=14192, stack(0x0000000019520000,0x0000000019620000)]
  0x0000000016c4a000 JavaThread "Thread-9" [_thread_blocked, id=14148, stack(0x0000000018250000,0x0000000018350000)]
  0x00000000153fc000 JavaThread "Stdin handler" [_thread_blocked, id=14144, stack(0x0000000018150000,0x0000000018250000)]
  0x00000000168e2000 JavaThread "Asynchronous log dispatcher for DefaultDaemonConnection: socket connection from /127.0.0.1:59544 to /127.0.0.1:59549" [_thread_blocked, id=14140, stack(0x0000000018050000,0x0000000018150000)]
  0x0000000016aad800 JavaThread "Daemon worker" [_thread_in_Java, id=14124, stack(0x0000000017f50000,0x0000000018050000)]
  0x0000000016c0b000 JavaThread "Cancel handler" [_thread_blocked, id=14052, stack(0x0000000017e50000,0x0000000017f50000)]
  0x000000001518e800 JavaThread "Handler for socket connection from /127.0.0.1:59544 to /127.0.0.1:59549" [_thread_in_native, id=14040, stack(0x0000000017d50000,0x0000000017e50000)]
  0x000000001518b000 JavaThread "Daemon" [_thread_blocked, id=14028, stack(0x0000000017c50000,0x0000000017d50000)]
  0x000000001718a000 JavaThread "Daemon periodic checks" [_thread_blocked, id=13952, stack(0x0000000017950000,0x0000000017a50000)]
  0x0000000015175000 JavaThread "Incoming local TCP Connector on port 59544" [_thread_in_native, id=13928, stack(0x0000000015d30000,0x0000000015e30000)]
  0x0000000016ab5000 JavaThread "Daemon health stats" [_thread_blocked, id=13812, stack(0x0000000015c30000,0x0000000015d30000)]
  0x0000000015194800 JavaThread "Service Thread" daemon [_thread_blocked, id=1196, stack(0x0000000015a30000,0x0000000015b30000)]
  0x000000001513d000 JavaThread "C1 CompilerThread2" daemon [_thread_blocked, id=1616, stack(0x0000000015930000,0x0000000015a30000)]
  0x0000000015139000 JavaThread "C2 CompilerThread1" daemon [_thread_blocked, id=8568, stack(0x0000000015830000,0x0000000015930000)]
=>0x0000000013e1b000 JavaThread "C2 CompilerThread0" daemon [_thread_in_native, id=3352, stack(0x0000000015730000,0x0000000015830000)]
  0x0000000013dcf800 JavaThread "Attach Listener" daemon [_thread_blocked, id=5248, stack(0x0000000015630000,0x0000000015730000)]
  0x0000000015138800 JavaThread "Signal Dispatcher" daemon [_thread_blocked, id=7020, stack(0x0000000015530000,0x0000000015630000)]
  0x0000000002994800 JavaThread "Finalizer" daemon [_thread_blocked, id=6256, stack(0x0000000015030000,0x0000000015130000)]
  0x0000000013daa000 JavaThread "Reference Handler" daemon [_thread_blocked, id=6912, stack(0x0000000014f30000,0x0000000015030000)]
  0x000000000289e000 JavaThread "main" [_thread_blocked, id=6544, stack(0x0000000002710000,0x0000000002810000)]

Other Threads:
  0x0000000013d88000 VMThread [stack: 0x0000000014e30000,0x0000000014f30000] [id=12080]
  0x00000000151a6000 WatcherThread [stack: 0x0000000015b30000,0x0000000015c30000] [id=8624]

VM state:not at safepoint (normal execution)

VM Mutex/Monitor currently owned by a thread: None

heap address: 0x00000000e0000000, size: 512 MB, Compressed Oops mode: 32-bit
Narrow klass base: 0x0000000000000000, Narrow klass shift: 3
Compressed class space size: 1073741824 Address: 0x0000000100000000

Heap:
 PSYoungGen      total 76288K, used 15461K [0x00000000f5580000, 0x00000000fea80000, 0x0000000100000000)
  eden space 65536K, 23% used [0x00000000f5580000,0x00000000f64996c0,0x00000000f9580000)
  from space 10752K, 0% used [0x00000000fa000000,0x00000000fa000000,0x00000000faa80000)
  to   space 10752K, 0% used [0x00000000f9580000,0x00000000f9580000,0x00000000fa000000)
 ParOldGen       total 175104K, used 6990K [0x00000000e0000000, 0x00000000eab00000, 0x00000000f5580000)
  object space 175104K, 3% used [0x00000000e0000000,0x00000000e06d39a8,0x00000000eab00000)
 Metaspace       used 21341K, capacity 21972K, committed 22272K, reserved 1069056K
  class space    used 3067K, capacity 3254K, committed 3328K, reserved 1048576K

Card table byte_map: [0x0000000011d60000,0x0000000011e70000] byte_map_base: 0x0000000011660000

Marking Bits: (ParMarkBitMap*) 0x00000000611d6d90
 Begin Bits: [0x0000000012320000, 0x0000000012b20000)
 End Bits:   [0x0000000012b20000, 0x0000000013320000)

Polling page: 0x00000000003f0000

CodeCache: size=245760Kb used=5906Kb max_used=5906Kb free=239853Kb
 bounds [0x00000000029a0000, 0x0000000002f70000, 0x00000000119a0000]
 total_blobs=2226 nmethods=1796 adapters=342
 compilation: enabled

Compilation events (10 events):
Event: 39.152 Thread 0x000000001513d000 nmethod 1957 0x0000000002de8fd0 code [0x0000000002de9160, 0x0000000002de97b8]
Event: 39.162 Thread 0x0000000013e1b000 1958   !   4       java.lang.ClassLoader::getPackage (118 bytes)
Event: 39.168 Thread 0x000000001513d000 1959       3       jdk.internal.org.objectweb.asm.MethodWriter::visitMaxs (1159 bytes)
Event: 39.171 Thread 0x000000001513d000 nmethod 1959 0x0000000002f662d0 code [0x0000000002f66780, 0x0000000002f68db8]
Event: 39.171 Thread 0x000000001513d000 1960       3       jdk.internal.org.objectweb.asm.MethodWriter::visitEnd (1 bytes)
Event: 39.171 Thread 0x000000001513d000 nmethod 1960 0x0000000002e25550 code [0x0000000002e256a0, 0x0000000002e257f0]
Event: 39.178 Thread 0x000000001513d000 1962       3       java.lang.reflect.Modifier::isFinal (13 bytes)
Event: 39.178 Thread 0x000000001513d000 nmethod 1962 0x0000000002d81650 code [0x0000000002d817a0, 0x0000000002d81930]
Event: 39.178 Thread 0x000000001513d000 1963       1       java.lang.invoke.MethodType::parameterCount (6 bytes)
Event: 39.178 Thread 0x000000001513d000 nmethod 1963 0x0000000002de8cd0 code [0x0000000002de8e20, 0x0000000002de8f30]

GC Heap History (10 events):
Event: 12.602 GC heap before
{Heap before GC invocations=1 (full 0):
 PSYoungGen      total 76288K, used 65536K [0x00000000f5580000, 0x00000000faa80000, 0x0000000100000000)
  eden space 65536K, 100% used [0x00000000f5580000,0x00000000f9580000,0x00000000f9580000)
  from space 10752K, 0% used [0x00000000fa000000,0x00000000fa000000,0x00000000faa80000)
  to   space 10752K, 0% used [0x00000000f9580000,0x00000000f9580000,0x00000000fa000000)
 ParOldGen       total 175104K, used 0K [0x00000000e0000000, 0x00000000eab00000, 0x00000000f5580000)
  object space 175104K, 0% used [0x00000000e0000000,0x00000000e0000000,0x00000000eab00000)
 Metaspace       used 7812K, capacity 8098K, committed 8320K, reserved 1056768K
  class space    used 986K, capacity 1081K, committed 1152K, reserved 1048576K
Event: 12.626 GC heap after
Heap after GC invocations=1 (full 0):
 PSYoungGen      total 76288K, used 6110K [0x00000000f5580000, 0x00000000faa80000, 0x0000000100000000)
  eden space 65536K, 0% used [0x00000000f5580000,0x00000000f5580000,0x00000000f9580000)
  from space 10752K, 56% used [0x00000000f9580000,0x00000000f9b779d8,0x00000000fa000000)
  to   space 10752K, 0% used [0x00000000fa000000,0x00000000fa000000,0x00000000faa80000)
 ParOldGen       total 175104K, used 16K [0x00000000e0000000, 0x00000000eab00000, 0x00000000f5580000)
  object space 175104K, 0% used [0x00000000e0000000,0x00000000e0004000,0x00000000eab00000)
 Metaspace       used 7812K, capacity 8098K, committed 8320K, reserved 1056768K
  class space    used 986K, capacity 1081K, committed 1152K, reserved 1048576K
}
Event: 23.284 GC heap before
{Heap before GC invocations=2 (full 0):
 PSYoungGen      total 76288K, used 71646K [0x00000000f5580000, 0x00000000faa80000, 0x0000000100000000)
  eden space 65536K, 100% used [0x00000000f5580000,0x00000000f9580000,0x00000000f9580000)
  from space 10752K, 56% used [0x00000000f9580000,0x00000000f9b779d8,0x00000000fa000000)
  to   space 10752K, 0% used [0x00000000fa000000,0x00000000fa000000,0x00000000faa80000)
 ParOldGen       total 175104K, used 16K [0x00000000e0000000, 0x00000000eab00000, 0x00000000f5580000)
  object space 175104K, 0% used [0x00000000e0000000,0x00000000e0004000,0x00000000eab00000)
 Metaspace       used 15147K, capacity 15610K, committed 15744K, reserved 1062912K
  class space    used 2032K, capacity 2155K, committed 2176K, reserved 1048576K
Event: 23.311 GC heap after
Heap after GC invocations=2 (full 0):
 PSYoungGen      total 76288K, used 9349K [0x00000000f5580000, 0x00000000faa80000, 0x0000000100000000)
  eden space 65536K, 0% used [0x00000000f5580000,0x00000000f5580000,0x00000000f9580000)
  from space 10752K, 86% used [0x00000000fa000000,0x00000000fa921560,0x00000000faa80000)
  to   space 10752K, 0% used [0x00000000f9580000,0x00000000f9580000,0x00000000fa000000)
 ParOldGen       total 175104K, used 24K [0x00000000e0000000, 0x00000000eab00000, 0x00000000f5580000)
  object space 175104K, 0% used [0x00000000e0000000,0x00000000e0006000,0x00000000eab00000)
 Metaspace       used 15147K, capacity 15610K, committed 15744K, reserved 1062912K
  class space    used 2032K, capacity 2155K, committed 2176K, reserved 1048576K
}
Event: 38.255 GC heap before
{Heap before GC invocations=3 (full 0):
 PSYoungGen      total 76288K, used 74885K [0x00000000f5580000, 0x00000000faa80000, 0x0000000100000000)
  eden space 65536K, 100% used [0x00000000f5580000,0x00000000f9580000,0x00000000f9580000)
  from space 10752K, 86% used [0x00000000fa000000,0x00000000fa921560,0x00000000faa80000)
  to   space 10752K, 0% used [0x00000000f9580000,0x00000000f9580000,0x00000000fa000000)
 ParOldGen       total 175104K, used 24K [0x00000000e0000000, 0x00000000eab00000, 0x00000000f5580000)
  object space 175104K, 0% used [0x00000000e0000000,0x00000000e0006000,0x00000000eab00000)
 Metaspace       used 20414K, capacity 21078K, committed 21296K, reserved 1067008K
  class space    used 2907K, capacity 3111K, committed 3200K, reserved 1048576K
Event: 38.296 GC heap after
Heap after GC invocations=3 (full 0):
 PSYoungGen      total 76288K, used 10721K [0x00000000f5580000, 0x00000000faa80000, 0x0000000100000000)
  eden space 65536K, 0% used [0x00000000f5580000,0x00000000f5580000,0x00000000f9580000)
  from space 10752K, 99% used [0x00000000f9580000,0x00000000f9ff8688,0x00000000fa000000)
  to   space 10752K, 0% used [0x00000000fa000000,0x00000000fa000000,0x00000000faa80000)
 ParOldGen       total 175104K, used 952K [0x00000000e0000000, 0x00000000eab00000, 0x00000000f5580000)
  object space 175104K, 0% used [0x00000000e0000000,0x00000000e00ee220,0x00000000eab00000)
 Metaspace       used 20414K, capacity 21078K, committed 21296K, reserved 1067008K
  class space    used 2907K, capacity 3111K, committed 3200K, reserved 1048576K
}
Event: 38.330 GC heap before
{Heap before GC invocations=4 (full 0):
 PSYoungGen      total 76288K, used 16377K [0x00000000f5580000, 0x00000000faa80000, 0x0000000100000000)
  eden space 65536K, 8% used [0x00000000f5580000,0x00000000f5b05ee8,0x00000000f9580000)
  from space 10752K, 99% used [0x00000000f9580000,0x00000000f9ff8688,0x00000000fa000000)
  to   space 10752K, 0% used [0x00000000fa000000,0x00000000fa000000,0x00000000faa80000)
 ParOldGen       total 175104K, used 952K [0x00000000e0000000, 0x00000000eab00000, 0x00000000f5580000)
  object space 175104K, 0% used [0x00000000e0000000,0x00000000e00ee220,0x00000000eab00000)
 Metaspace       used 20593K, capacity 21238K, committed 21296K, reserved 1067008K
  class space    used 2938K, capacity 3143K, committed 3200K, reserved 1048576K
Event: 38.369 GC heap after
Heap after GC invocations=4 (full 0):
 PSYoungGen      total 76288K, used 7054K [0x00000000f5580000, 0x00000000fea80000, 0x0000000100000000)
  eden space 65536K, 0% used [0x00000000f5580000,0x00000000f5580000,0x00000000f9580000)
  from space 10752K, 65% used [0x00000000fa000000,0x00000000fa6e3a80,0x00000000faa80000)
  to   space 10752K, 0% used [0x00000000f9580000,0x00000000f9580000,0x00000000fa000000)
 ParOldGen       total 175104K, used 960K [0x00000000e0000000, 0x00000000eab00000, 0x00000000f5580000)
  object space 175104K, 0% used [0x00000000e0000000,0x00000000e00f0220,0x00000000eab00000)
 Metaspace       used 20593K, capacity 21238K, committed 21296K, reserved 1067008K
  class space    used 2938K, capacity 3143K, committed 3200K, reserved 1048576K
}
Event: 38.369 GC heap before
{Heap before GC invocations=5 (full 1):
 PSYoungGen      total 76288K, used 7054K [0x00000000f5580000, 0x00000000fea80000, 0x0000000100000000)
  eden space 65536K, 0% used [0x00000000f5580000,0x00000000f5580000,0x00000000f9580000)
  from space 10752K, 65% used [0x00000000fa000000,0x00000000fa6e3a80,0x00000000faa80000)
  to   space 10752K, 0% used [0x00000000f9580000,0x00000000f9580000,0x00000000fa000000)
 ParOldGen       total 175104K, used 960K [0x00000000e0000000, 0x00000000eab00000, 0x00000000f5580000)
  object space 175104K, 0% used [0x00000000e0000000,0x00000000e00f0220,0x00000000eab00000)
 Metaspace       used 20593K, capacity 21238K, committed 21296K, reserved 1067008K
  class space    used 2938K, capacity 3143K, committed 3200K, reserved 1048576K
Event: 38.526 GC heap after
Heap after GC invocations=5 (full 1):
 PSYoungGen      total 76288K, used 0K [0x00000000f5580000, 0x00000000fea80000, 0x0000000100000000)
  eden space 65536K, 0% used [0x00000000f5580000,0x00000000f5580000,0x00000000f9580000)
  from space 10752K, 0% used [0x00000000fa000000,0x00000000fa000000,0x00000000faa80000)
  to   space 10752K, 0% used [0x00000000f9580000,0x00000000f9580000,0x00000000fa000000)
 ParOldGen       total 175104K, used 6990K [0x00000000e0000000, 0x00000000eab00000, 0x00000000f5580000)
  object space 175104K, 3% used [0x00000000e0000000,0x00000000e06d39a8,0x00000000eab00000)
 Metaspace       used 20593K, capacity 21238K, committed 21296K, reserved 1067008K
  class space    used 2938K, capacity 3143K, committed 3200K, reserved 1048576K
}

Deoptimization events (10 events):
Event: 18.247 Thread 0x0000000016aad800 Uncommon trap: reason=class_check action=maybe_recompile pc=0x0000000002ce7518 method=java.util.regex.Matcher.match(II)Z @ 86
Event: 18.247 Thread 0x0000000016aad800 Uncommon trap: reason=class_check action=maybe_recompile pc=0x0000000002b6d0d0 method=java.util.regex.Matcher.match(II)Z @ 86
Event: 35.778 Thread 0x0000000016aad800 Uncommon trap: reason=unstable_if action=reinterpret pc=0x0000000002ce2c54 method=java.io.File.getName()Ljava/lang/String; @ 16
Event: 35.778 Thread 0x0000000016aad800 Uncommon trap: reason=unstable_if action=reinterpret pc=0x0000000002cde1cc method=java.lang.String.substring(I)Ljava/lang/String; @ 35
Event: 35.935 Thread 0x0000000016aad800 Uncommon trap: reason=unstable_if action=reinterpret pc=0x0000000002ee4af4 method=java.util.jar.Manifest.getTrustedAttributes(Ljava/lang/String;)Ljava/util/jar/Attributes; @ 7
Event: 37.200 Thread 0x0000000016aad800 Uncommon trap: reason=unstable_if action=reinterpret pc=0x0000000002c19708 method=java.util.HashMap.getNode(ILjava/lang/Object;)Ljava/util/HashMap$Node; @ 129
Event: 37.372 Thread 0x0000000016aad800 Uncommon trap: reason=unstable_if action=reinterpret pc=0x0000000002d50dc8 method=java.net.URI.match(CJJ)Z @ 19
Event: 37.372 Thread 0x0000000016aad800 Uncommon trap: reason=unstable_if action=reinterpret pc=0x0000000002c66140 method=java.net.URI.match(CJJ)Z @ 19
Event: 37.372 Thread 0x0000000016aad800 Uncommon trap: reason=unstable_if action=reinterpret pc=0x0000000002b87448 method=java.net.URI.match(CJJ)Z @ 19
Event: 38.546 Thread 0x0000000016aad800 Uncommon trap: reason=unstable_if action=reinterpret pc=0x0000000002e88830 method=java.util.HashMap.hash(Ljava/lang/Object;)I @ 1

Classes redefined (0 events):
No events

Internal exceptions (10 events):
Event: 17.569 Thread 0x000000001518e800 Exception <a 'java/lang/NoSuchMethodError': <clinit>> (0x00000000f73e8e00) thrown at [C:\re\workspace\8-2-build-windows-amd64-cygwin\jdk8u231\13620\hotspot\src\share\vm\prims\jni.cpp, line 1614]
Event: 17.575 Thread 0x000000001518e800 Exception <a 'java/lang/NoSuchMethodError': <clinit>> (0x00000000f741ef18) thrown at [C:\re\workspace\8-2-build-windows-amd64-cygwin\jdk8u231\13620\hotspot\src\share\vm\prims\jni.cpp, line 1614]
Event: 17.577 Thread 0x000000001518e800 Exception <a 'java/lang/NoSuchMethodError': <clinit>> (0x00000000f742b3d0) thrown at [C:\re\workspace\8-2-build-windows-amd64-cygwin\jdk8u231\13620\hotspot\src\share\vm\prims\jni.cpp, line 1614]
Event: 35.951 Thread 0x0000000016aad800 Exception <a 'java/lang/NoSuchMethodError': java.lang.Object.lambda$and$0(Ljava/util/function/Predicate;Ljava/lang/Object;)Z> (0x00000000f6fa7b40) thrown at [C:\re\workspace\8-2-build-windows-amd64-cygwin\jdk8u231\13620\hotspot\src\share\vm\interpreter\li
Event: 35.961 Thread 0x0000000016aad800 Exception <a 'java/lang/IncompatibleClassChangeError': Found class java.lang.Object, but interface was expected> (0x00000000f6fb8330) thrown at [C:\re\workspace\8-2-build-windows-amd64-cygwin\jdk8u231\13620\hotspot\src\share\vm\interpreter\linkResolver.cp
Event: 35.963 Thread 0x0000000016aad800 Exception <a 'java/lang/NoSuchMethodError': java.lang.Object.lambda$or$2(Ljava/util/function/Predicate;Ljava/lang/Object;)Z> (0x00000000f6fbd250) thrown at [C:\re\workspace\8-2-build-windows-amd64-cygwin\jdk8u231\13620\hotspot\src\share\vm\interpreter\lin
Event: 36.082 Thread 0x0000000016aad800 Exception <a 'java/lang/NoSuchMethodError': java.lang.Object.lambda$static$0()Ljava/lang/String;> (0x00000000f710c1f0) thrown at [C:\re\workspace\8-2-build-windows-amd64-cygwin\jdk8u231\13620\hotspot\src\share\vm\interpreter\linkResolver.cpp, line 620]
Event: 36.919 Thread 0x0000000016aad800 Exception <a 'java/lang/NoSuchMethodError': java.lang.Object.lambda$withReadOnlyCache$0(Ljava/util/function/BiFunction;Lorg/gradle/api/internal/artifacts/ivyservice/ArtifactCacheMetadata;)Ljava/lang/Object;> (0x00000000f80d2a30) thrown at [C:\re\workspace
Event: 38.546 Thread 0x0000000016aad800 Implicit null exception at 0x0000000002e88615 to 0x0000000002e88821
Event: 39.150 Thread 0x0000000016aad800 Exception <a 'java/lang/NoSuchMethodError': java.lang.Object.lambda$static$0(Lorg/gradle/api/internal/artifacts/ivyservice/ivyresolve/ModuleComponentRepository;Ljava/lang/String;Lorg/gradle/api/internal/artifacts/configurations/ResolutionStrategyInternal;

Events (10 events):
Event: 39.174 loading class org/gradle/util/BuildCommencedTimeProvider done
Event: 39.175 loading class org/gradle/util/BuildCommencedTimeProvider
Event: 39.175 loading class org/gradle/util/BuildCommencedTimeProvider done
Event: 39.175 loading class org/gradle/internal/resolve/caching/CrossBuildCachingRuleExecutor$EntryValidator
Event: 39.175 loading class org/gradle/internal/resolve/caching/CrossBuildCachingRuleExecutor$EntryValidator done
Event: 39.180 loading class org/gradle/internal/resolve/caching/CrossBuildCachingRuleExecutor$CacheEntrySerializer
Event: 39.180 loading class org/gradle/internal/resolve/caching/CrossBuildCachingRuleExecutor$CacheEntrySerializer done
Event: 39.182 loading class org/gradle/internal/resolve/caching/CrossBuildCachingRuleExecutor$AnySerializer
Event: 39.182 loading class org/gradle/internal/resolve/caching/CrossBuildCachingRuleExecutor$AnySerializer done
Event: 39.183 Thread 0x00000000172a0000 Thread added: 0x00000000172a0000


Dynamic libraries:
0x00007ff692ea0000 - 0x00007ff692ed7000 	C:\Program Files\Java\jdk1.8.0_231\bin\java.exe
0x00007ffcf0940000 - 0x00007ffcf0b30000 	C:\Windows\SYSTEM32\ntdll.dll
0x00007ffceeb10000 - 0x00007ffceebc2000 	C:\Windows\System32\KERNEL32.DLL
0x00007ffcee550000 - 0x00007ffcee7f4000 	C:\Windows\System32\KERNELBASE.dll
0x00007ffcf0280000 - 0x00007ffcf0323000 	C:\Windows\System32\ADVAPI32.dll
0x00007ffcefd70000 - 0x00007ffcefe0e000 	C:\Windows\System32\msvcrt.dll
0x00007ffcf0330000 - 0x00007ffcf03c7000 	C:\Windows\System32\sechost.dll
0x00007ffcee9f0000 - 0x00007ffceeb10000 	C:\Windows\System32\RPCRT4.dll
0x00007ffcef720000 - 0x00007ffcef8b4000 	C:\Windows\System32\USER32.dll
0x00007ffcee800000 - 0x00007ffcee821000 	C:\Windows\System32\win32u.dll
0x00007ffcefa80000 - 0x00007ffcefaa6000 	C:\Windows\System32\GDI32.dll
0x00007ffcee850000 - 0x00007ffcee9e5000 	C:\Windows\System32\gdi32full.dll
0x00007ffced9e0000 - 0x00007ffceda7e000 	C:\Windows\System32\msvcp_win.dll
0x00007ffceda80000 - 0x00007ffcedb7a000 	C:\Windows\System32\ucrtbase.dll
0x00007ffcdd810000 - 0x00007ffcdda94000 	C:\Windows\WinSxS\amd64_microsoft.windows.common-controls_6595b64144ccf1df_6.0.18362.900_none_e6beb9d913147d17\COMCTL32.dll
0x00007ffceebd0000 - 0x00007ffceef05000 	C:\Windows\System32\combase.dll
0x00007ffcee300000 - 0x00007ffcee380000 	C:\Windows\System32\bcryptPrimitives.dll
0x00007ffceef30000 - 0x00007ffceef5e000 	C:\Windows\System32\IMM32.DLL
0x0000000061260000 - 0x0000000061332000 	C:\Program Files\Java\jdk1.8.0_231\jre\bin\msvcr100.dll
0x00000000609b0000 - 0x0000000061256000 	C:\Program Files\Java\jdk1.8.0_231\jre\bin\server\jvm.dll
0x00007ffcf08e0000 - 0x00007ffcf08e8000 	C:\Windows\System32\PSAPI.DLL
0x00007ffce9dd0000 - 0x00007ffce9dd9000 	C:\Windows\SYSTEM32\WSOCK32.dll
0x00007ffcf04a0000 - 0x00007ffcf050f000 	C:\Windows\System32\WS2_32.dll
0x00007ffce1030000 - 0x00007ffce1054000 	C:\Windows\SYSTEM32\WINMM.dll
0x00007ffce6e60000 - 0x00007ffce6e6a000 	C:\Windows\SYSTEM32\VERSION.dll
0x00007ffce1000000 - 0x00007ffce102d000 	C:\Windows\SYSTEM32\WINMMBASE.dll
0x00007ffcee500000 - 0x00007ffcee54a000 	C:\Windows\System32\cfgmgr32.dll
0x00007ffcdd760000 - 0x00007ffcdd76f000 	C:\Program Files\Java\jdk1.8.0_231\jre\bin\verify.dll
0x00007ffcb5020000 - 0x00007ffcb5049000 	C:\Program Files\Java\jdk1.8.0_231\jre\bin\java.dll
0x00007ffcb7420000 - 0x00007ffcb7436000 	C:\Program Files\Java\jdk1.8.0_231\jre\bin\zip.dll
0x00007ffcef030000 - 0x00007ffcef716000 	C:\Windows\System32\SHELL32.dll
0x00007ffcef9d0000 - 0x00007ffcefa79000 	C:\Windows\System32\shcore.dll
0x00007ffcedb80000 - 0x00007ffcee300000 	C:\Windows\System32\windows.storage.dll
0x00007ffced8a0000 - 0x00007ffced8c3000 	C:\Windows\System32\profapi.dll
0x00007ffced830000 - 0x00007ffced87a000 	C:\Windows\System32\powrprof.dll
0x00007ffced800000 - 0x00007ffced810000 	C:\Windows\System32\UMPDC.dll
0x00007ffcf0510000 - 0x00007ffcf0562000 	C:\Windows\System32\shlwapi.dll
0x00007ffced810000 - 0x00007ffced821000 	C:\Windows\System32\kernel.appcore.dll
0x00007ffcee830000 - 0x00007ffcee847000 	C:\Windows\System32\cryptsp.dll
0x00007ffcb52b0000 - 0x00007ffcb52ca000 	C:\Program Files\Java\jdk1.8.0_231\jre\bin\net.dll
0x00007ffced010000 - 0x00007ffced077000 	C:\Windows\system32\mswsock.dll
0x00007ffcb4b90000 - 0x00007ffcb4ba2000 	C:\Program Files\Java\jdk1.8.0_231\jre\bin\nio.dll
0x00007ffcb4ab0000 - 0x00007ffcb4ad7000 	C:\Users\bitcamp\.gradle\native\c976cfcca226fdd4bee4412e95191dd41148b7504f9625baeda1d523bc39a967\windows-amd64\native-platform.dll
0x00007ffce48b0000 - 0x00007ffce48bd000 	C:\Program Files\Java\jdk1.8.0_231\jre\bin\management.dll
0x00007ffcecb80000 - 0x00007ffcecbb3000 	C:\Windows\system32\rsaenh.dll
0x00007ffcee380000 - 0x00007ffcee3a6000 	C:\Windows\System32\bcrypt.dll
0x00007ffced720000 - 0x00007ffced745000 	C:\Windows\SYSTEM32\USERENV.dll
0x00007ffced1e0000 - 0x00007ffced1ec000 	C:\Windows\SYSTEM32\CRYPTBASE.dll
0x00007ffcecd20000 - 0x00007ffcecd5a000 	C:\Windows\SYSTEM32\IPHLPAPI.DLL
0x00007ffcf08f0000 - 0x00007ffcf08f8000 	C:\Windows\System32\NSI.dll
0x00007ffce9230000 - 0x00007ffce9246000 	C:\Windows\SYSTEM32\dhcpcsvc6.DLL
0x00007ffce9150000 - 0x00007ffce916c000 	C:\Windows\SYSTEM32\dhcpcsvc.DLL
0x00007ffcecd60000 - 0x00007ffcece2b000 	C:\Windows\SYSTEM32\DNSAPI.dll

VM Arguments:
jvm_args: -XX:MaxMetaspaceSize=256m -XX:+HeapDumpOnOutOfMemoryError -Xms256m -Xmx512m -Dfile.encoding=x-windows-949 -Duser.country=KR -Duser.language=ko -Duser.variant 
java_command: org.gradle.launcher.daemon.bootstrap.GradleDaemon 6.3
java_class_path (initial): C:\Users\bitcamp\.gradle\wrapper\dists\gradle-6.3-all\b4awcolw9l59x95tu1obfh9i8\gradle-6.3\lib\gradle-launcher-6.3.jar
Launcher Type: SUN_STANDARD

Environment Variables:
JAVA_HOME=C:\Program Files\Java\jdk1.8.0_231
PATH=C:\Windows\system32;C:\Windows;C:\Windows\System32\Wbem;C:\Windows\System32\WindowsPowerShell\v1.0\;C:\Windows\System32\OpenSSH\;C:\Program Files\Java\jdk1.8.0_231\\bin;C:\Program Files\Git\cmd;C:\Program Files\PuTTY\;C:\Program Files\TortoiseSVN\bin;C:\Program Files\VisualSVN Server\bin;C:\Program Files\MySQL\MySQL Server 8.0\bin;C:\Program Files\MySQL\MySQL Shell 8.0\bin\;C:\Users\bitcamp\AppData\Local\Microsoft\WindowsApps;C:\Program Files\Bandizip\;C:\Users\bitcamp\AppData\Local\atom\bin
USERNAME=bitcamp
OS=Windows_NT
PROCESSOR_IDENTIFIER=Intel64 Family 6 Model 60 Stepping 3, GenuineIntel



---------------  S Y S T E M  ---------------

OS: Windows 10.0 , 64 bit Build 18362 (10.0.18362.900)

CPU:total 4 (initial active 4) (4 cores per cpu, 1 threads per core) family 6 model 60 stepping 3, cmov, cx8, fxsr, mmx, sse, sse2, sse3, ssse3, sse4.1, sse4.2, popcnt, avx, avx2, aes, clmul, erms, lzcnt, tsc, tscinvbit, bmi1, bmi2

Memory: 4k page, physical 8306752k(150028k free), swap 22876732k(9432k free)

vm_info: Java HotSpot(TM) 64-Bit Server VM (25.231-b11) for windows-amd64 JRE (1.8.0_231-b11), built on Oct  5 2019 03:11:30 by "java_re" with MS VC++ 10.0 (VS2010)

time: Tue Jun 23 18:21:00 2020
timezone: 대한민국 표준시
elapsed time: 39 seconds (0d 0h 0m 39s)

