#
# There is insufficient memory for the Java Runtime Environment to continue.
# Native memory allocation (malloc) failed to allocate 925536 bytes for Chunk::new
# Possible reasons:
#   The system is out of physical RAM or swap space
#   The process is running with CompressedOops enabled, and the Java Heap may be blocking the growth of the native heap
# Possible solutions:
#   Reduce memory load on the system
#   Increase physical memory or swap space
#   Check if swap backing store is full
#   Decrease Java heap size (-Xmx/-Xms)
#   Decrease number of Java threads
#   Decrease Java thread stack sizes (-Xss)
#   Set larger code cache with -XX:ReservedCodeCacheSize=
#   JVM is running with Unscaled Compressed Oops mode in which the Java heap is
#     placed in the first 4GB address space. The Java Heap base address is the
#     maximum limit for the native heap growth. Please use -XX:HeapBaseMinAddress
#     to set the Java Heap base and to place the Java Heap above 4GB virtual address.
# This output file may be truncated or incomplete.
#
#  Out of Memory Error (allocation.cpp:389), pid=14004, tid=0x00000000000037b4
#
# JRE version: Java(TM) SE Runtime Environment (8.0_231-b11) (build 1.8.0_231-b11)
# Java VM: Java HotSpot(TM) 64-Bit Server VM (25.231-b11 mixed mode windows-amd64 compressed oops)
# Failed to write core dump. Minidumps are not enabled by default on client versions of Windows
#

---------------  T H R E A D  ---------------

Current thread (0x0000000013fdb000):  JavaThread "C2 CompilerThread0" daemon [_thread_in_native, id=14260, stack(0x00000000158f0000,0x00000000159f0000)]

Stack: [0x00000000158f0000,0x00000000159f0000]
[error occurred during error reporting (printing stack bounds), id 0xc0000005]

Native frames: (J=compiled Java code, j=interpreted, Vv=VM code, C=native code)


Current CompileTask:
C2:  21118 2088       4       java.net.URLClassLoader$1::run (5 bytes)


---------------  P R O C E S S  ---------------

Java Threads: ( => current thread )
  0x0000000018624000 JavaThread "Cache worker for execution history cache (C:\Users\bitcamp\.gradle\caches\6.3\executionHistory)" [_thread_blocked, id=9476, stack(0x000000001d4d0000,0x000000001d5d0000)]
  0x0000000018623000 JavaThread "Cache worker for cache directory md-rule (C:\Users\bitcamp\.gradle\caches\6.3\md-rule)" [_thread_blocked, id=656, stack(0x000000001d3d0000,0x000000001d4d0000)]
  0x0000000018627800 JavaThread "Cache worker for cache directory md-supplier (C:\Users\bitcamp\.gradle\caches\6.3\md-supplier)" [_thread_blocked, id=11604, stack(0x000000001d2d0000,0x000000001d3d0000)]
  0x0000000018626000 JavaThread "Cache worker for file hash cache (D:\injImportFolder\thehouse\.gradle\6.3\fileHashes)" [_thread_blocked, id=1236, stack(0x000000001cfd0000,0x000000001d0d0000)]
  0x0000000018629000 JavaThread "Cache worker for checksums cache (D:\injImportFolder\thehouse\.gradle\checksums)" [_thread_blocked, id=12944, stack(0x000000001be70000,0x000000001bf70000)]
  0x0000000018625800 JavaThread "Cache worker for file hash cache (C:\Users\bitcamp\.gradle\caches\6.3\fileHashes)" [_thread_blocked, id=5464, stack(0x000000001b970000,0x000000001ba70000)]
  0x0000000018627000 JavaThread "File lock release action executor" [_thread_blocked, id=424, stack(0x000000001b870000,0x000000001b970000)]
  0x0000000018628800 JavaThread "File lock request listener" [_thread_in_native, id=11992, stack(0x00000000197d0000,0x00000000198d0000)]
  0x000000001862a000 JavaThread "Cache worker for journal cache (C:\Users\bitcamp\.gradle\caches\journal-1)" [_thread_blocked, id=10832, stack(0x00000000196d0000,0x00000000197d0000)]
  0x0000000016f01000 JavaThread "Thread-9" [_thread_blocked, id=13128, stack(0x0000000018400000,0x0000000018500000)]
  0x0000000016f00000 JavaThread "Stdin handler" [_thread_blocked, id=11472, stack(0x0000000018300000,0x0000000018400000)]
  0x000000001725f800 JavaThread "Asynchronous log dispatcher for DefaultDaemonConnection: socket connection from /127.0.0.1:59582 to /127.0.0.1:59583" [_thread_blocked, id=3704, stack(0x0000000018200000,0x0000000018300000)]
  0x00000000154bb800 JavaThread "Daemon worker" [_thread_in_vm, id=1836, stack(0x0000000018100000,0x0000000018200000)]
  0x00000000154b6000 JavaThread "Cancel handler" [_thread_blocked, id=12108, stack(0x0000000018000000,0x0000000018100000)]
  0x000000001656c800 JavaThread "Handler for socket connection from /127.0.0.1:59582 to /127.0.0.1:59583" [_thread_in_native, id=4964, stack(0x0000000017d00000,0x0000000017e00000)]
  0x0000000015345800 JavaThread "Daemon" [_thread_blocked, id=10496, stack(0x0000000017c00000,0x0000000017d00000)]
  0x00000000173a0800 JavaThread "Daemon periodic checks" [_thread_blocked, id=5864, stack(0x0000000017b00000,0x0000000017c00000)]
  0x0000000016ef3000 JavaThread "Incoming local TCP Connector on port 59582" [_thread_in_native, id=12456, stack(0x0000000017920000,0x0000000017a20000)]
  0x0000000015646800 JavaThread "Daemon health stats" [_thread_blocked, id=9056, stack(0x0000000017820000,0x0000000017920000)]
  0x000000001535b000 JavaThread "Service Thread" daemon [_thread_blocked, id=14276, stack(0x0000000015bf0000,0x0000000015cf0000)]
  0x0000000015355000 JavaThread "C1 CompilerThread2" daemon [_thread_blocked, id=14268, stack(0x0000000015af0000,0x0000000015bf0000)]
  0x0000000015348000 JavaThread "C2 CompilerThread1" daemon [_thread_blocked, id=14264, stack(0x00000000159f0000,0x0000000015af0000)]
=>0x0000000013fdb000 JavaThread "C2 CompilerThread0" daemon [_thread_in_native, id=14260, stack(0x00000000158f0000,0x00000000159f0000)]
  0x0000000013f8f800 JavaThread "Attach Listener" daemon [_thread_blocked, id=14256, stack(0x00000000157f0000,0x00000000158f0000)]
  0x00000000152f8800 JavaThread "Signal Dispatcher" daemon [_thread_blocked, id=14252, stack(0x00000000156f0000,0x00000000157f0000)]
  0x0000000002b54800 JavaThread "Finalizer" daemon [_thread_blocked, id=14236, stack(0x00000000151f0000,0x00000000152f0000)]
  0x0000000013f6a000 JavaThread "Reference Handler" daemon [_thread_blocked, id=14232, stack(0x00000000150f0000,0x00000000151f0000)]
  0x00000000005ee000 JavaThread "main" [_thread_blocked, id=14172, stack(0x00000000025b0000,0x00000000026b0000)]

Other Threads:
  0x0000000013f48000 VMThread [stack: 0x0000000014ff0000,0x00000000150f0000] [id=14220]
  0x0000000015390800 WatcherThread [stack: 0x0000000015cf0000,0x0000000015df0000] [id=14280]

VM state:not at safepoint (normal execution)

VM Mutex/Monitor currently owned by a thread: None

heap address: 0x00000000e0000000, size: 512 MB, Compressed Oops mode: 32-bit
Narrow klass base: 0x0000000000000000, Narrow klass shift: 3
Compressed class space size: 1073741824 Address: 0x0000000100000000

Heap:
 PSYoungGen      total 76288K, used 40135K [0x00000000f5580000, 0x00000000fea80000, 0x0000000100000000)
  eden space 65536K, 61% used [0x00000000f5580000,0x00000000f7cb1c40,0x00000000f9580000)
  from space 10752K, 0% used [0x00000000fa000000,0x00000000fa000000,0x00000000faa80000)
  to   space 10752K, 0% used [0x00000000f9580000,0x00000000f9580000,0x00000000fa000000)
 ParOldGen       total 175104K, used 6956K [0x00000000e0000000, 0x00000000eab00000, 0x00000000f5580000)
  object space 175104K, 3% used [0x00000000e0000000,0x00000000e06cb2d0,0x00000000eab00000)
 Metaspace       used 23297K, capacity 23996K, committed 24192K, reserved 1069056K
  class space    used 3393K, capacity 3602K, committed 3712K, reserved 1048576K

Card table byte_map: [0x0000000011f20000,0x0000000012030000] byte_map_base: 0x0000000011820000

Marking Bits: (ParMarkBitMap*) 0x00000000611d6d90
 Begin Bits: [0x00000000124e0000, 0x0000000012ce0000)
 End Bits:   [0x0000000012ce0000, 0x00000000134e0000)

Polling page: 0x00000000005f0000

CodeCache: size=245760Kb used=6561Kb max_used=6590Kb free=239198Kb
 bounds [0x0000000002b60000, 0x00000000031e0000, 0x0000000011b60000]
 total_blobs=2353 nmethods=1918 adapters=347
 compilation: enabled

Compilation events (10 events):
Event: 21.018 Thread 0x0000000015355000 2084       3       sun.reflect.generics.visitor.Reifier::visitClassTypeSignature (381 bytes)
Event: 21.019 Thread 0x0000000013fdb000 2086       4       java.util.regex.Pattern$Single::isSatisfiedBy (14 bytes)
Event: 21.019 Thread 0x0000000013fdb000 nmethod 2086 0x00000000031b5090 code [0x00000000031b51c0, 0x00000000031b5238]
Event: 21.020 Thread 0x0000000015355000 nmethod 2084 0x00000000031ba910 code [0x00000000031bad20, 0x00000000031bcee8]
Event: 21.020 Thread 0x0000000015355000 2085       3       java.util.regex.Matcher::find (69 bytes)
Event: 21.020 Thread 0x0000000015355000 nmethod 2085 0x00000000031b4a90 code [0x00000000031b4c00, 0x00000000031b4fa8]
Event: 21.020 Thread 0x0000000015355000 2087       3       org.objectweb.asm.Frame::putAbstractType (379 bytes)
Event: 21.023 Thread 0x0000000015355000 nmethod 2087 0x00000000031c4050 code [0x00000000031c4720, 0x00000000031c8fa8]
Event: 21.024 Thread 0x0000000015348000 nmethod 2031 0x00000000031cc6d0 code [0x00000000031cca60, 0x00000000031d0ed0]
Event: 21.035 Thread 0x0000000013fdb000 2088       4       java.net.URLClassLoader$1::run (5 bytes)

GC Heap History (10 events):
Event: 7.192 GC heap before
{Heap before GC invocations=1 (full 0):
 PSYoungGen      total 76288K, used 65536K [0x00000000f5580000, 0x00000000faa80000, 0x0000000100000000)
  eden space 65536K, 100% used [0x00000000f5580000,0x00000000f9580000,0x00000000f9580000)
  from space 10752K, 0% used [0x00000000fa000000,0x00000000fa000000,0x00000000faa80000)
  to   space 10752K, 0% used [0x00000000f9580000,0x00000000f9580000,0x00000000fa000000)
 ParOldGen       total 175104K, used 0K [0x00000000e0000000, 0x00000000eab00000, 0x00000000f5580000)
  object space 175104K, 0% used [0x00000000e0000000,0x00000000e0000000,0x00000000eab00000)
 Metaspace       used 7805K, capacity 8098K, committed 8320K, reserved 1056768K
  class space    used 986K, capacity 1081K, committed 1152K, reserved 1048576K
Event: 7.200 GC heap after
Heap after GC invocations=1 (full 0):
 PSYoungGen      total 76288K, used 6131K [0x00000000f5580000, 0x00000000faa80000, 0x0000000100000000)
  eden space 65536K, 0% used [0x00000000f5580000,0x00000000f5580000,0x00000000f9580000)
  from space 10752K, 57% used [0x00000000f9580000,0x00000000f9b7cc98,0x00000000fa000000)
  to   space 10752K, 0% used [0x00000000fa000000,0x00000000fa000000,0x00000000faa80000)
 ParOldGen       total 175104K, used 8K [0x00000000e0000000, 0x00000000eab00000, 0x00000000f5580000)
  object space 175104K, 0% used [0x00000000e0000000,0x00000000e0002000,0x00000000eab00000)
 Metaspace       used 7805K, capacity 8098K, committed 8320K, reserved 1056768K
  class space    used 986K, capacity 1081K, committed 1152K, reserved 1048576K
}
Event: 16.960 GC heap before
{Heap before GC invocations=2 (full 0):
 PSYoungGen      total 76288K, used 71667K [0x00000000f5580000, 0x00000000faa80000, 0x0000000100000000)
  eden space 65536K, 100% used [0x00000000f5580000,0x00000000f9580000,0x00000000f9580000)
  from space 10752K, 57% used [0x00000000f9580000,0x00000000f9b7cc98,0x00000000fa000000)
  to   space 10752K, 0% used [0x00000000fa000000,0x00000000fa000000,0x00000000faa80000)
 ParOldGen       total 175104K, used 8K [0x00000000e0000000, 0x00000000eab00000, 0x00000000f5580000)
  object space 175104K, 0% used [0x00000000e0000000,0x00000000e0002000,0x00000000eab00000)
 Metaspace       used 15162K, capacity 15610K, committed 15744K, reserved 1062912K
  class space    used 2035K, capacity 2155K, committed 2176K, reserved 1048576K
Event: 16.970 GC heap after
Heap after GC invocations=2 (full 0):
 PSYoungGen      total 76288K, used 9397K [0x00000000f5580000, 0x00000000faa80000, 0x0000000100000000)
  eden space 65536K, 0% used [0x00000000f5580000,0x00000000f5580000,0x00000000f9580000)
  from space 10752K, 87% used [0x00000000fa000000,0x00000000fa92d770,0x00000000faa80000)
  to   space 10752K, 0% used [0x00000000f9580000,0x00000000f9580000,0x00000000fa000000)
 ParOldGen       total 175104K, used 24K [0x00000000e0000000, 0x00000000eab00000, 0x00000000f5580000)
  object space 175104K, 0% used [0x00000000e0000000,0x00000000e0006000,0x00000000eab00000)
 Metaspace       used 15162K, capacity 15610K, committed 15744K, reserved 1062912K
  class space    used 2035K, capacity 2155K, committed 2176K, reserved 1048576K
}
Event: 19.100 GC heap before
{Heap before GC invocations=3 (full 0):
 PSYoungGen      total 76288K, used 74933K [0x00000000f5580000, 0x00000000faa80000, 0x0000000100000000)
  eden space 65536K, 100% used [0x00000000f5580000,0x00000000f9580000,0x00000000f9580000)
  from space 10752K, 87% used [0x00000000fa000000,0x00000000fa92d770,0x00000000faa80000)
  to   space 10752K, 0% used [0x00000000f9580000,0x00000000f9580000,0x00000000fa000000)
 ParOldGen       total 175104K, used 24K [0x00000000e0000000, 0x00000000eab00000, 0x00000000f5580000)
  object space 175104K, 0% used [0x00000000e0000000,0x00000000e0006000,0x00000000eab00000)
 Metaspace       used 20411K, capacity 21078K, committed 21296K, reserved 1067008K
  class space    used 2918K, capacity 3111K, committed 3200K, reserved 1048576K
Event: 19.123 GC heap after
Heap after GC invocations=3 (full 0):
 PSYoungGen      total 76288K, used 10744K [0x00000000f5580000, 0x00000000faa80000, 0x0000000100000000)
  eden space 65536K, 0% used [0x00000000f5580000,0x00000000f5580000,0x00000000f9580000)
  from space 10752K, 99% used [0x00000000f9580000,0x00000000f9ffe108,0x00000000fa000000)
  to   space 10752K, 0% used [0x00000000fa000000,0x00000000fa000000,0x00000000faa80000)
 ParOldGen       total 175104K, used 1055K [0x00000000e0000000, 0x00000000eab00000, 0x00000000f5580000)
  object space 175104K, 0% used [0x00000000e0000000,0x00000000e0107f28,0x00000000eab00000)
 Metaspace       used 20411K, capacity 21078K, committed 21296K, reserved 1067008K
  class space    used 2918K, capacity 3111K, committed 3200K, reserved 1048576K
}
Event: 19.146 GC heap before
{Heap before GC invocations=4 (full 0):
 PSYoungGen      total 76288K, used 14631K [0x00000000f5580000, 0x00000000faa80000, 0x0000000100000000)
  eden space 65536K, 5% used [0x00000000f5580000,0x00000000f594bc50,0x00000000f9580000)
  from space 10752K, 99% used [0x00000000f9580000,0x00000000f9ffe108,0x00000000fa000000)
  to   space 10752K, 0% used [0x00000000fa000000,0x00000000fa000000,0x00000000faa80000)
 ParOldGen       total 175104K, used 1055K [0x00000000e0000000, 0x00000000eab00000, 0x00000000f5580000)
  object space 175104K, 0% used [0x00000000e0000000,0x00000000e0107f28,0x00000000eab00000)
 Metaspace       used 20562K, capacity 21238K, committed 21296K, reserved 1067008K
  class space    used 2942K, capacity 3143K, committed 3200K, reserved 1048576K
Event: 19.179 GC heap after
Heap after GC invocations=4 (full 0):
 PSYoungGen      total 76288K, used 7069K [0x00000000f5580000, 0x00000000fea80000, 0x0000000100000000)
  eden space 65536K, 0% used [0x00000000f5580000,0x00000000f5580000,0x00000000f9580000)
  from space 10752K, 65% used [0x00000000fa000000,0x00000000fa6e7650,0x00000000faa80000)
  to   space 10752K, 0% used [0x00000000f9580000,0x00000000f9580000,0x00000000fa000000)
 ParOldGen       total 175104K, used 1063K [0x00000000e0000000, 0x00000000eab00000, 0x00000000f5580000)
  object space 175104K, 0% used [0x00000000e0000000,0x00000000e0109f28,0x00000000eab00000)
 Metaspace       used 20562K, capacity 21238K, committed 21296K, reserved 1067008K
  class space    used 2942K, capacity 3143K, committed 3200K, reserved 1048576K
}
Event: 19.179 GC heap before
{Heap before GC invocations=5 (full 1):
 PSYoungGen      total 76288K, used 7069K [0x00000000f5580000, 0x00000000fea80000, 0x0000000100000000)
  eden space 65536K, 0% used [0x00000000f5580000,0x00000000f5580000,0x00000000f9580000)
  from space 10752K, 65% used [0x00000000fa000000,0x00000000fa6e7650,0x00000000faa80000)
  to   space 10752K, 0% used [0x00000000f9580000,0x00000000f9580000,0x00000000fa000000)
 ParOldGen       total 175104K, used 1063K [0x00000000e0000000, 0x00000000eab00000, 0x00000000f5580000)
  object space 175104K, 0% used [0x00000000e0000000,0x00000000e0109f28,0x00000000eab00000)
 Metaspace       used 20562K, capacity 21238K, committed 21296K, reserved 1067008K
  class space    used 2942K, capacity 3143K, committed 3200K, reserved 1048576K
Event: 19.540 GC heap after
Heap after GC invocations=5 (full 1):
 PSYoungGen      total 76288K, used 0K [0x00000000f5580000, 0x00000000fea80000, 0x0000000100000000)
  eden space 65536K, 0% used [0x00000000f5580000,0x00000000f5580000,0x00000000f9580000)
  from space 10752K, 0% used [0x00000000fa000000,0x00000000fa000000,0x00000000faa80000)
  to   space 10752K, 0% used [0x00000000f9580000,0x00000000f9580000,0x00000000fa000000)
 ParOldGen       total 175104K, used 6956K [0x00000000e0000000, 0x00000000eab00000, 0x00000000f5580000)
  object space 175104K, 3% used [0x00000000e0000000,0x00000000e06cb2d0,0x00000000eab00000)
 Metaspace       used 20562K, capacity 21238K, committed 21296K, reserved 1067008K
  class space    used 2942K, capacity 3143K, committed 3200K, reserved 1048576K
}

Deoptimization events (10 events):
Event: 17.610 Thread 0x00000000154bb800 Uncommon trap: reason=unstable_if action=reinterpret pc=0x0000000002ea50d4 method=java.lang.String.substring(I)Ljava/lang/String; @ 35
Event: 17.623 Thread 0x00000000154bb800 Uncommon trap: reason=unstable_if action=reinterpret pc=0x00000000030e189c method=java.util.jar.Manifest.getTrustedAttributes(Ljava/lang/String;)Ljava/util/jar/Attributes; @ 7
Event: 17.624 Thread 0x00000000154bb800 Uncommon trap: reason=unstable_if action=reinterpret pc=0x00000000030b6d34 method=java.util.jar.Manifest.getTrustedAttributes(Ljava/lang/String;)Ljava/util/jar/Attributes; @ 7
Event: 18.638 Thread 0x00000000154bb800 Uncommon trap: reason=unstable_if action=reinterpret pc=0x0000000002de9610 method=java.util.HashMap.getNode(ILjava/lang/Object;)Ljava/util/HashMap$Node; @ 129
Event: 18.710 Thread 0x00000000154bb800 Uncommon trap: reason=unstable_if action=reinterpret pc=0x0000000002f1eac8 method=java.net.URI.match(CJJ)Z @ 19
Event: 18.710 Thread 0x00000000154bb800 Uncommon trap: reason=unstable_if action=reinterpret pc=0x0000000002e31940 method=java.net.URI.match(CJJ)Z @ 19
Event: 18.710 Thread 0x00000000154bb800 Uncommon trap: reason=unstable_if action=reinterpret pc=0x0000000002d48f48 method=java.net.URI.match(CJJ)Z @ 19
Event: 19.636 Thread 0x00000000154bb800 Uncommon trap: reason=unstable_if action=reinterpret pc=0x000000000305a4b0 method=java.util.HashMap.hash(Ljava/lang/Object;)I @ 1
Event: 20.287 Thread 0x00000000154bb800 Uncommon trap: reason=unstable_if action=reinterpret pc=0x0000000002e8cdfc method=java.io.WinNTFileSystem.resolve(Ljava/lang/String;Ljava/lang/String;)Ljava/lang/String; @ 49
Event: 20.567 Thread 0x00000000154bb800 Uncommon trap: reason=unstable_if action=reinterpret pc=0x0000000002eac5f0 method=java.util.LinkedHashMap.afterNodeInsertion(Z)V @ 1

Classes redefined (0 events):
No events

Internal exceptions (10 events):
Event: 8.901 Thread 0x000000001656c800 Exception <a 'java/lang/NoSuchMethodError': <clinit>> (0x00000000f72a7bc8) thrown at [C:\re\workspace\8-2-build-windows-amd64-cygwin\jdk8u231\13620\hotspot\src\share\vm\prims\jni.cpp, line 1614]
Event: 8.910 Thread 0x000000001656c800 Exception <a 'java/lang/NoSuchMethodError': <clinit>> (0x00000000f72ddca0) thrown at [C:\re\workspace\8-2-build-windows-amd64-cygwin\jdk8u231\13620\hotspot\src\share\vm\prims\jni.cpp, line 1614]
Event: 8.916 Thread 0x000000001656c800 Exception <a 'java/lang/NoSuchMethodError': <clinit>> (0x00000000f72ea158) thrown at [C:\re\workspace\8-2-build-windows-amd64-cygwin\jdk8u231\13620\hotspot\src\share\vm\prims\jni.cpp, line 1614]
Event: 17.638 Thread 0x00000000154bb800 Exception <a 'java/lang/NoSuchMethodError': java.lang.Object.lambda$and$0(Ljava/util/function/Predicate;Ljava/lang/Object;)Z> (0x00000000f6df00a0) thrown at [C:\re\workspace\8-2-build-windows-amd64-cygwin\jdk8u231\13620\hotspot\src\share\vm\interpreter\li
Event: 17.663 Thread 0x00000000154bb800 Exception <a 'java/lang/IncompatibleClassChangeError': Found class java.lang.Object, but interface was expected> (0x00000000f6e00890) thrown at [C:\re\workspace\8-2-build-windows-amd64-cygwin\jdk8u231\13620\hotspot\src\share\vm\interpreter\linkResolver.cp
Event: 17.665 Thread 0x00000000154bb800 Exception <a 'java/lang/NoSuchMethodError': java.lang.Object.lambda$or$2(Ljava/util/function/Predicate;Ljava/lang/Object;)Z> (0x00000000f6e057b0) thrown at [C:\re\workspace\8-2-build-windows-amd64-cygwin\jdk8u231\13620\hotspot\src\share\vm\interpreter\lin
Event: 17.738 Thread 0x00000000154bb800 Exception <a 'java/lang/NoSuchMethodError': java.lang.Object.lambda$static$0()Ljava/lang/String;> (0x00000000f6f54530) thrown at [C:\re\workspace\8-2-build-windows-amd64-cygwin\jdk8u231\13620\hotspot\src\share\vm\interpreter\linkResolver.cpp, line 620]
Event: 18.539 Thread 0x00000000154bb800 Exception <a 'java/lang/NoSuchMethodError': java.lang.Object.lambda$withReadOnlyCache$0(Ljava/util/function/BiFunction;Lorg/gradle/api/internal/artifacts/ivyservice/ArtifactCacheMetadata;)Ljava/lang/Object;> (0x00000000f7f1be28) thrown at [C:\re\workspace
Event: 19.636 Thread 0x00000000154bb800 Implicit null exception at 0x000000000305a295 to 0x000000000305a4a1
Event: 20.087 Thread 0x00000000154bb800 Exception <a 'java/lang/NoSuchMethodError': java.lang.Object.lambda$static$0(Lorg/gradle/api/internal/artifacts/ivyservice/ivyresolve/ModuleComponentRepository;Ljava/lang/String;Lorg/gradle/api/internal/artifacts/configurations/ResolutionStrategyInternal;

Events (10 events):
Event: 21.032 loading class com/google/common/collect/Ordering
Event: 21.032 loading class com/google/common/collect/Ordering done
Event: 21.033 loading class com/google/common/collect/ReverseOrdering
Event: 21.033 loading class com/google/common/collect/ReverseOrdering done
Event: 21.034 loading class com/google/common/collect/NullsFirstOrdering
Event: 21.034 loading class com/google/common/collect/NullsFirstOrdering done
Event: 21.035 loading class com/google/common/collect/NullsLastOrdering
Event: 21.035 loading class com/google/common/collect/NullsLastOrdering done
Event: 21.035 loading class com/google/common/collect/ComparatorOrdering
Event: 21.035 loading class com/google/common/collect/ComparatorOrdering done


Dynamic libraries:
0x00007ff692ea0000 - 0x00007ff692ed7000 	C:\Program Files\Java\jdk1.8.0_231\bin\java.exe
0x00007ffcf0940000 - 0x00007ffcf0b30000 	C:\Windows\SYSTEM32\ntdll.dll
0x00007ffceeb10000 - 0x00007ffceebc2000 	C:\Windows\System32\KERNEL32.DLL
0x00007ffcee550000 - 0x00007ffcee7f4000 	C:\Windows\System32\KERNELBASE.dll
0x00007ffcf0280000 - 0x00007ffcf0323000 	C:\Windows\System32\ADVAPI32.dll
0x00007ffcefd70000 - 0x00007ffcefe0e000 	C:\Windows\System32\msvcrt.dll
0x00007ffcf0330000 - 0x00007ffcf03c7000 	C:\Windows\System32\sechost.dll
0x00007ffcee9f0000 - 0x00007ffceeb10000 	C:\Windows\System32\RPCRT4.dll
0x00007ffcef720000 - 0x00007ffcef8b4000 	C:\Windows\System32\USER32.dll
0x00007ffcee800000 - 0x00007ffcee821000 	C:\Windows\System32\win32u.dll
0x00007ffcefa80000 - 0x00007ffcefaa6000 	C:\Windows\System32\GDI32.dll
0x00007ffcee850000 - 0x00007ffcee9e5000 	C:\Windows\System32\gdi32full.dll
0x00007ffced9e0000 - 0x00007ffceda7e000 	C:\Windows\System32\msvcp_win.dll
0x00007ffceda80000 - 0x00007ffcedb7a000 	C:\Windows\System32\ucrtbase.dll
0x00007ffcdd810000 - 0x00007ffcdda94000 	C:\Windows\WinSxS\amd64_microsoft.windows.common-controls_6595b64144ccf1df_6.0.18362.900_none_e6beb9d913147d17\COMCTL32.dll
0x00007ffceebd0000 - 0x00007ffceef05000 	C:\Windows\System32\combase.dll
0x00007ffcee300000 - 0x00007ffcee380000 	C:\Windows\System32\bcryptPrimitives.dll
0x00007ffceef30000 - 0x00007ffceef5e000 	C:\Windows\System32\IMM32.DLL
0x0000000061260000 - 0x0000000061332000 	C:\Program Files\Java\jdk1.8.0_231\jre\bin\msvcr100.dll
0x00000000609b0000 - 0x0000000061256000 	C:\Program Files\Java\jdk1.8.0_231\jre\bin\server\jvm.dll
0x00007ffcf08e0000 - 0x00007ffcf08e8000 	C:\Windows\System32\PSAPI.DLL
0x00007ffce9dd0000 - 0x00007ffce9dd9000 	C:\Windows\SYSTEM32\WSOCK32.dll
0x00007ffcf04a0000 - 0x00007ffcf050f000 	C:\Windows\System32\WS2_32.dll
0x00007ffce1030000 - 0x00007ffce1054000 	C:\Windows\SYSTEM32\WINMM.dll
0x00007ffce6e60000 - 0x00007ffce6e6a000 	C:\Windows\SYSTEM32\VERSION.dll
0x00007ffce1000000 - 0x00007ffce102d000 	C:\Windows\SYSTEM32\WINMMBASE.dll
0x00007ffcee500000 - 0x00007ffcee54a000 	C:\Windows\System32\cfgmgr32.dll
0x00007ffcdd760000 - 0x00007ffcdd76f000 	C:\Program Files\Java\jdk1.8.0_231\jre\bin\verify.dll
0x00007ffcb5020000 - 0x00007ffcb5049000 	C:\Program Files\Java\jdk1.8.0_231\jre\bin\java.dll
0x00007ffcb7420000 - 0x00007ffcb7436000 	C:\Program Files\Java\jdk1.8.0_231\jre\bin\zip.dll
0x00007ffcef030000 - 0x00007ffcef716000 	C:\Windows\System32\SHELL32.dll
0x00007ffcef9d0000 - 0x00007ffcefa79000 	C:\Windows\System32\shcore.dll
0x00007ffcedb80000 - 0x00007ffcee300000 	C:\Windows\System32\windows.storage.dll
0x00007ffced8a0000 - 0x00007ffced8c3000 	C:\Windows\System32\profapi.dll
0x00007ffced830000 - 0x00007ffced87a000 	C:\Windows\System32\powrprof.dll
0x00007ffced800000 - 0x00007ffced810000 	C:\Windows\System32\UMPDC.dll
0x00007ffcf0510000 - 0x00007ffcf0562000 	C:\Windows\System32\shlwapi.dll
0x00007ffced810000 - 0x00007ffced821000 	C:\Windows\System32\kernel.appcore.dll
0x00007ffcee830000 - 0x00007ffcee847000 	C:\Windows\System32\cryptsp.dll
0x00007ffcb52b0000 - 0x00007ffcb52ca000 	C:\Program Files\Java\jdk1.8.0_231\jre\bin\net.dll
0x00007ffced010000 - 0x00007ffced077000 	C:\Windows\system32\mswsock.dll
0x00007ffcb4b90000 - 0x00007ffcb4ba2000 	C:\Program Files\Java\jdk1.8.0_231\jre\bin\nio.dll
0x00007ffcb4ab0000 - 0x00007ffcb4ad7000 	C:\Users\bitcamp\.gradle\native\c976cfcca226fdd4bee4412e95191dd41148b7504f9625baeda1d523bc39a967\windows-amd64\native-platform.dll
0x00007ffce48b0000 - 0x00007ffce48bd000 	C:\Program Files\Java\jdk1.8.0_231\jre\bin\management.dll
0x00007ffcecb80000 - 0x00007ffcecbb3000 	C:\Windows\system32\rsaenh.dll
0x00007ffcee380000 - 0x00007ffcee3a6000 	C:\Windows\System32\bcrypt.dll
0x00007ffced720000 - 0x00007ffced745000 	C:\Windows\SYSTEM32\USERENV.dll
0x00007ffced1e0000 - 0x00007ffced1ec000 	C:\Windows\SYSTEM32\CRYPTBASE.dll
0x00007ffcecd20000 - 0x00007ffcecd5a000 	C:\Windows\SYSTEM32\IPHLPAPI.DLL
0x00007ffcf08f0000 - 0x00007ffcf08f8000 	C:\Windows\System32\NSI.dll
0x00007ffce9230000 - 0x00007ffce9246000 	C:\Windows\SYSTEM32\dhcpcsvc6.DLL
0x00007ffce9150000 - 0x00007ffce916c000 	C:\Windows\SYSTEM32\dhcpcsvc.DLL
0x00007ffcecd60000 - 0x00007ffcece2b000 	C:\Windows\SYSTEM32\DNSAPI.dll

VM Arguments:
jvm_args: -XX:MaxMetaspaceSize=256m -XX:+HeapDumpOnOutOfMemoryError -Xms256m -Xmx512m -Dfile.encoding=x-windows-949 -Duser.country=KR -Duser.language=ko -Duser.variant 
java_command: org.gradle.launcher.daemon.bootstrap.GradleDaemon 6.3
java_class_path (initial): C:\Users\bitcamp\.gradle\wrapper\dists\gradle-6.3-all\b4awcolw9l59x95tu1obfh9i8\gradle-6.3\lib\gradle-launcher-6.3.jar
Launcher Type: SUN_STANDARD

Environment Variables:
JAVA_HOME=C:\Program Files\Java\jdk1.8.0_231
PATH=C:\Windows\system32;C:\Windows;C:\Windows\System32\Wbem;C:\Windows\System32\WindowsPowerShell\v1.0\;C:\Windows\System32\OpenSSH\;C:\Program Files\Java\jdk1.8.0_231\\bin;C:\Program Files\Git\cmd;C:\Program Files\PuTTY\;C:\Program Files\TortoiseSVN\bin;C:\Program Files\VisualSVN Server\bin;C:\Program Files\MySQL\MySQL Server 8.0\bin;C:\Program Files\MySQL\MySQL Shell 8.0\bin\;C:\Users\bitcamp\AppData\Local\Microsoft\WindowsApps;C:\Program Files\Bandizip\;C:\Users\bitcamp\AppData\Local\atom\bin
USERNAME=bitcamp
OS=Windows_NT
PROCESSOR_IDENTIFIER=Intel64 Family 6 Model 60 Stepping 3, GenuineIntel



---------------  S Y S T E M  ---------------

OS: Windows 10.0 , 64 bit Build 18362 (10.0.18362.900)

CPU:total 4 (initial active 4) (4 cores per cpu, 1 threads per core) family 6 model 60 stepping 3, cmov, cx8, fxsr, mmx, sse, sse2, sse3, ssse3, sse4.1, sse4.2, popcnt, avx, avx2, aes, clmul, erms, lzcnt, tsc, tscinvbit, bmi1, bmi2

Memory: 4k page, physical 8306752k(134576k free), swap 22876732k(2984k free)

vm_info: Java HotSpot(TM) 64-Bit Server VM (25.231-b11) for windows-amd64 JRE (1.8.0_231-b11), built on Oct  5 2019 03:11:30 by "java_re" with MS VC++ 10.0 (VS2010)

time: Tue Jun 23 18:21:00 2020
timezone: 대한민국 표준시
elapsed time: 21 seconds (0d 0h 0m 21s)

