#
# There is insufficient memory for the Java Runtime Environment to continue.
# Native memory allocation (malloc) failed to allocate 376336 bytes for Chunk::new
# Possible reasons:
#   The system is out of physical RAM or swap space
#   The process is running with CompressedOops enabled, and the Java Heap may be blocking the growth of the native heap
# Possible solutions:
#   Reduce memory load on the system
#   Increase physical memory or swap space
#   Check if swap backing store is full
#   Decrease Java heap size (-Xmx/-Xms)
#   Decrease number of Java threads
#   Decrease Java thread stack sizes (-Xss)
#   Set larger code cache with -XX:ReservedCodeCacheSize=
#   JVM is running with Unscaled Compressed Oops mode in which the Java heap is
#     placed in the first 4GB address space. The Java Heap base address is the
#     maximum limit for the native heap growth. Please use -XX:HeapBaseMinAddress
#     to set the Java Heap base and to place the Java Heap above 4GB virtual address.
# This output file may be truncated or incomplete.
#
#  Out of Memory Error (allocation.cpp:389), pid=13436, tid=0x00000000000035a8
#
# JRE version: Java(TM) SE Runtime Environment (8.0_231-b11) (build 1.8.0_231-b11)
# Java VM: Java HotSpot(TM) 64-Bit Server VM (25.231-b11 mixed mode windows-amd64 compressed oops)
# Failed to write core dump. Minidumps are not enabled by default on client versions of Windows
#

---------------  T H R E A D  ---------------

Current thread (0x0000000013d8a000):  JavaThread "C2 CompilerThread0" daemon [_thread_in_native, id=13736, stack(0x0000000015750000,0x0000000015850000)]

Stack: [0x0000000015750000,0x0000000015850000]
[error occurred during error reporting (printing stack bounds), id 0xc0000005]

Native frames: (J=compiled Java code, j=interpreted, Vv=VM code, C=native code)


Current CompileTask:
C2: 130524 5412       4       org.gradle.api.internal.artifacts.ModuleComponentSelectorSerializer::read (50 bytes)


---------------  P R O C E S S  ---------------

Java Threads: ( => current thread )
  0x0000000016c97800 JavaThread "Cache worker for execution history cache (D:\injImportFolder\thehouse\.gradle\6.3\executionHistory)" [_thread_blocked, id=13864, stack(0x000000001f000000,0x000000001f100000)]
  0x0000000016c94000 JavaThread "Execution worker for ':' Thread 3" [_thread_blocked, id=13872, stack(0x000000001ec40000,0x000000001ed40000)]
  0x0000000016c93000 JavaThread "Execution worker for ':' Thread 2" [_thread_blocked, id=7464, stack(0x000000001eb40000,0x000000001ec40000)]
  0x0000000016c95800 JavaThread "Execution worker for ':'" [_thread_blocked, id=13452, stack(0x000000001ea40000,0x000000001eb40000)]
  0x0000000016c8b000 JavaThread "Cache worker for file content cache (D:\injImportFolder\thehouse\.gradle\6.3\fileContent)" [_thread_blocked, id=3564, stack(0x000000001ef00000,0x000000001f000000)]
  0x0000000016c91800 JavaThread "Cache worker for file content cache (C:\Users\bitcamp\.gradle\caches\6.3\fileContent)" [_thread_blocked, id=13908, stack(0x000000001ee00000,0x000000001ef00000)]
  0x0000000016c8f800 JavaThread "Memory manager" [_thread_blocked, id=656, stack(0x0000000000c40000,0x0000000000d40000)]
  0x0000000016c91000 JavaThread "Cache worker for Build Output Cleanup Cache (D:\injImportFolder\thehouse\.gradle\buildOutputCleanup)" [_thread_blocked, id=13532, stack(0x0000000000860000,0x0000000000960000)]
  0x0000000016c8e800 JavaThread "Build operations Thread 4" [_thread_blocked, id=13812, stack(0x000000001e340000,0x000000001e440000)]
  0x0000000016c8c800 JavaThread "Build operations Thread 3" [_thread_blocked, id=14000, stack(0x000000001e240000,0x000000001e340000)]
  0x0000000016c8e000 JavaThread "Build operations Thread 2" [_thread_blocked, id=8624, stack(0x000000001e140000,0x000000001e240000)]
  0x0000000016c8a000 JavaThread "Build operations" [_thread_blocked, id=1196, stack(0x000000001ce30000,0x000000001cf30000)]
  0x000000001687b000 JavaThread "Cache worker for execution history cache (C:\Users\bitcamp\.gradle\caches\6.3\executionHistory)" [_thread_blocked, id=9392, stack(0x000000001b360000,0x000000001b460000)]
  0x000000001687a800 JavaThread "Cache worker for cache directory md-rule (C:\Users\bitcamp\.gradle\caches\6.3\md-rule)" [_thread_blocked, id=11868, stack(0x000000001b260000,0x000000001b360000)]
  0x0000000016879800 JavaThread "Cache worker for cache directory md-supplier (C:\Users\bitcamp\.gradle\caches\6.3\md-supplier)" [_thread_blocked, id=6216, stack(0x000000001b160000,0x000000001b260000)]
  0x0000000016878000 JavaThread "Cache worker for file hash cache (D:\injImportFolder\thehouse\.gradle\6.3\fileHashes)" [_thread_blocked, id=9188, stack(0x000000001ae60000,0x000000001af60000)]
  0x0000000016876800 JavaThread "Cache worker for checksums cache (D:\injImportFolder\thehouse\.gradle\checksums)" [_thread_blocked, id=4360, stack(0x000000001a7a0000,0x000000001a8a0000)]
  0x0000000016876000 JavaThread "Cache worker for file hash cache (C:\Users\bitcamp\.gradle\caches\6.3\fileHashes)" [_thread_blocked, id=10216, stack(0x000000001a6a0000,0x000000001a7a0000)]
  0x0000000016877800 JavaThread "File lock release action executor" [_thread_blocked, id=2396, stack(0x000000001a5a0000,0x000000001a6a0000)]
  0x0000000016879000 JavaThread "File lock request listener" [_thread_in_native, id=11476, stack(0x000000001a4a0000,0x000000001a5a0000)]
  0x000000001687c800 JavaThread "Cache worker for journal cache (C:\Users\bitcamp\.gradle\caches\journal-1)" [_thread_blocked, id=10288, stack(0x000000001a960000,0x000000001aa60000)]
  0x0000000016d34000 JavaThread "Thread-9" [_thread_blocked, id=1704, stack(0x00000000191d0000,0x00000000192d0000)]
  0x000000001634d000 JavaThread "Stdin handler" [_thread_blocked, id=14332, stack(0x00000000190d0000,0x00000000191d0000)]
  0x000000001634c800 JavaThread "Asynchronous log dispatcher for DefaultDaemonConnection: socket connection from /127.0.0.1:59565 to /127.0.0.1:59571" [_thread_blocked, id=14328, stack(0x0000000018fd0000,0x00000000190d0000)]
  0x0000000016d45000 JavaThread "Daemon worker" [_thread_in_native, id=14312, stack(0x0000000018ed0000,0x0000000018fd0000)]
  0x0000000016d43000 JavaThread "Cancel handler" [_thread_blocked, id=14292, stack(0x0000000018dd0000,0x0000000018ed0000)]
  0x0000000016112000 JavaThread "Handler for socket connection from /127.0.0.1:59565 to /127.0.0.1:59571" [_thread_in_native, id=14272, stack(0x0000000018ad0000,0x0000000018bd0000)]
  0x00000000162be800 JavaThread "Daemon" [_thread_blocked, id=14244, stack(0x00000000189d0000,0x0000000018ad0000)]
  0x00000000165df000 JavaThread "Daemon periodic checks" [_thread_blocked, id=14224, stack(0x00000000188d0000,0x00000000189d0000)]
  0x0000000016d75000 JavaThread "Incoming local TCP Connector on port 59565" [_thread_in_native, id=14168, stack(0x00000000186f0000,0x00000000187f0000)]
  0x0000000016ba5800 JavaThread "Daemon health stats" [_thread_blocked, id=13976, stack(0x00000000185f0000,0x00000000186f0000)]
  0x00000000151aa800 JavaThread "Service Thread" daemon [_thread_blocked, id=13748, stack(0x0000000015a50000,0x0000000015b50000)]
  0x00000000151a8800 JavaThread "C1 CompilerThread2" daemon [_thread_blocked, id=13744, stack(0x0000000015950000,0x0000000015a50000)]
  0x000000001515b000 JavaThread "C2 CompilerThread1" daemon [_thread_blocked, id=13740, stack(0x0000000015850000,0x0000000015950000)]
=>0x0000000013d8a000 JavaThread "C2 CompilerThread0" daemon [_thread_in_native, id=13736, stack(0x0000000015750000,0x0000000015850000)]
  0x0000000013d3e000 JavaThread "Attach Listener" daemon [_thread_blocked, id=13732, stack(0x0000000015650000,0x0000000015750000)]
  0x0000000015158800 JavaThread "Signal Dispatcher" daemon [_thread_blocked, id=13728, stack(0x0000000015550000,0x0000000015650000)]
  0x0000000002884800 JavaThread "Finalizer" daemon [_thread_blocked, id=13716, stack(0x0000000014fc0000,0x00000000150c0000)]
  0x0000000013d1a000 JavaThread "Reference Handler" daemon [_thread_blocked, id=13712, stack(0x0000000014ec0000,0x0000000014fc0000)]
  0x000000000290e000 JavaThread "main" [_thread_blocked, id=13640, stack(0x00000000022e0000,0x00000000023e0000)]

Other Threads:
  0x0000000013cf8000 VMThread [stack: 0x0000000014dc0000,0x0000000014ec0000] [id=13680]
  0x00000000151c2000 WatcherThread [stack: 0x0000000015b50000,0x0000000015c50000] [id=13752]

VM state:not at safepoint (normal execution)

VM Mutex/Monitor currently owned by a thread: None

heap address: 0x00000000e0000000, size: 512 MB, Compressed Oops mode: 32-bit
Narrow klass base: 0x0000000000000000, Narrow klass shift: 3
Compressed class space size: 1073741824 Address: 0x0000000100000000

Heap:
 PSYoungGen      total 161280K, used 98610K [0x00000000f5580000, 0x0000000100000000, 0x0000000100000000)
  eden space 149504K, 59% used [0x00000000f5580000,0x00000000fac801b0,0x00000000fe780000)
  from space 11776K, 80% used [0x00000000ff380000,0x00000000ffccc780,0x00000000fff00000)
  to   space 12288K, 0% used [0x00000000fe780000,0x00000000fe780000,0x00000000ff380000)
 ParOldGen       total 175104K, used 14420K [0x00000000e0000000, 0x00000000eab00000, 0x00000000f5580000)
  object space 175104K, 8% used [0x00000000e0000000,0x00000000e0e150b0,0x00000000eab00000)
 Metaspace       used 43673K, capacity 45540K, committed 45824K, reserved 1089536K
  class space    used 6197K, capacity 6571K, committed 6656K, reserved 1048576K

Card table byte_map: [0x0000000011cd0000,0x0000000011de0000] byte_map_base: 0x00000000115d0000

Marking Bits: (ParMarkBitMap*) 0x00000000611d6d90
 Begin Bits: [0x0000000012290000, 0x0000000012a90000)
 End Bits:   [0x0000000012a90000, 0x0000000013290000)

Polling page: 0x0000000000980000

CodeCache: size=245760Kb used=16424Kb max_used=16424Kb free=229335Kb
 bounds [0x0000000002910000, 0x0000000003930000, 0x0000000011910000]
 total_blobs=5598 nmethods=4875 adapters=634
 compilation: enabled

Compilation events (10 events):
Event: 130.521 Thread 0x00000000151a8800 5422       3       org.gradle.api.internal.artifacts.ivyservice.resolveengine.graph.builder.EdgeState::computeSelector (27 bytes)
Event: 130.522 Thread 0x00000000151a8800 nmethod 5422 0x0000000003927d10 code [0x0000000003927ec0, 0x00000000039283d8]
Event: 130.522 Thread 0x00000000151a8800 5423       3       org.gradle.api.internal.artifacts.ivyservice.resolveengine.graph.builder.NodeState::versionProvidedByAncestors (34 bytes)
Event: 130.522 Thread 0x00000000151a8800 nmethod 5423 0x0000000003928610 code [0x00000000039287c0, 0x0000000003928d18]
Event: 130.522 Thread 0x00000000151a8800 5424       3       org.gradle.api.internal.artifacts.ivyservice.resolveengine.graph.builder.ResolveState::getSelector (39 bytes)
Event: 130.522 Thread 0x00000000151a8800 nmethod 5424 0x0000000003928f50 code [0x0000000003929140, 0x0000000003929b18]
Event: 130.522 Thread 0x00000000151a8800 5425       3       org.gradle.api.internal.artifacts.ivyservice.resolveengine.graph.builder.ResolveState$$Lambda$143/1313832809::get$Lambda (11 bytes)
Event: 130.523 Thread 0x00000000151a8800 nmethod 5425 0x000000000392a0d0 code [0x000000000392a240, 0x000000000392a4b0]
Event: 130.523 Thread 0x00000000151a8800 5426       3       org.gradle.api.internal.artifacts.ivyservice.resolveengine.graph.builder.ResolveState$$Lambda$143/1313832809::<init> (20 bytes)
Event: 130.523 Thread 0x00000000151a8800 nmethod 5426 0x000000000392a5d0 code [0x000000000392a720, 0x000000000392a910]

GC Heap History (10 events):
Event: 21.721 GC heap before
{Heap before GC invocations=6 (full 1):
 PSYoungGen      total 76288K, used 65536K [0x00000000f5580000, 0x00000000fea80000, 0x0000000100000000)
  eden space 65536K, 100% used [0x00000000f5580000,0x00000000f9580000,0x00000000f9580000)
  from space 10752K, 0% used [0x00000000fa000000,0x00000000fa000000,0x00000000faa80000)
  to   space 10752K, 0% used [0x00000000f9580000,0x00000000f9580000,0x00000000fa000000)
 ParOldGen       total 175104K, used 7030K [0x00000000e0000000, 0x00000000eab00000, 0x00000000f5580000)
  object space 175104K, 4% used [0x00000000e0000000,0x00000000e06ddb58,0x00000000eab00000)
 Metaspace       used 28321K, capacity 29082K, committed 29312K, reserved 1075200K
  class space    used 3979K, capacity 4184K, committed 4224K, reserved 1048576K
Event: 21.746 GC heap after
Heap after GC invocations=6 (full 1):
 PSYoungGen      total 76288K, used 8221K [0x00000000f5580000, 0x00000000feb00000, 0x0000000100000000)
  eden space 65536K, 0% used [0x00000000f5580000,0x00000000f5580000,0x00000000f9580000)
  from space 10752K, 76% used [0x00000000f9580000,0x00000000f9d875a8,0x00000000fa000000)
  to   space 12288K, 0% used [0x00000000fdf00000,0x00000000fdf00000,0x00000000feb00000)
 ParOldGen       total 175104K, used 7038K [0x00000000e0000000, 0x00000000eab00000, 0x00000000f5580000)
  object space 175104K, 4% used [0x00000000e0000000,0x00000000e06dfb58,0x00000000eab00000)
 Metaspace       used 28321K, capacity 29082K, committed 29312K, reserved 1075200K
  class space    used 3979K, capacity 4184K, committed 4224K, reserved 1048576K
}
Event: 23.868 GC heap before
{Heap before GC invocations=7 (full 1):
 PSYoungGen      total 76288K, used 73757K [0x00000000f5580000, 0x00000000feb00000, 0x0000000100000000)
  eden space 65536K, 100% used [0x00000000f5580000,0x00000000f9580000,0x00000000f9580000)
  from space 10752K, 76% used [0x00000000f9580000,0x00000000f9d875a8,0x00000000fa000000)
  to   space 12288K, 0% used [0x00000000fdf00000,0x00000000fdf00000,0x00000000feb00000)
 ParOldGen       total 175104K, used 7038K [0x00000000e0000000, 0x00000000eab00000, 0x00000000f5580000)
  object space 175104K, 4% used [0x00000000e0000000,0x00000000e06dfb58,0x00000000eab00000)
 Metaspace       used 32865K, capacity 33730K, committed 34048K, reserved 1079296K
  class space    used 4586K, capacity 4813K, committed 4864K, reserved 1048576K
Event: 23.900 GC heap after
Heap after GC invocations=7 (full 1):
 PSYoungGen      total 140800K, used 9254K [0x00000000f5580000, 0x00000000feb00000, 0x0000000100000000)
  eden space 128512K, 0% used [0x00000000f5580000,0x00000000f5580000,0x00000000fd300000)
  from space 12288K, 75% used [0x00000000fdf00000,0x00000000fe809b68,0x00000000feb00000)
  to   space 12288K, 0% used [0x00000000fd300000,0x00000000fd300000,0x00000000fdf00000)
 ParOldGen       total 175104K, used 7046K [0x00000000e0000000, 0x00000000eab00000, 0x00000000f5580000)
  object space 175104K, 4% used [0x00000000e0000000,0x00000000e06e1b58,0x00000000eab00000)
 Metaspace       used 32865K, capacity 33730K, committed 34048K, reserved 1079296K
  class space    used 4586K, capacity 4813K, committed 4864K, reserved 1048576K
}
Event: 25.661 GC heap before
{Heap before GC invocations=8 (full 1):
 PSYoungGen      total 140800K, used 42517K [0x00000000f5580000, 0x00000000feb00000, 0x0000000100000000)
  eden space 128512K, 25% used [0x00000000f5580000,0x00000000f75fb958,0x00000000fd300000)
  from space 12288K, 75% used [0x00000000fdf00000,0x00000000fe809b68,0x00000000feb00000)
  to   space 12288K, 0% used [0x00000000fd300000,0x00000000fd300000,0x00000000fdf00000)
 ParOldGen       total 175104K, used 7046K [0x00000000e0000000, 0x00000000eab00000, 0x00000000f5580000)
  object space 175104K, 4% used [0x00000000e0000000,0x00000000e06e1b58,0x00000000eab00000)
 Metaspace       used 34435K, capacity 35384K, committed 35496K, reserved 1079296K
  class space    used 4822K, capacity 5054K, committed 5120K, reserved 1048576K
Event: 25.702 GC heap after
Heap after GC invocations=8 (full 1):
 PSYoungGen      total 140800K, used 7816K [0x00000000f5580000, 0x00000000fff00000, 0x0000000100000000)
  eden space 128512K, 0% used [0x00000000f5580000,0x00000000f5580000,0x00000000fd300000)
  from space 12288K, 63% used [0x00000000fd300000,0x00000000fdaa20d0,0x00000000fdf00000)
  to   space 11776K, 0% used [0x00000000ff380000,0x00000000ff380000,0x00000000fff00000)
 ParOldGen       total 175104K, used 7054K [0x00000000e0000000, 0x00000000eab00000, 0x00000000f5580000)
  object space 175104K, 4% used [0x00000000e0000000,0x00000000e06e3b58,0x00000000eab00000)
 Metaspace       used 34435K, capacity 35384K, committed 35496K, reserved 1079296K
  class space    used 4822K, capacity 5054K, committed 5120K, reserved 1048576K
}
Event: 25.702 GC heap before
{Heap before GC invocations=9 (full 2):
 PSYoungGen      total 140800K, used 7816K [0x00000000f5580000, 0x00000000fff00000, 0x0000000100000000)
  eden space 128512K, 0% used [0x00000000f5580000,0x00000000f5580000,0x00000000fd300000)
  from space 12288K, 63% used [0x00000000fd300000,0x00000000fdaa20d0,0x00000000fdf00000)
  to   space 11776K, 0% used [0x00000000ff380000,0x00000000ff380000,0x00000000fff00000)
 ParOldGen       total 175104K, used 7054K [0x00000000e0000000, 0x00000000eab00000, 0x00000000f5580000)
  object space 175104K, 4% used [0x00000000e0000000,0x00000000e06e3b58,0x00000000eab00000)
 Metaspace       used 34435K, capacity 35384K, committed 35496K, reserved 1079296K
  class space    used 4822K, capacity 5054K, committed 5120K, reserved 1048576K
Event: 26.060 GC heap after
Heap after GC invocations=9 (full 2):
 PSYoungGen      total 140800K, used 0K [0x00000000f5580000, 0x00000000fff00000, 0x0000000100000000)
  eden space 128512K, 0% used [0x00000000f5580000,0x00000000f5580000,0x00000000fd300000)
  from space 12288K, 0% used [0x00000000fd300000,0x00000000fd300000,0x00000000fdf00000)
  to   space 11776K, 0% used [0x00000000ff380000,0x00000000ff380000,0x00000000fff00000)
 ParOldGen       total 175104K, used 14412K [0x00000000e0000000, 0x00000000eab00000, 0x00000000f5580000)
  object space 175104K, 8% used [0x00000000e0000000,0x00000000e0e130b0,0x00000000eab00000)
 Metaspace       used 34435K, capacity 35384K, committed 35496K, reserved 1079296K
  class space    used 4822K, capacity 5054K, committed 5120K, reserved 1048576K
}
Event: 103.644 GC heap before
{Heap before GC invocations=10 (full 2):
 PSYoungGen      total 140800K, used 128512K [0x00000000f5580000, 0x00000000fff00000, 0x0000000100000000)
  eden space 128512K, 100% used [0x00000000f5580000,0x00000000fd300000,0x00000000fd300000)
  from space 12288K, 0% used [0x00000000fd300000,0x00000000fd300000,0x00000000fdf00000)
  to   space 11776K, 0% used [0x00000000ff380000,0x00000000ff380000,0x00000000fff00000)
 ParOldGen       total 175104K, used 14412K [0x00000000e0000000, 0x00000000eab00000, 0x00000000f5580000)
  object space 175104K, 8% used [0x00000000e0000000,0x00000000e0e130b0,0x00000000eab00000)
 Metaspace       used 39138K, capacity 40688K, committed 40832K, reserved 1083392K
  class space    used 5597K, capacity 5962K, committed 6016K, reserved 1048576K
Event: 103.708 GC heap after
Heap after GC invocations=10 (full 2):
 PSYoungGen      total 161280K, used 9521K [0x00000000f5580000, 0x0000000100000000, 0x0000000100000000)
  eden space 149504K, 0% used [0x00000000f5580000,0x00000000f5580000,0x00000000fe780000)
  from space 11776K, 80% used [0x00000000ff380000,0x00000000ffccc780,0x00000000fff00000)
  to   space 12288K, 0% used [0x00000000fe780000,0x00000000fe780000,0x00000000ff380000)
 ParOldGen       total 175104K, used 14420K [0x00000000e0000000, 0x00000000eab00000, 0x00000000f5580000)
  object space 175104K, 8% used [0x00000000e0000000,0x00000000e0e150b0,0x00000000eab00000)
 Metaspace       used 39138K, capacity 40688K, committed 40832K, reserved 1083392K
  class space    used 5597K, capacity 5962K, committed 6016K, reserved 1048576K
}

Deoptimization events (10 events):
Event: 119.262 Thread 0x0000000016d45000 Uncommon trap: reason=unstable_if action=reinterpret pc=0x0000000003766240 method=io.spring.gradle.dependencymanagement.org.codehaus.plexus.util.xml.pull.MXParser.nextImpl()I @ 495
Event: 119.272 Thread 0x0000000016d45000 Uncommon trap: reason=class_check action=maybe_recompile pc=0x000000000377c88c method=java.lang.reflect.Field.get(Ljava/lang/Object;)Ljava/lang/Object; @ 45
Event: 119.302 Thread 0x0000000016d45000 Uncommon trap: reason=null_check action=make_not_entrant pc=0x000000000379dcf0 method=io.spring.gradle.dependencymanagement.org.apache.maven.model.io.xpp3.MavenXpp3Reader.checkFieldWithDuplicate(Lio/spring/gradle/dependencymanagement/org/codehaus/plexus/u
Event: 119.910 Thread 0x0000000016d45000 Uncommon trap: reason=unstable_if action=reinterpret pc=0x00000000038028a4 method=java.lang.String.trim()Ljava/lang/String; @ 63
Event: 119.942 Thread 0x0000000016d45000 Uncommon trap: reason=unstable_if action=reinterpret pc=0x0000000002bd2484 method=sun.nio.cs.UTF_8$Decoder.decode([BII[C)I @ 30
Event: 119.943 Thread 0x0000000016d45000 Uncommon trap: reason=unstable_if action=reinterpret pc=0x0000000002b2dba0 method=sun.nio.cs.UTF_8$Decoder.decodeArrayLoop(Ljava/nio/ByteBuffer;Ljava/nio/CharBuffer;)Ljava/nio/charset/CoderResult; @ 84
Event: 130.337 Thread 0x0000000016d45000 Uncommon trap: reason=bimorphic action=maybe_recompile pc=0x00000000037c9bd0 method=com.google.common.collect.ImmutableList.hashCode()I @ 23
Event: 130.337 Thread 0x0000000016d45000 Uncommon trap: reason=bimorphic action=maybe_recompile pc=0x00000000037c9bd0 method=com.google.common.collect.ImmutableList.hashCode()I @ 23
Event: 130.337 Thread 0x0000000016d45000 Uncommon trap: reason=bimorphic action=maybe_recompile pc=0x00000000037c9bd0 method=com.google.common.collect.ImmutableList.hashCode()I @ 23
Event: 130.337 Thread 0x0000000016d45000 Uncommon trap: reason=bimorphic action=maybe_recompile pc=0x00000000037c9bd0 method=com.google.common.collect.ImmutableList.hashCode()I @ 23

Classes redefined (0 events):
No events

Internal exceptions (10 events):
Event: 106.072 Thread 0x0000000016d34000 Exception <a 'java/lang/NoSuchMethodError': <clinit>> (0x00000000f6f0d460) thrown at [C:\re\workspace\8-2-build-windows-amd64-cygwin\jdk8u231\13620\hotspot\src\share\vm\prims\jni.cpp, line 1614]
Event: 106.072 Thread 0x0000000016d45000 Exception <a 'java/lang/ClassNotFoundException': org/gradle/api/tasks/compile/AbstractCompileCustomizer> (0x00000000f6e323f0) thrown at [C:\re\workspace\8-2-build-windows-amd64-cygwin\jdk8u231\13620\hotspot\src\share\vm\classfile\systemDictionary.cpp, lin
Event: 106.073 Thread 0x0000000016d45000 Exception <a 'java/lang/ClassNotFoundException': org/gradle/api/tasks/compile/JavaCompileCustomizer> (0x00000000f6e7f7d0) thrown at [C:\re\workspace\8-2-build-windows-amd64-cygwin\jdk8u231\13620\hotspot\src\share\vm\classfile\systemDictionary.cpp, line 21
Event: 106.074 Thread 0x0000000016d45000 Exception <a 'java/lang/ClassNotFoundException': org/gradle/api/tasks/compile/JavaCompile_DecoratedCustomizer> (0x00000000f6ecd808) thrown at [C:\re\workspace\8-2-build-windows-amd64-cygwin\jdk8u231\13620\hotspot\src\share\vm\classfile\systemDictionary.cp
Event: 106.076 Thread 0x0000000016d45000 Exception <a 'java/lang/SecurityException'> (0x00000000f6f5c828) thrown at [C:\re\workspace\8-2-build-windows-amd64-cygwin\jdk8u231\13620\hotspot\src\share\vm\prims\jvm.cpp, line 1506]
Event: 106.077 Thread 0x0000000016d45000 Exception <a 'java/lang/ClassNotFoundException': java/lang/ClassBeanInfo> (0x00000000f6f77328) thrown at [C:\re\workspace\8-2-build-windows-amd64-cygwin\jdk8u231\13620\hotspot\src\share\vm\classfile\systemDictionary.cpp, line 210]
Event: 106.077 Thread 0x0000000016d45000 Exception <a 'java/lang/ClassNotFoundException': java/lang/ClassCustomizer> (0x00000000f6f80090) thrown at [C:\re\workspace\8-2-build-windows-amd64-cygwin\jdk8u231\13620\hotspot\src\share\vm\classfile\systemDictionary.cpp, line 210]
Event: 109.613 Thread 0x0000000016c8f800 Exception <a 'java/lang/NoSuchMethodError': java.lang.Object.lambda$comparingInt$7b0bb60$1(Ljava/util/function/ToIntFunction;Ljava/lang/Object;Ljava/lang/Object;)I> (0x00000000f609b1c0) thrown at [C:\re\workspace\8-2-build-windows-amd64-cygwin\jdk8u231\13
Event: 115.454 Thread 0x0000000016d45000 Implicit null exception at 0x00000000036da38e to 0x00000000036db0ad
Event: 119.302 Thread 0x0000000016d45000 Implicit null exception at 0x000000000379c891 to 0x000000000379dcdd

Events (10 events):
Event: 130.337 Thread 0x0000000016d45000 DEOPT UNPACKING pc=0x000000000295583b sp=0x0000000018fc8ab0 mode 2
Event: 130.337 Thread 0x0000000016d45000 Uncommon trap: trap_request=0xffffffc6 fr.pc=0x00000000037c9bd0
Event: 130.337 Thread 0x0000000016d45000 DEOPT PACKING pc=0x00000000037c9bd0 sp=0x0000000018fc8a10
Event: 130.337 Thread 0x0000000016d45000 DEOPT UNPACKING pc=0x000000000295583b sp=0x0000000018fc89b0 mode 2
Event: 130.337 Thread 0x0000000016d45000 Uncommon trap: trap_request=0xffffffc6 fr.pc=0x00000000037c9bd0
Event: 130.337 Thread 0x0000000016d45000 DEOPT PACKING pc=0x00000000037c9bd0 sp=0x0000000018fc8b10
Event: 130.337 Thread 0x0000000016d45000 DEOPT UNPACKING pc=0x000000000295583b sp=0x0000000018fc8ab0 mode 2
Event: 130.337 Thread 0x0000000016d45000 Uncommon trap: trap_request=0xffffffc6 fr.pc=0x00000000037c9bd0
Event: 130.337 Thread 0x0000000016d45000 DEOPT PACKING pc=0x00000000037c9bd0 sp=0x0000000018fc8a10
Event: 130.337 Thread 0x0000000016d45000 DEOPT UNPACKING pc=0x000000000295583b sp=0x0000000018fc89b0 mode 2


Dynamic libraries:
0x00007ff692ea0000 - 0x00007ff692ed7000 	C:\Program Files\Java\jdk1.8.0_231\bin\java.exe
0x00007ffcf0940000 - 0x00007ffcf0b30000 	C:\Windows\SYSTEM32\ntdll.dll
0x00007ffceeb10000 - 0x00007ffceebc2000 	C:\Windows\System32\KERNEL32.DLL
0x00007ffcee550000 - 0x00007ffcee7f4000 	C:\Windows\System32\KERNELBASE.dll
0x00007ffcf0280000 - 0x00007ffcf0323000 	C:\Windows\System32\ADVAPI32.dll
0x00007ffcefd70000 - 0x00007ffcefe0e000 	C:\Windows\System32\msvcrt.dll
0x00007ffcf0330000 - 0x00007ffcf03c7000 	C:\Windows\System32\sechost.dll
0x00007ffcee9f0000 - 0x00007ffceeb10000 	C:\Windows\System32\RPCRT4.dll
0x00007ffcef720000 - 0x00007ffcef8b4000 	C:\Windows\System32\USER32.dll
0x00007ffcee800000 - 0x00007ffcee821000 	C:\Windows\System32\win32u.dll
0x00007ffcefa80000 - 0x00007ffcefaa6000 	C:\Windows\System32\GDI32.dll
0x00007ffcee850000 - 0x00007ffcee9e5000 	C:\Windows\System32\gdi32full.dll
0x00007ffced9e0000 - 0x00007ffceda7e000 	C:\Windows\System32\msvcp_win.dll
0x00007ffceda80000 - 0x00007ffcedb7a000 	C:\Windows\System32\ucrtbase.dll
0x00007ffcdd810000 - 0x00007ffcdda94000 	C:\Windows\WinSxS\amd64_microsoft.windows.common-controls_6595b64144ccf1df_6.0.18362.900_none_e6beb9d913147d17\COMCTL32.dll
0x00007ffceebd0000 - 0x00007ffceef05000 	C:\Windows\System32\combase.dll
0x00007ffcee300000 - 0x00007ffcee380000 	C:\Windows\System32\bcryptPrimitives.dll
0x00007ffceef30000 - 0x00007ffceef5e000 	C:\Windows\System32\IMM32.DLL
0x0000000061260000 - 0x0000000061332000 	C:\Program Files\Java\jdk1.8.0_231\jre\bin\msvcr100.dll
0x00000000609b0000 - 0x0000000061256000 	C:\Program Files\Java\jdk1.8.0_231\jre\bin\server\jvm.dll
0x00007ffcf08e0000 - 0x00007ffcf08e8000 	C:\Windows\System32\PSAPI.DLL
0x00007ffce9dd0000 - 0x00007ffce9dd9000 	C:\Windows\SYSTEM32\WSOCK32.dll
0x00007ffcf04a0000 - 0x00007ffcf050f000 	C:\Windows\System32\WS2_32.dll
0x00007ffce1030000 - 0x00007ffce1054000 	C:\Windows\SYSTEM32\WINMM.dll
0x00007ffce6e60000 - 0x00007ffce6e6a000 	C:\Windows\SYSTEM32\VERSION.dll
0x00007ffce1000000 - 0x00007ffce102d000 	C:\Windows\SYSTEM32\WINMMBASE.dll
0x00007ffcee500000 - 0x00007ffcee54a000 	C:\Windows\System32\cfgmgr32.dll
0x00007ffcdd760000 - 0x00007ffcdd76f000 	C:\Program Files\Java\jdk1.8.0_231\jre\bin\verify.dll
0x00007ffcb5020000 - 0x00007ffcb5049000 	C:\Program Files\Java\jdk1.8.0_231\jre\bin\java.dll
0x00007ffcb7420000 - 0x00007ffcb7436000 	C:\Program Files\Java\jdk1.8.0_231\jre\bin\zip.dll
0x00007ffcef030000 - 0x00007ffcef716000 	C:\Windows\System32\SHELL32.dll
0x00007ffcef9d0000 - 0x00007ffcefa79000 	C:\Windows\System32\shcore.dll
0x00007ffcedb80000 - 0x00007ffcee300000 	C:\Windows\System32\windows.storage.dll
0x00007ffced8a0000 - 0x00007ffced8c3000 	C:\Windows\System32\profapi.dll
0x00007ffced830000 - 0x00007ffced87a000 	C:\Windows\System32\powrprof.dll
0x00007ffced800000 - 0x00007ffced810000 	C:\Windows\System32\UMPDC.dll
0x00007ffcf0510000 - 0x00007ffcf0562000 	C:\Windows\System32\shlwapi.dll
0x00007ffced810000 - 0x00007ffced821000 	C:\Windows\System32\kernel.appcore.dll
0x00007ffcee830000 - 0x00007ffcee847000 	C:\Windows\System32\cryptsp.dll
0x00007ffcb52b0000 - 0x00007ffcb52ca000 	C:\Program Files\Java\jdk1.8.0_231\jre\bin\net.dll
0x00007ffced010000 - 0x00007ffced077000 	C:\Windows\system32\mswsock.dll
0x00007ffcb4b90000 - 0x00007ffcb4ba2000 	C:\Program Files\Java\jdk1.8.0_231\jre\bin\nio.dll
0x00007ffcb4ab0000 - 0x00007ffcb4ad7000 	C:\Users\bitcamp\.gradle\native\c976cfcca226fdd4bee4412e95191dd41148b7504f9625baeda1d523bc39a967\windows-amd64\native-platform.dll
0x00007ffce48b0000 - 0x00007ffce48bd000 	C:\Program Files\Java\jdk1.8.0_231\jre\bin\management.dll
0x00007ffcecb80000 - 0x00007ffcecbb3000 	C:\Windows\system32\rsaenh.dll
0x00007ffcee380000 - 0x00007ffcee3a6000 	C:\Windows\System32\bcrypt.dll
0x00007ffced720000 - 0x00007ffced745000 	C:\Windows\SYSTEM32\USERENV.dll
0x00007ffced1e0000 - 0x00007ffced1ec000 	C:\Windows\SYSTEM32\CRYPTBASE.dll
0x00007ffcecd20000 - 0x00007ffcecd5a000 	C:\Windows\SYSTEM32\IPHLPAPI.DLL
0x00007ffcf08f0000 - 0x00007ffcf08f8000 	C:\Windows\System32\NSI.dll
0x00007ffce9230000 - 0x00007ffce9246000 	C:\Windows\SYSTEM32\dhcpcsvc6.DLL
0x00007ffce9150000 - 0x00007ffce916c000 	C:\Windows\SYSTEM32\dhcpcsvc.DLL
0x00007ffcecd60000 - 0x00007ffcece2b000 	C:\Windows\SYSTEM32\DNSAPI.dll

VM Arguments:
jvm_args: -XX:MaxMetaspaceSize=256m -XX:+HeapDumpOnOutOfMemoryError -Xms256m -Xmx512m -Dfile.encoding=x-windows-949 -Duser.country=KR -Duser.language=ko -Duser.variant 
java_command: org.gradle.launcher.daemon.bootstrap.GradleDaemon 6.3
java_class_path (initial): C:\Users\bitcamp\.gradle\wrapper\dists\gradle-6.3-all\b4awcolw9l59x95tu1obfh9i8\gradle-6.3\lib\gradle-launcher-6.3.jar
Launcher Type: SUN_STANDARD

Environment Variables:
JAVA_HOME=C:\Program Files\Java\jdk1.8.0_231
PATH=C:\Windows\system32;C:\Windows;C:\Windows\System32\Wbem;C:\Windows\System32\WindowsPowerShell\v1.0\;C:\Windows\System32\OpenSSH\;C:\Program Files\Java\jdk1.8.0_231\\bin;C:\Program Files\Git\cmd;C:\Program Files\PuTTY\;C:\Program Files\TortoiseSVN\bin;C:\Program Files\VisualSVN Server\bin;C:\Program Files\MySQL\MySQL Server 8.0\bin;C:\Program Files\MySQL\MySQL Shell 8.0\bin\;C:\Users\bitcamp\AppData\Local\Microsoft\WindowsApps;C:\Program Files\Bandizip\;C:\Users\bitcamp\AppData\Local\atom\bin
USERNAME=bitcamp
OS=Windows_NT
PROCESSOR_IDENTIFIER=Intel64 Family 6 Model 60 Stepping 3, GenuineIntel



---------------  S Y S T E M  ---------------

OS: Windows 10.0 , 64 bit Build 18362 (10.0.18362.900)

CPU:total 4 (initial active 4) (4 cores per cpu, 1 threads per core) family 6 model 60 stepping 3, cmov, cx8, fxsr, mmx, sse, sse2, sse3, ssse3, sse4.1, sse4.2, popcnt, avx, avx2, aes, clmul, erms, lzcnt, tsc, tscinvbit, bmi1, bmi2

Memory: 4k page, physical 8306752k(449656k free), swap 22876732k(668k free)

vm_info: Java HotSpot(TM) 64-Bit Server VM (25.231-b11) for windows-amd64 JRE (1.8.0_231-b11), built on Oct  5 2019 03:11:30 by "java_re" with MS VC++ 10.0 (VS2010)

time: Tue Jun 23 18:22:41 2020
timezone: 대한민국 표준시
elapsed time: 130 seconds (0d 0h 2m 10s)

