#
# There is insufficient memory for the Java Runtime Environment to continue.
# Native memory allocation (malloc) failed to allocate 65552 bytes for Chunk::new
# Possible reasons:
#   The system is out of physical RAM or swap space
#   The process is running with CompressedOops enabled, and the Java Heap may be blocking the growth of the native heap
# Possible solutions:
#   Reduce memory load on the system
#   Increase physical memory or swap space
#   Check if swap backing store is full
#   Decrease Java heap size (-Xmx/-Xms)
#   Decrease number of Java threads
#   Decrease Java thread stack sizes (-Xss)
#   Set larger code cache with -XX:ReservedCodeCacheSize=
#   JVM is running with Unscaled Compressed Oops mode in which the Java heap is
#     placed in the first 4GB address space. The Java Heap base address is the
#     maximum limit for the native heap growth. Please use -XX:HeapBaseMinAddress
#     to set the Java Heap base and to place the Java Heap above 4GB virtual address.
# This output file may be truncated or incomplete.
#
#  Out of Memory Error (allocation.cpp:389), pid=9332, tid=0x0000000000002450
#
# JRE version: Java(TM) SE Runtime Environment (8.0_231-b11) (build 1.8.0_231-b11)
# Java VM: Java HotSpot(TM) 64-Bit Server VM (25.231-b11 mixed mode windows-amd64 compressed oops)
# Failed to write core dump. Minidumps are not enabled by default on client versions of Windows
#

---------------  T H R E A D  ---------------

Current thread (0x0000000013eda000):  JavaThread "C2 CompilerThread0" daemon [_thread_in_native, id=9296, stack(0x0000000015860000,0x0000000015960000)]

Stack: [0x0000000015860000,0x0000000015960000]
[error occurred during error reporting (printing stack bounds), id 0xc0000005]

Native frames: (J=compiled Java code, j=interpreted, Vv=VM code, C=native code)


Current CompileTask:
C2: 108729 6751       4       io.spring.gradle.dependencymanagement.org.codehaus.plexus.interpolation.AbstractDelegatingValueSource::getValue (11 bytes)


---------------  P R O C E S S  ---------------

Java Threads: ( => current thread )
  0x00000000199ed800 JavaThread "Cache worker for execution history cache (D:\injImportFolder\thehouse\.gradle\6.3\executionHistory)" [_thread_blocked, id=3276, stack(0x000000001ef70000,0x000000001f070000)]
  0x00000000199eb000 JavaThread "Execution worker for ':' Thread 3" [_thread_blocked, id=6224, stack(0x000000001ee70000,0x000000001ef70000)]
  0x00000000199e3000 JavaThread "Execution worker for ':' Thread 2" [_thread_blocked, id=4228, stack(0x000000001ed70000,0x000000001ee70000)]
  0x00000000199e9800 JavaThread "Execution worker for ':'" [_thread_blocked, id=12468, stack(0x000000001ec70000,0x000000001ed70000)]
  0x00000000199e2000 JavaThread "Cache worker for file content cache (D:\injImportFolder\thehouse\.gradle\6.3\fileContent)" [_thread_blocked, id=7072, stack(0x000000001eb70000,0x000000001ec70000)]
  0x00000000199e8000 JavaThread "Cache worker for file content cache (C:\Users\bitcamp\.gradle\caches\6.3\fileContent)" [_thread_blocked, id=8080, stack(0x000000001ea70000,0x000000001eb70000)]
  0x00000000199e6000 JavaThread "Memory manager" [_thread_blocked, id=5528, stack(0x000000001e970000,0x000000001ea70000)]
  0x00000000199e3800 JavaThread "Cache worker for Build Output Cleanup Cache (D:\injImportFolder\thehouse\.gradle\buildOutputCleanup)" [_thread_blocked, id=5204, stack(0x000000001e470000,0x000000001e570000)]
  0x00000000199e9000 JavaThread "Build operations Thread 4" [_thread_blocked, id=1412, stack(0x000000001e370000,0x000000001e470000)]
  0x00000000199e4800 JavaThread "Build operations Thread 3" [_thread_blocked, id=6756, stack(0x000000001e270000,0x000000001e370000)]
  0x00000000199e6800 JavaThread "Build operations Thread 2" [_thread_blocked, id=4128, stack(0x000000001e170000,0x000000001e270000)]
  0x00000000199e5000 JavaThread "Build operations" [_thread_blocked, id=9852, stack(0x000000001e070000,0x000000001e170000)]
  0x0000000016706800 JavaThread "Cache worker for execution history cache (C:\Users\bitcamp\.gradle\caches\6.3\executionHistory)" [_thread_blocked, id=1132, stack(0x000000001d370000,0x000000001d470000)]
  0x0000000016708000 JavaThread "Cache worker for cache directory md-rule (C:\Users\bitcamp\.gradle\caches\6.3\md-rule)" [_thread_blocked, id=12236, stack(0x000000001d270000,0x000000001d370000)]
  0x0000000016705800 JavaThread "Cache worker for cache directory md-supplier (C:\Users\bitcamp\.gradle\caches\6.3\md-supplier)" [_thread_blocked, id=1016, stack(0x000000001bf80000,0x000000001c080000)]
  0x0000000016707000 JavaThread "Cache worker for file hash cache (D:\injImportFolder\thehouse\.gradle\6.3\fileHashes)" [_thread_blocked, id=6944, stack(0x000000001be80000,0x000000001bf80000)]
  0x0000000016703800 JavaThread "Cache worker for checksums cache (D:\injImportFolder\thehouse\.gradle\checksums)" [_thread_blocked, id=10956, stack(0x000000001bd80000,0x000000001be80000)]
  0x000000001670a000 JavaThread "Cache worker for file hash cache (C:\Users\bitcamp\.gradle\caches\6.3\fileHashes)" [_thread_blocked, id=9144, stack(0x000000001b880000,0x000000001b980000)]
  0x0000000016705000 JavaThread "File lock release action executor" [_thread_blocked, id=9104, stack(0x000000001b780000,0x000000001b880000)]
  0x0000000016708800 JavaThread "File lock request listener" [_thread_in_native, id=12356, stack(0x00000000196e0000,0x00000000197e0000)]
  0x0000000016709800 JavaThread "Cache worker for journal cache (C:\Users\bitcamp\.gradle\caches\journal-1)" [_thread_blocked, id=3500, stack(0x00000000195e0000,0x00000000196e0000)]
  0x0000000016698000 JavaThread "Thread-9" [_thread_blocked, id=8872, stack(0x00000000192e0000,0x00000000193e0000)]
  0x0000000016226000 JavaThread "Stdin handler" [_thread_blocked, id=1460, stack(0x00000000191e0000,0x00000000192e0000)]
  0x0000000016223000 JavaThread "Asynchronous log dispatcher for DefaultDaemonConnection: socket connection from /127.0.0.1:59405 to /127.0.0.1:59411" [_thread_blocked, id=3448, stack(0x00000000190e0000,0x00000000191e0000)]
  0x000000001621a000 JavaThread "Daemon worker" [_thread_in_native, id=2868, stack(0x0000000018fe0000,0x00000000190e0000)]
  0x000000001633f000 JavaThread "Cancel handler" [_thread_blocked, id=7252, stack(0x0000000018ee0000,0x0000000018fe0000)]
  0x00000000164d9800 JavaThread "Handler for socket connection from /127.0.0.1:59405 to /127.0.0.1:59411" [_thread_in_native, id=12992, stack(0x0000000018be0000,0x0000000018ce0000)]
  0x00000000164d8800 JavaThread "Daemon" [_thread_blocked, id=4284, stack(0x0000000018ae0000,0x0000000018be0000)]
  0x00000000164be800 JavaThread "Daemon periodic checks" [_thread_blocked, id=11792, stack(0x00000000189e0000,0x0000000018ae0000)]
  0x00000000153b8800 JavaThread "Incoming local TCP Connector on port 59405" [_thread_in_native, id=7912, stack(0x0000000018800000,0x0000000018900000)]
  0x0000000017513800 JavaThread "Daemon health stats" [_thread_blocked, id=3972, stack(0x0000000018700000,0x0000000018800000)]
  0x00000000152bc000 JavaThread "Service Thread" daemon [_thread_blocked, id=1764, stack(0x0000000015b60000,0x0000000015c60000)]
  0x00000000152ba000 JavaThread "C1 CompilerThread2" daemon [_thread_blocked, id=5076, stack(0x0000000015a60000,0x0000000015b60000)]
  0x0000000013ede800 JavaThread "C2 CompilerThread1" daemon [_thread_in_native, id=7016, stack(0x0000000015960000,0x0000000015a60000)]
=>0x0000000013eda000 JavaThread "C2 CompilerThread0" daemon [_thread_in_native, id=9296, stack(0x0000000015860000,0x0000000015960000)]
  0x0000000013e8e000 JavaThread "Attach Listener" daemon [_thread_blocked, id=9164, stack(0x0000000015760000,0x0000000015860000)]
  0x0000000015268800 JavaThread "Signal Dispatcher" daemon [_thread_blocked, id=1500, stack(0x0000000015660000,0x0000000015760000)]
  0x0000000002a04800 JavaThread "Finalizer" daemon [_thread_blocked, id=7484, stack(0x00000000150d0000,0x00000000151d0000)]
  0x0000000013e6a000 JavaThread "Reference Handler" daemon [_thread_blocked, id=5456, stack(0x0000000014fd0000,0x00000000150d0000)]
  0x0000000002a5e000 JavaThread "main" [_thread_blocked, id=13080, stack(0x00000000024a0000,0x00000000025a0000)]

Other Threads:
  0x0000000013e48000 VMThread [stack: 0x0000000014ed0000,0x0000000014fd0000] [id=2016]
  0x00000000152cf800 WatcherThread [stack: 0x0000000015c60000,0x0000000015d60000] [id=10332]

VM state:not at safepoint (normal execution)

VM Mutex/Monitor currently owned by a thread: None

heap address: 0x00000000e0000000, size: 512 MB, Compressed Oops mode: 32-bit
Narrow klass base: 0x0000000000000000, Narrow klass shift: 3
Compressed class space size: 1073741824 Address: 0x0000000100000000

Heap:
 PSYoungGen      total 161792K, used 136699K [0x00000000f5580000, 0x0000000100000000, 0x0000000100000000)
  eden space 149504K, 83% used [0x00000000f5580000,0x00000000fcf02ce0,0x00000000fe780000)
  from space 12288K, 99% used [0x00000000fe780000,0x00000000ff37c040,0x00000000ff380000)
  to   space 12800K, 0% used [0x00000000ff380000,0x00000000ff380000,0x0000000100000000)
 ParOldGen       total 175104K, used 19434K [0x00000000e0000000, 0x00000000eab00000, 0x00000000f5580000)
  object space 175104K, 11% used [0x00000000e0000000,0x00000000e12fa9e0,0x00000000eab00000)
 Metaspace       used 44571K, capacity 46506K, committed 46592K, reserved 1089536K
  class space    used 6223K, capacity 6626K, committed 6656K, reserved 1048576K

Card table byte_map: [0x0000000011e20000,0x0000000011f30000] byte_map_base: 0x0000000011720000

Marking Bits: (ParMarkBitMap*) 0x00000000611d6d90
 Begin Bits: [0x00000000123e0000, 0x0000000012be0000)
 End Bits:   [0x0000000012be0000, 0x00000000133e0000)

Polling page: 0x0000000000b50000

CodeCache: size=245760Kb used=19455Kb max_used=19467Kb free=226304Kb
 bounds [0x0000000002a60000, 0x0000000003d90000, 0x0000000011a60000]
 total_blobs=6593 nmethods=5870 adapters=634
 compilation: enabled

Compilation events (10 events):
Event: 101.820 Thread 0x00000000152ba000 6746       3       org.gradle.launcher.daemon.registry.DaemonStopEvent$Serializer::read (73 bytes)
Event: 101.821 Thread 0x00000000152ba000 nmethod 6746 0x0000000003902e90 code [0x00000000039030a0, 0x0000000003903b28]
Event: 101.865 Thread 0x00000000152ba000 6748       3       org.gradle.api.internal.artifacts.ivyservice.resolveengine.graph.builder.ComponentState::<init> (105 bytes)
Event: 101.866 Thread 0x00000000152ba000 nmethod 6748 0x0000000003901790 code [0x00000000039019c0, 0x0000000003902638]
Event: 101.900 Thread 0x00000000152ba000 6749       3       org.gradle.internal.component.external.model.NoOpDerivationStrategy::<init> (5 bytes)
Event: 101.900 Thread 0x00000000152ba000 nmethod 6749 0x00000000039013d0 code [0x0000000003901520, 0x00000000039016d0]
Event: 107.342 Thread 0x0000000013ede800 6750   !   4       sun.nio.ch.NativeThreadSet::add (155 bytes)
Event: 107.344 Thread 0x0000000013ede800 nmethod 6750 0x0000000003900dd0 code [0x0000000003900f20, 0x00000000039011f8]
Event: 108.690 Thread 0x0000000013eda000 6751       4       io.spring.gradle.dependencymanagement.org.codehaus.plexus.interpolation.AbstractDelegatingValueSource::getValue (11 bytes)
Event: 108.691 Thread 0x0000000013ede800 6752       4       io.spring.gradle.dependencymanagement.org.codehaus.plexus.interpolation.PrefixedValueSourceWrapper::getValue (39 bytes)

GC Heap History (10 events):
Event: 28.189 GC heap before
{Heap before GC invocations=7 (full 1):
 PSYoungGen      total 76288K, used 73830K [0x00000000f5580000, 0x00000000feb00000, 0x0000000100000000)
  eden space 65536K, 100% used [0x00000000f5580000,0x00000000f9580000,0x00000000f9580000)
  from space 10752K, 77% used [0x00000000f9580000,0x00000000f9d99890,0x00000000fa000000)
  to   space 12288K, 0% used [0x00000000fdf00000,0x00000000fdf00000,0x00000000feb00000)
 ParOldGen       total 175104K, used 6936K [0x00000000e0000000, 0x00000000eab00000, 0x00000000f5580000)
  object space 175104K, 3% used [0x00000000e0000000,0x00000000e06c6140,0x00000000eab00000)
 Metaspace       used 32819K, capacity 33724K, committed 34048K, reserved 1079296K
  class space    used 4584K, capacity 4812K, committed 4864K, reserved 1048576K
Event: 28.304 GC heap after
Heap after GC invocations=7 (full 1):
 PSYoungGen      total 140800K, used 9223K [0x00000000f5580000, 0x00000000feb00000, 0x0000000100000000)
  eden space 128512K, 0% used [0x00000000f5580000,0x00000000f5580000,0x00000000fd300000)
  from space 12288K, 75% used [0x00000000fdf00000,0x00000000fe801ea0,0x00000000feb00000)
  to   space 12288K, 0% used [0x00000000fd300000,0x00000000fd300000,0x00000000fdf00000)
 ParOldGen       total 175104K, used 6944K [0x00000000e0000000, 0x00000000eab00000, 0x00000000f5580000)
  object space 175104K, 3% used [0x00000000e0000000,0x00000000e06c8140,0x00000000eab00000)
 Metaspace       used 32819K, capacity 33724K, committed 34048K, reserved 1079296K
  class space    used 4584K, capacity 4812K, committed 4864K, reserved 1048576K
}
Event: 30.354 GC heap before
{Heap before GC invocations=8 (full 1):
 PSYoungGen      total 140800K, used 42459K [0x00000000f5580000, 0x00000000feb00000, 0x0000000100000000)
  eden space 128512K, 25% used [0x00000000f5580000,0x00000000f75f4ea0,0x00000000fd300000)
  from space 12288K, 75% used [0x00000000fdf00000,0x00000000fe801ea0,0x00000000feb00000)
  to   space 12288K, 0% used [0x00000000fd300000,0x00000000fd300000,0x00000000fdf00000)
 ParOldGen       total 175104K, used 6944K [0x00000000e0000000, 0x00000000eab00000, 0x00000000f5580000)
  object space 175104K, 3% used [0x00000000e0000000,0x00000000e06c8140,0x00000000eab00000)
 Metaspace       used 34422K, capacity 35410K, committed 35496K, reserved 1079296K
  class space    used 4824K, capacity 5085K, committed 5120K, reserved 1048576K
Event: 30.390 GC heap after
Heap after GC invocations=8 (full 1):
 PSYoungGen      total 140800K, used 7876K [0x00000000f5580000, 0x00000000fff00000, 0x0000000100000000)
  eden space 128512K, 0% used [0x00000000f5580000,0x00000000f5580000,0x00000000fd300000)
  from space 12288K, 64% used [0x00000000fd300000,0x00000000fdab13f0,0x00000000fdf00000)
  to   space 11776K, 0% used [0x00000000ff380000,0x00000000ff380000,0x00000000fff00000)
 ParOldGen       total 175104K, used 6952K [0x00000000e0000000, 0x00000000eab00000, 0x00000000f5580000)
  object space 175104K, 3% used [0x00000000e0000000,0x00000000e06ca140,0x00000000eab00000)
 Metaspace       used 34422K, capacity 35410K, committed 35496K, reserved 1079296K
  class space    used 4824K, capacity 5085K, committed 5120K, reserved 1048576K
}
Event: 30.390 GC heap before
{Heap before GC invocations=9 (full 2):
 PSYoungGen      total 140800K, used 7876K [0x00000000f5580000, 0x00000000fff00000, 0x0000000100000000)
  eden space 128512K, 0% used [0x00000000f5580000,0x00000000f5580000,0x00000000fd300000)
  from space 12288K, 64% used [0x00000000fd300000,0x00000000fdab13f0,0x00000000fdf00000)
  to   space 11776K, 0% used [0x00000000ff380000,0x00000000ff380000,0x00000000fff00000)
 ParOldGen       total 175104K, used 6952K [0x00000000e0000000, 0x00000000eab00000, 0x00000000f5580000)
  object space 175104K, 3% used [0x00000000e0000000,0x00000000e06ca140,0x00000000eab00000)
 Metaspace       used 34422K, capacity 35410K, committed 35496K, reserved 1079296K
  class space    used 4824K, capacity 5085K, committed 5120K, reserved 1048576K
Event: 30.494 GC heap after
Heap after GC invocations=9 (full 2):
 PSYoungGen      total 140800K, used 0K [0x00000000f5580000, 0x00000000fff00000, 0x0000000100000000)
  eden space 128512K, 0% used [0x00000000f5580000,0x00000000f5580000,0x00000000fd300000)
  from space 12288K, 0% used [0x00000000fd300000,0x00000000fd300000,0x00000000fdf00000)
  to   space 11776K, 0% used [0x00000000ff380000,0x00000000ff380000,0x00000000fff00000)
 ParOldGen       total 175104K, used 14432K [0x00000000e0000000, 0x00000000eab00000, 0x00000000f5580000)
  object space 175104K, 8% used [0x00000000e0000000,0x00000000e0e182b0,0x00000000eab00000)
 Metaspace       used 34422K, capacity 35410K, committed 35496K, reserved 1079296K
  class space    used 4824K, capacity 5085K, committed 5120K, reserved 1048576K
}
Event: 35.303 GC heap before
{Heap before GC invocations=10 (full 2):
 PSYoungGen      total 140800K, used 128512K [0x00000000f5580000, 0x00000000fff00000, 0x0000000100000000)
  eden space 128512K, 100% used [0x00000000f5580000,0x00000000fd300000,0x00000000fd300000)
  from space 12288K, 0% used [0x00000000fd300000,0x00000000fd300000,0x00000000fdf00000)
  to   space 11776K, 0% used [0x00000000ff380000,0x00000000ff380000,0x00000000fff00000)
 ParOldGen       total 175104K, used 14432K [0x00000000e0000000, 0x00000000eab00000, 0x00000000f5580000)
  object space 175104K, 8% used [0x00000000e0000000,0x00000000e0e182b0,0x00000000eab00000)
 Metaspace       used 40456K, capacity 42216K, committed 42368K, reserved 1085440K
  class space    used 5812K, capacity 6189K, committed 6272K, reserved 1048576K
Event: 35.312 GC heap after
Heap after GC invocations=10 (full 2):
 PSYoungGen      total 161280K, used 10462K [0x00000000f5580000, 0x0000000100000000, 0x0000000100000000)
  eden space 149504K, 0% used [0x00000000f5580000,0x00000000f5580000,0x00000000fe780000)
  from space 11776K, 88% used [0x00000000ff380000,0x00000000ffdb7b90,0x00000000fff00000)
  to   space 12288K, 0% used [0x00000000fe780000,0x00000000fe780000,0x00000000ff380000)
 ParOldGen       total 175104K, used 14440K [0x00000000e0000000, 0x00000000eab00000, 0x00000000f5580000)
  object space 175104K, 8% used [0x00000000e0000000,0x00000000e0e1a2b0,0x00000000eab00000)
 Metaspace       used 40456K, capacity 42216K, committed 42368K, reserved 1085440K
  class space    used 5812K, capacity 6189K, committed 6272K, reserved 1048576K
}
Event: 53.019 GC heap before
{Heap before GC invocations=11 (full 2):
 PSYoungGen      total 161280K, used 159966K [0x00000000f5580000, 0x0000000100000000, 0x0000000100000000)
  eden space 149504K, 100% used [0x00000000f5580000,0x00000000fe780000,0x00000000fe780000)
  from space 11776K, 88% used [0x00000000ff380000,0x00000000ffdb7b90,0x00000000fff00000)
  to   space 12288K, 0% used [0x00000000fe780000,0x00000000fe780000,0x00000000ff380000)
 ParOldGen       total 175104K, used 14440K [0x00000000e0000000, 0x00000000eab00000, 0x00000000f5580000)
  object space 175104K, 8% used [0x00000000e0000000,0x00000000e0e1a2b0,0x00000000eab00000)
 Metaspace       used 44383K, capacity 46394K, committed 46592K, reserved 1089536K
  class space    used 6218K, capacity 6618K, committed 6656K, reserved 1048576K
Event: 53.036 GC heap after
Heap after GC invocations=11 (full 2):
 PSYoungGen      total 161792K, used 12272K [0x00000000f5580000, 0x0000000100000000, 0x0000000100000000)
  eden space 149504K, 0% used [0x00000000f5580000,0x00000000f5580000,0x00000000fe780000)
  from space 12288K, 99% used [0x00000000fe780000,0x00000000ff37c040,0x00000000ff380000)
  to   space 12800K, 0% used [0x00000000ff380000,0x00000000ff380000,0x0000000100000000)
 ParOldGen       total 175104K, used 19434K [0x00000000e0000000, 0x00000000eab00000, 0x00000000f5580000)
  object space 175104K, 11% used [0x00000000e0000000,0x00000000e12fa9e0,0x00000000eab00000)
 Metaspace       used 44383K, capacity 46394K, committed 46592K, reserved 1089536K
  class space    used 6218K, capacity 6618K, committed 6656K, reserved 1048576K
}

Deoptimization events (10 events):
Event: 52.761 Thread 0x000000001621a000 Uncommon trap: reason=class_check action=maybe_recompile pc=0x00000000035917f4 method=io.spring.gradle.dependencymanagement.org.apache.maven.model.interpolation.StringSearchModelInterpolator$InterpolateObjectAction.interpolateMapField(Ljava/lang/Object;Lj
Event: 52.774 Thread 0x000000001621a000 Uncommon trap: reason=unstable_if action=reinterpret pc=0x000000000351cdc0 method=io.spring.gradle.dependencymanagement.org.codehaus.plexus.util.xml.pull.MXParser.nextImpl()I @ 1154
Event: 52.982 Thread 0x000000001621a000 Uncommon trap: reason=unstable_if action=reinterpret pc=0x00000000030303e4 method=java.util.regex.Pattern$Curly.match(Ljava/util/regex/Matcher;ILjava/lang/CharSequence;)Z @ 45
Event: 52.982 Thread 0x000000001621a000 Uncommon trap: reason=class_check action=maybe_recompile pc=0x0000000002cfe41c method=io.spring.gradle.dependencymanagement.org.codehaus.plexus.interpolation.MapBasedValueSource.getValue(Ljava/lang/String;)Ljava/lang/Object; @ 16
Event: 52.982 Thread 0x000000001621a000 Uncommon trap: reason=class_check action=maybe_recompile pc=0x0000000002cfe41c method=io.spring.gradle.dependencymanagement.org.codehaus.plexus.interpolation.MapBasedValueSource.getValue(Ljava/lang/String;)Ljava/lang/Object; @ 16
Event: 53.037 Thread 0x000000001621a000 Uncommon trap: reason=class_check action=maybe_recompile pc=0x0000000002cfe41c method=io.spring.gradle.dependencymanagement.org.codehaus.plexus.interpolation.MapBasedValueSource.getValue(Ljava/lang/String;)Ljava/lang/Object; @ 16
Event: 53.037 Thread 0x000000001621a000 Uncommon trap: reason=class_check action=maybe_recompile pc=0x0000000002cfe41c method=io.spring.gradle.dependencymanagement.org.codehaus.plexus.interpolation.MapBasedValueSource.getValue(Ljava/lang/String;)Ljava/lang/Object; @ 16
Event: 53.040 Thread 0x000000001621a000 Uncommon trap: reason=null_check action=make_not_entrant pc=0x0000000002dad840 method=io.spring.gradle.dependencymanagement.org.apache.maven.model.validation.DefaultModelValidator.validateEffectiveDependency(Lio/spring/gradle/dependencymanagement/org/apac
Event: 63.167 Thread 0x000000001621a000 Uncommon trap: reason=unstable_if action=reinterpret pc=0x00000000034f0d18 method=io.spring.gradle.dependencymanagement.org.apache.maven.model.validation.DefaultModelValidator.validateNotNull(Ljava/lang/String;Lio/spring/gradle/dependencymanagement/org/ap
Event: 70.431 Thread 0x000000001621a000 Uncommon trap: reason=unstable_if action=reinterpret pc=0x0000000003d15d94 method=io.spring.gradle.dependencymanagement.org.apache.maven.model.validation.DefaultModelValidator.validateEffectiveDependency(Lio/spring/gradle/dependencymanagement/org/apache/m

Classes redefined (0 events):
No events

Internal exceptions (10 events):
Event: 35.587 Thread 0x000000001621a000 Exception <a 'java/lang/ClassNotFoundException': org/gradle/api/tasks/compile/JavaCompileCustomizer> (0x00000000f67cef40) thrown at [C:\re\workspace\8-2-build-windows-amd64-cygwin\jdk8u231\13620\hotspot\src\share\vm\classfile\systemDictionary.cpp, line 21
Event: 35.588 Thread 0x000000001621a000 Exception <a 'java/lang/ClassNotFoundException': org/gradle/api/tasks/compile/JavaCompile_DecoratedCustomizer> (0x00000000f681cf88) thrown at [C:\re\workspace\8-2-build-windows-amd64-cygwin\jdk8u231\13620\hotspot\src\share\vm\classfile\systemDictionary.cp
Event: 35.590 Thread 0x000000001621a000 Exception <a 'java/lang/SecurityException'> (0x00000000f688a808) thrown at [C:\re\workspace\8-2-build-windows-amd64-cygwin\jdk8u231\13620\hotspot\src\share\vm\prims\jvm.cpp, line 1506]
Event: 35.591 Thread 0x000000001621a000 Exception <a 'java/lang/ClassNotFoundException': java/lang/ClassBeanInfo> (0x00000000f68a5308) thrown at [C:\re\workspace\8-2-build-windows-amd64-cygwin\jdk8u231\13620\hotspot\src\share\vm\classfile\systemDictionary.cpp, line 210]
Event: 35.591 Thread 0x000000001621a000 Exception <a 'java/lang/ClassNotFoundException': java/lang/ClassCustomizer> (0x00000000f68ae070) thrown at [C:\re\workspace\8-2-build-windows-amd64-cygwin\jdk8u231\13620\hotspot\src\share\vm\classfile\systemDictionary.cpp, line 210]
Event: 40.306 Thread 0x00000000199e6000 Exception <a 'java/lang/NoSuchMethodError': java.lang.Object.lambda$comparingInt$7b0bb60$1(Ljava/util/function/ToIntFunction;Ljava/lang/Object;Ljava/lang/Object;)I> (0x00000000f7d8ea38) thrown at [C:\re\workspace\8-2-build-windows-amd64-cygwin\jdk8u231\13
Event: 44.144 Thread 0x000000001621a000 Implicit null exception at 0x000000000380a7de to 0x000000000380b45d
Event: 44.225 Thread 0x000000001621a000 Implicit null exception at 0x00000000038898d1 to 0x000000000388ad15
Event: 53.040 Thread 0x000000001621a000 Implicit null exception at 0x0000000002dac64c to 0x0000000002dad831
Event: 63.167 Thread 0x000000001621a000 Implicit null exception at 0x00000000034f0cac to 0x00000000034f0cf5

Events (10 events):
Event: 101.865 Executing VM operation: RevokeBias
Event: 101.865 Executing VM operation: RevokeBias done
Event: 101.867 Executing VM operation: RevokeBias
Event: 101.867 Executing VM operation: RevokeBias done
Event: 102.020 Executing VM operation: RevokeBias
Event: 102.021 Executing VM operation: RevokeBias done
Event: 102.021 Executing VM operation: RevokeBias
Event: 102.021 Executing VM operation: RevokeBias done
Event: 102.021 Executing VM operation: RevokeBias
Event: 102.021 Executing VM operation: RevokeBias done


Dynamic libraries:
0x00007ff692ea0000 - 0x00007ff692ed7000 	C:\Program Files\Java\jdk1.8.0_231\bin\java.exe
0x00007ffcf0940000 - 0x00007ffcf0b30000 	C:\Windows\SYSTEM32\ntdll.dll
0x00007ffceeb10000 - 0x00007ffceebc2000 	C:\Windows\System32\KERNEL32.DLL
0x00007ffcee550000 - 0x00007ffcee7f4000 	C:\Windows\System32\KERNELBASE.dll
0x00007ffcf0280000 - 0x00007ffcf0323000 	C:\Windows\System32\ADVAPI32.dll
0x00007ffcefd70000 - 0x00007ffcefe0e000 	C:\Windows\System32\msvcrt.dll
0x00007ffcf0330000 - 0x00007ffcf03c7000 	C:\Windows\System32\sechost.dll
0x00007ffcee9f0000 - 0x00007ffceeb10000 	C:\Windows\System32\RPCRT4.dll
0x00007ffcef720000 - 0x00007ffcef8b4000 	C:\Windows\System32\USER32.dll
0x00007ffcee800000 - 0x00007ffcee821000 	C:\Windows\System32\win32u.dll
0x00007ffcefa80000 - 0x00007ffcefaa6000 	C:\Windows\System32\GDI32.dll
0x00007ffcee850000 - 0x00007ffcee9e5000 	C:\Windows\System32\gdi32full.dll
0x00007ffced9e0000 - 0x00007ffceda7e000 	C:\Windows\System32\msvcp_win.dll
0x00007ffceda80000 - 0x00007ffcedb7a000 	C:\Windows\System32\ucrtbase.dll
0x00007ffcdd810000 - 0x00007ffcdda94000 	C:\Windows\WinSxS\amd64_microsoft.windows.common-controls_6595b64144ccf1df_6.0.18362.900_none_e6beb9d913147d17\COMCTL32.dll
0x00007ffceebd0000 - 0x00007ffceef05000 	C:\Windows\System32\combase.dll
0x00007ffcee300000 - 0x00007ffcee380000 	C:\Windows\System32\bcryptPrimitives.dll
0x00007ffceef30000 - 0x00007ffceef5e000 	C:\Windows\System32\IMM32.DLL
0x0000000061260000 - 0x0000000061332000 	C:\Program Files\Java\jdk1.8.0_231\jre\bin\msvcr100.dll
0x00000000609b0000 - 0x0000000061256000 	C:\Program Files\Java\jdk1.8.0_231\jre\bin\server\jvm.dll
0x00007ffcf08e0000 - 0x00007ffcf08e8000 	C:\Windows\System32\PSAPI.DLL
0x00007ffce9dd0000 - 0x00007ffce9dd9000 	C:\Windows\SYSTEM32\WSOCK32.dll
0x00007ffcf04a0000 - 0x00007ffcf050f000 	C:\Windows\System32\WS2_32.dll
0x00007ffce1030000 - 0x00007ffce1054000 	C:\Windows\SYSTEM32\WINMM.dll
0x00007ffce6e60000 - 0x00007ffce6e6a000 	C:\Windows\SYSTEM32\VERSION.dll
0x00007ffce1000000 - 0x00007ffce102d000 	C:\Windows\SYSTEM32\WINMMBASE.dll
0x00007ffcee500000 - 0x00007ffcee54a000 	C:\Windows\System32\cfgmgr32.dll
0x00007ffcdd760000 - 0x00007ffcdd76f000 	C:\Program Files\Java\jdk1.8.0_231\jre\bin\verify.dll
0x00007ffcb5020000 - 0x00007ffcb5049000 	C:\Program Files\Java\jdk1.8.0_231\jre\bin\java.dll
0x00007ffcb7420000 - 0x00007ffcb7436000 	C:\Program Files\Java\jdk1.8.0_231\jre\bin\zip.dll
0x00007ffcef030000 - 0x00007ffcef716000 	C:\Windows\System32\SHELL32.dll
0x00007ffcef9d0000 - 0x00007ffcefa79000 	C:\Windows\System32\shcore.dll
0x00007ffcedb80000 - 0x00007ffcee300000 	C:\Windows\System32\windows.storage.dll
0x00007ffced8a0000 - 0x00007ffced8c3000 	C:\Windows\System32\profapi.dll
0x00007ffced830000 - 0x00007ffced87a000 	C:\Windows\System32\powrprof.dll
0x00007ffced800000 - 0x00007ffced810000 	C:\Windows\System32\UMPDC.dll
0x00007ffcf0510000 - 0x00007ffcf0562000 	C:\Windows\System32\shlwapi.dll
0x00007ffced810000 - 0x00007ffced821000 	C:\Windows\System32\kernel.appcore.dll
0x00007ffcee830000 - 0x00007ffcee847000 	C:\Windows\System32\cryptsp.dll
0x00007ffcb52b0000 - 0x00007ffcb52ca000 	C:\Program Files\Java\jdk1.8.0_231\jre\bin\net.dll
0x00007ffced010000 - 0x00007ffced077000 	C:\Windows\system32\mswsock.dll
0x00007ffcb4b90000 - 0x00007ffcb4ba2000 	C:\Program Files\Java\jdk1.8.0_231\jre\bin\nio.dll
0x00007ffcb4ab0000 - 0x00007ffcb4ad7000 	C:\Users\bitcamp\.gradle\native\c976cfcca226fdd4bee4412e95191dd41148b7504f9625baeda1d523bc39a967\windows-amd64\native-platform.dll
0x00007ffce48b0000 - 0x00007ffce48bd000 	C:\Program Files\Java\jdk1.8.0_231\jre\bin\management.dll
0x00007ffcecb80000 - 0x00007ffcecbb3000 	C:\Windows\system32\rsaenh.dll
0x00007ffcee380000 - 0x00007ffcee3a6000 	C:\Windows\System32\bcrypt.dll
0x00007ffced720000 - 0x00007ffced745000 	C:\Windows\SYSTEM32\USERENV.dll
0x00007ffced1e0000 - 0x00007ffced1ec000 	C:\Windows\SYSTEM32\CRYPTBASE.dll
0x00007ffcecd20000 - 0x00007ffcecd5a000 	C:\Windows\SYSTEM32\IPHLPAPI.DLL
0x00007ffcf08f0000 - 0x00007ffcf08f8000 	C:\Windows\System32\NSI.dll
0x00007ffce9230000 - 0x00007ffce9246000 	C:\Windows\SYSTEM32\dhcpcsvc6.DLL
0x00007ffce9150000 - 0x00007ffce916c000 	C:\Windows\SYSTEM32\dhcpcsvc.DLL
0x00007ffcecd60000 - 0x00007ffcece2b000 	C:\Windows\SYSTEM32\DNSAPI.dll

VM Arguments:
jvm_args: -XX:MaxMetaspaceSize=256m -XX:+HeapDumpOnOutOfMemoryError -Xms256m -Xmx512m -Dfile.encoding=x-windows-949 -Duser.country=KR -Duser.language=ko -Duser.variant 
java_command: org.gradle.launcher.daemon.bootstrap.GradleDaemon 6.3
java_class_path (initial): C:\Users\bitcamp\.gradle\wrapper\dists\gradle-6.3-all\b4awcolw9l59x95tu1obfh9i8\gradle-6.3\lib\gradle-launcher-6.3.jar
Launcher Type: SUN_STANDARD

Environment Variables:
JAVA_HOME=C:\Program Files\Java\jdk1.8.0_231
PATH=C:\Windows\system32;C:\Windows;C:\Windows\System32\Wbem;C:\Windows\System32\WindowsPowerShell\v1.0\;C:\Windows\System32\OpenSSH\;C:\Program Files\Java\jdk1.8.0_231\\bin;C:\Program Files\Git\cmd;C:\Program Files\PuTTY\;C:\Program Files\TortoiseSVN\bin;C:\Program Files\VisualSVN Server\bin;C:\Program Files\MySQL\MySQL Server 8.0\bin;C:\Program Files\MySQL\MySQL Shell 8.0\bin\;C:\Users\bitcamp\AppData\Local\Microsoft\WindowsApps;C:\Program Files\Bandizip\;C:\Users\bitcamp\AppData\Local\atom\bin
USERNAME=bitcamp
OS=Windows_NT
PROCESSOR_IDENTIFIER=Intel64 Family 6 Model 60 Stepping 3, GenuineIntel



---------------  S Y S T E M  ---------------

OS: Windows 10.0 , 64 bit Build 18362 (10.0.18362.900)

CPU:total 4 (initial active 4) (4 cores per cpu, 1 threads per core) family 6 model 60 stepping 3, cmov, cx8, fxsr, mmx, sse, sse2, sse3, ssse3, sse4.1, sse4.2, popcnt, avx, avx2, aes, clmul, erms, lzcnt, tsc, tscinvbit, bmi1, bmi2

Memory: 4k page, physical 8306752k(132772k free), swap 22876732k(964k free)

vm_info: Java HotSpot(TM) 64-Bit Server VM (25.231-b11) for windows-amd64 JRE (1.8.0_231-b11), built on Oct  5 2019 03:11:30 by "java_re" with MS VC++ 10.0 (VS2010)

time: Tue Jun 23 18:21:00 2020
timezone: 대한민국 표준시
elapsed time: 108 seconds (0d 0h 1m 48s)

